# JRE version: Java(TM) SE Runtime Environment (8.0_40-b27) (build 1.8.0_40-b27)
# Java VM: Java HotSpot(TM) 64-Bit Server VM (25.40-b25 mixed mode bsd-amd64 compressed oops)
Heap:
 PSYoungGen      total 38400K, used 15543K [0x00000007aab00000, 0x00000007add00000, 0x00000007c0000000)
  eden space 26624K, 58% used [0x00000007aab00000,0x00000007aba2de68,0x00000007ac500000)
  from space 11776K, 0% used [0x00000007ad100000,0x00000007ad100000,0x00000007adc80000)
  to   space 12288K, 0% used [0x00000007ac500000,0x00000007ac500000,0x00000007ad100000)
 ParOldGen       total 41984K, used 17228K [0x0000000780000000, 0x0000000782900000, 0x00000007aab00000)
  object space 41984K, 41% used [0x0000000780000000,0x00000007810d3000,0x0000000782900000)
 Metaspace       used 29149K, capacity 30668K, committed 30720K, reserved 1075200K
  class space    used 4046K, capacity 4335K, committed 4352K, reserved 1048576K
GC Heap History (10 events):
Event: 202.901 GC heap before
{Heap before GC invocations=8 (full 1):
 PSYoungGen      total 36352K, used 36272K [0x00000007aab00000, 0x00000007ad780000, 0x00000007c0000000)
  eden space 29696K, 100% used [0x00000007aab00000,0x00000007ac800000,0x00000007ac800000)
  from space 6656K, 98% used [0x00000007acf80000,0x00000007ad5ec030,0x00000007ad600000)
  to   space 7680K, 0% used [0x00000007ac800000,0x00000007ac800000,0x00000007acf80000)
 ParOldGen       total 30208K, used 10087K [0x0000000780000000, 0x0000000781d80000, 0x00000007aab00000)
  object space 30208K, 33% used [0x0000000780000000,0x00000007809d9da8,0x0000000781d80000)
 Metaspace       used 28181K, capacity 29628K, committed 29952K, reserved 1075200K
  class space    used 4009K, capacity 4265K, committed 4352K, reserved 1048576K
Event: 202.971 GC heap after
Heap after GC invocations=8 (full 1):
 PSYoungGen      total 36864K, used 7648K [0x00000007aab00000, 0x00000007adc80000, 0x00000007c0000000)
  eden space 29184K, 0% used [0x00000007aab00000,0x00000007aab00000,0x00000007ac780000)
  from space 7680K, 99% used [0x00000007ac800000,0x00000007acf78010,0x00000007acf80000)
  to   space 10752K, 0% used [0x00000007ad200000,0x00000007ad200000,0x00000007adc80000)
 ParOldGen       total 30208K, used 13882K [0x0000000780000000, 0x0000000781d80000, 0x00000007aab00000)
  object space 30208K, 45% used [0x0000000780000000,0x0000000780d8ea08,0x0000000781d80000)
 Metaspace       used 28181K, capacity 29628K, committed 29952K, reserved 1075200K
  class space    used 4009K, capacity 4265K, committed 4352K, reserved 1048576K
}
Event: 209.881 GC heap before
{Heap before GC invocations=9 (full 1):
 PSYoungGen      total 36864K, used 36832K [0x00000007aab00000, 0x00000007adc80000, 0x00000007c0000000)
  eden space 29184K, 100% used [0x00000007aab00000,0x00000007ac780000,0x00000007ac780000)
  from space 7680K, 99% used [0x00000007ac800000,0x00000007acf78010,0x00000007acf80000)
  to   space 10752K, 0% used [0x00000007ad200000,0x00000007ad200000,0x00000007adc80000)
 ParOldGen       total 30208K, used 13882K [0x0000000780000000, 0x0000000781d80000, 0x00000007aab00000)
  object space 30208K, 45% used [0x0000000780000000,0x0000000780d8ea08,0x0000000781d80000)
 Metaspace       used 28607K, capacity 30094K, committed 30208K, reserved 1075200K
  class space    used 4020K, capacity 4308K, committed 4352K, reserved 1048576K
Event: 209.924 GC heap after
Heap after GC invocations=9 (full 1):
 PSYoungGen      total 38400K, used 10624K [0x00000007aab00000, 0x00000007adf00000, 0x00000007c0000000)
  eden space 27648K, 0% used [0x00000007aab00000,0x00000007aab00000,0x00000007ac600000)
  from space 10752K, 98% used [0x00000007ad200000,0x00000007adc60010,0x00000007adc80000)
  to   space 12288K, 0% used [0x00000007ac600000,0x00000007ac600000,0x00000007ad200000)
 ParOldGen       total 30208K, used 13890K [0x0000000780000000, 0x0000000781d80000, 0x00000007aab00000)
  object space 30208K, 45% used [0x0000000780000000,0x0000000780d90a08,0x0000000781d80000)
 Metaspace       used 28607K, capacity 30094K, committed 30208K, reserved 1075200K
  class space    used 4020K, capacity 4308K, committed 4352K, reserved 1048576K
}
Event: 341.290 GC heap before
{Heap before GC invocations=10 (full 1):
 PSYoungGen      total 38400K, used 38272K [0x00000007aab00000, 0x00000007adf00000, 0x00000007c0000000)
  eden space 27648K, 100% used [0x00000007aab00000,0x00000007ac600000,0x00000007ac600000)
  from space 10752K, 98% used [0x00000007ad200000,0x00000007adc60010,0x00000007adc80000)
  to   space 12288K, 0% used [0x00000007ac600000,0x00000007ac600000,0x00000007ad200000)
 ParOldGen       total 30208K, used 13890K [0x0000000780000000, 0x0000000781d80000, 0x00000007aab00000)
  object space 30208K, 45% used [0x0000000780000000,0x0000000780d90a08,0x0000000781d80000)
 Metaspace       used 28842K, capacity 30316K, committed 30464K, reserved 1075200K
  class space    used 4023K, capacity 4311K, committed 4352K, reserved 1048576K
Event: 341.337 GC heap after
Heap after GC invocations=10 (full 1):
 PSYoungGen      total 33792K, used 6624K [0x00000007aab00000, 0x00000007adc80000, 0x00000007c0000000)
  eden space 27136K, 0% used [0x00000007aab00000,0x00000007aab00000,0x00000007ac580000)
  from space 6656K, 99% used [0x00000007ac600000,0x00000007acc78000,0x00000007acc80000)
  to   space 11776K, 0% used [0x00000007ad100000,0x00000007ad100000,0x00000007adc80000)
 ParOldGen       total 30208K, used 17860K [0x0000000780000000, 0x0000000781d80000, 0x00000007aab00000)
  object space 30208K, 59% used [0x0000000780000000,0x0000000781171248,0x0000000781d80000)
 Metaspace       used 28842K, capacity 30316K, committed 30464K, reserved 1075200K
  class space    used 4023K, capacity 4311K, committed 4352K, reserved 1048576K
}
Event: 500.854 GC heap before
{Heap before GC invocations=11 (full 1):
 PSYoungGen      total 33792K, used 33760K [0x00000007aab00000, 0x00000007adc80000, 0x00000007c0000000)
  eden space 27136K, 100% used [0x00000007aab00000,0x00000007ac580000,0x00000007ac580000)
  from space 6656K, 99% used [0x00000007ac600000,0x00000007acc78000,0x00000007acc80000)
  to   space 11776K, 0% used [0x00000007ad100000,0x00000007ad100000,0x00000007adc80000)
 ParOldGen       total 30208K, used 17860K [0x0000000780000000, 0x0000000781d80000, 0x00000007aab00000)
  object space 30208K, 59% used [0x0000000780000000,0x0000000781171248,0x0000000781d80000)
 Metaspace       used 29067K, capacity 30584K, committed 30720K, reserved 1075200K
  class space    used 4033K, capacity 4313K, committed 4352K, reserved 1048576K
Event: 500.884 GC heap after
Heap after GC invocations=11 (full 1):
 PSYoungGen      total 38400K, used 1120K [0x00000007aab00000, 0x00000007add00000, 0x00000007c0000000)
  eden space 26624K, 0% used [0x00000007aab00000,0x00000007aab00000,0x00000007ac500000)
  from space 11776K, 9% used [0x00000007ad100000,0x00000007ad218000,0x00000007adc80000)
  to   space 12288K, 0% used [0x00000007ac500000,0x00000007ac500000,0x00000007ad100000)
 ParOldGen       total 30208K, used 23913K [0x0000000780000000, 0x0000000781d80000, 0x00000007aab00000)
  object space 30208K, 79% used [0x0000000780000000,0x000000078175a418,0x0000000781d80000)
 Metaspace       used 29067K, capacity 30584K, committed 30720K, reserved 1075200K
  class space    used 4033K, capacity 4313K, committed 4352K, reserved 1048576K
}
Event: 500.884 GC heap before
{Heap before GC invocations=12 (full 2):
 PSYoungGen      total 38400K, used 1120K [0x00000007aab00000, 0x00000007add00000, 0x00000007c0000000)
  eden space 26624K, 0% used [0x00000007aab00000,0x00000007aab00000,0x00000007ac500000)
  from space 11776K, 9% used [0x00000007ad100000,0x00000007ad218000,0x00000007adc80000)
  to   space 12288K, 0% used [0x00000007ac500000,0x00000007ac500000,0x00000007ad100000)
 ParOldGen       total 30208K, used 23913K [0x0000000780000000, 0x0000000781d80000, 0x00000007aab00000)
  object space 30208K, 79% used [0x0000000780000000,0x000000078175a418,0x0000000781d80000)
 Metaspace       used 29067K, capacity 30584K, committed 30720K, reserved 1075200K
  class space    used 4033K, capacity 4313K, committed 4352K, reserved 1048576K
Event: 501.168 GC heap after
Heap after GC invocations=12 (full 2):
 PSYoungGen      total 38400K, used 0K [0x00000007aab00000, 0x00000007add00000, 0x00000007c0000000)
  eden space 26624K, 0% used [0x00000007aab00000,0x00000007aab00000,0x00000007ac500000)
  from space 11776K, 0% used [0x00000007ad100000,0x00000007ad100000,0x00000007adc80000)
  to   space 12288K, 0% used [0x00000007ac500000,0x00000007ac500000,0x00000007ad100000)
 ParOldGen       total 41984K, used 17228K [0x0000000780000000, 0x0000000782900000, 0x00000007aab00000)
  object space 41984K, 41% used [0x0000000780000000,0x00000007810d3000,0x0000000782900000)
 Metaspace       used 29067K, capacity 30584K, committed 30720K, reserved 1075200K
  class space    used 4033K, capacity 4313K, committed 4352K, reserved 1048576K
}

