# JRE version: Java(TM) SE Runtime Environment (8.0_40-b27) (build 1.8.0_40-b27)
# Java VM: Java HotSpot(TM) 64-Bit Server VM (25.40-b25 mixed mode bsd-amd64 compressed oops)
Heap:
 PSYoungGen      total 38912K, used 7427K [0x00000007aab00000, 0x00000007ae280000, 0x00000007c0000000)
  eden space 23040K, 20% used [0x00000007aab00000,0x00000007aafb8fd0,0x00000007ac180000)
  from space 15872K, 16% used [0x00000007ac180000,0x00000007ac408000,0x00000007ad100000)
  to   space 15872K, 0% used [0x00000007ad300000,0x00000007ad300000,0x00000007ae280000)
 ParOldGen       total 69632K, used 18820K [0x0000000780000000, 0x0000000784400000, 0x00000007aab00000)
  object space 69632K, 27% used [0x0000000780000000,0x0000000781261178,0x0000000784400000)
 Metaspace       used 36249K, capacity 37778K, committed 38144K, reserved 1081344K
  class space    used 4951K, capacity 5258K, committed 5376K, reserved 1048576K
GC Heap History (10 events):
Event: 524.031 GC heap before
{Heap before GC invocations=11 (full 2):
 PSYoungGen      total 32768K, used 10778K [0x00000007aab00000, 0x00000007ad900000, 0x00000007c0000000)
  eden space 21504K, 0% used [0x00000007aab00000,0x00000007aab00000,0x00000007ac000000)
  from space 11264K, 95% used [0x00000007ac200000,0x00000007acc86970,0x00000007acd00000)
  to   space 12288K, 0% used [0x00000007acd00000,0x00000007acd00000,0x00000007ad900000)
 ParOldGen       total 38912K, used 11029K [0x0000000780000000, 0x0000000782600000, 0x00000007aab00000)
  object space 38912K, 28% used [0x0000000780000000,0x0000000780ac55c0,0x0000000782600000)
 Metaspace       used 33924K, capacity 35274K, committed 35416K, reserved 1079296K
  class space    used 4770K, capacity 5040K, committed 5120K, reserved 1048576K
Event: 524.273 GC heap after
Heap after GC invocations=11 (full 2):
 PSYoungGen      total 32768K, used 0K [0x00000007aab00000, 0x00000007ad900000, 0x00000007c0000000)
  eden space 21504K, 0% used [0x00000007aab00000,0x00000007aab00000,0x00000007ac000000)
  from space 11264K, 0% used [0x00000007ac200000,0x00000007ac200000,0x00000007acd00000)
  to   space 12288K, 0% used [0x00000007acd00000,0x00000007acd00000,0x00000007ad900000)
 ParOldGen       total 69632K, used 18788K [0x0000000780000000, 0x0000000784400000, 0x00000007aab00000)
  object space 69632K, 26% used [0x0000000780000000,0x0000000781259178,0x0000000784400000)
 Metaspace       used 33924K, capacity 35274K, committed 35416K, reserved 1079296K
  class space    used 4770K, capacity 5040K, committed 5120K, reserved 1048576K
}
Event: 621.522 GC heap before
{Heap before GC invocations=12 (full 2):
 PSYoungGen      total 32768K, used 21502K [0x00000007aab00000, 0x00000007ad900000, 0x00000007c0000000)
  eden space 21504K, 99% used [0x00000007aab00000,0x00000007abfffa28,0x00000007ac000000)
  from space 11264K, 0% used [0x00000007ac200000,0x00000007ac200000,0x00000007acd00000)
  to   space 12288K, 0% used [0x00000007acd00000,0x00000007acd00000,0x00000007ad900000)
 ParOldGen       total 69632K, used 18788K [0x0000000780000000, 0x0000000784400000, 0x00000007aab00000)
  object space 69632K, 26% used [0x0000000780000000,0x0000000781259178,0x0000000784400000)
 Metaspace       used 35100K, capacity 36460K, committed 36608K, reserved 1081344K
  class space    used 4859K, capacity 5111K, committed 5120K, reserved 1048576K
Event: 621.534 GC heap after
Heap after GC invocations=12 (full 2):
 PSYoungGen      total 33792K, used 9808K [0x00000007aab00000, 0x00000007add00000, 0x00000007c0000000)
  eden space 21504K, 0% used [0x00000007aab00000,0x00000007aab00000,0x00000007ac000000)
  from space 12288K, 79% used [0x00000007acd00000,0x00000007ad694020,0x00000007ad900000)
  to   space 13312K, 0% used [0x00000007ac000000,0x00000007ac000000,0x00000007acd00000)
 ParOldGen       total 69632K, used 18796K [0x0000000780000000, 0x0000000784400000, 0x00000007aab00000)
  object space 69632K, 26% used [0x0000000780000000,0x000000078125b178,0x0000000784400000)
 Metaspace       used 35100K, capacity 36460K, committed 36608K, reserved 1081344K
  class space    used 4859K, capacity 5111K, committed 5120K, reserved 1048576K
}
Event: 691.956 GC heap before
{Heap before GC invocations=13 (full 2):
 PSYoungGen      total 33792K, used 31312K [0x00000007aab00000, 0x00000007add00000, 0x00000007c0000000)
  eden space 21504K, 100% used [0x00000007aab00000,0x00000007ac000000,0x00000007ac000000)
  from space 12288K, 79% used [0x00000007acd00000,0x00000007ad694020,0x00000007ad900000)
  to   space 13312K, 0% used [0x00000007ac000000,0x00000007ac000000,0x00000007acd00000)
 ParOldGen       total 69632K, used 18796K [0x0000000780000000, 0x0000000784400000, 0x00000007aab00000)
  object space 69632K, 26% used [0x0000000780000000,0x000000078125b178,0x0000000784400000)
 Metaspace       used 35366K, capacity 36796K, committed 37120K, reserved 1081344K
  class space    used 4861K, capacity 5113K, committed 5120K, reserved 1048576K
Event: 691.971 GC heap after
Heap after GC invocations=13 (full 2):
 PSYoungGen      total 34816K, used 11888K [0x00000007aab00000, 0x00000007adf80000, 0x00000007c0000000)
  eden space 21504K, 0% used [0x00000007aab00000,0x00000007aab00000,0x00000007ac000000)
  from space 13312K, 89% used [0x00000007ac000000,0x00000007acb9c020,0x00000007acd00000)
  to   space 14848K, 0% used [0x00000007ad100000,0x00000007ad100000,0x00000007adf80000)
 ParOldGen       total 69632K, used 18804K [0x0000000780000000, 0x0000000784400000, 0x00000007aab00000)
  object space 69632K, 27% used [0x0000000780000000,0x000000078125d178,0x0000000784400000)
 Metaspace       used 35366K, capacity 36796K, committed 37120K, reserved 1081344K
  class space    used 4861K, capacity 5113K, committed 5120K, reserved 1048576K
}
Event: 1961.169 GC heap before
{Heap before GC invocations=14 (full 2):
 PSYoungGen      total 34816K, used 33392K [0x00000007aab00000, 0x00000007adf80000, 0x00000007c0000000)
  eden space 21504K, 100% used [0x00000007aab00000,0x00000007ac000000,0x00000007ac000000)
  from space 13312K, 89% used [0x00000007ac000000,0x00000007acb9c020,0x00000007acd00000)
  to   space 14848K, 0% used [0x00000007ad100000,0x00000007ad100000,0x00000007adf80000)
 ParOldGen       total 69632K, used 18804K [0x0000000780000000, 0x0000000784400000, 0x00000007aab00000)
  object space 69632K, 27% used [0x0000000780000000,0x000000078125d178,0x0000000784400000)
 Metaspace       used 35735K, capacity 37110K, committed 37504K, reserved 1081344K
  class space    used 4875K, capacity 5128K, committed 5248K, reserved 1048576K
Event: 1961.189 GC heap after
Heap after GC invocations=14 (full 2):
 PSYoungGen      total 37888K, used 12080K [0x00000007aab00000, 0x00000007ae100000, 0x00000007c0000000)
  eden space 23040K, 0% used [0x00000007aab00000,0x00000007aab00000,0x00000007ac180000)
  from space 14848K, 81% used [0x00000007ad100000,0x00000007adccc020,0x00000007adf80000)
  to   space 15872K, 0% used [0x00000007ac180000,0x00000007ac180000,0x00000007ad100000)
 ParOldGen       total 69632K, used 18812K [0x0000000780000000, 0x0000000784400000, 0x00000007aab00000)
  object space 69632K, 27% used [0x0000000780000000,0x000000078125f178,0x0000000784400000)
 Metaspace       used 35735K, capacity 37110K, committed 37504K, reserved 1081344K
  class space    used 4875K, capacity 5128K, committed 5248K, reserved 1048576K
}
Event: 3100.925 GC heap before
{Heap before GC invocations=15 (full 2):
 PSYoungGen      total 37888K, used 35120K [0x00000007aab00000, 0x00000007ae100000, 0x00000007c0000000)
  eden space 23040K, 100% used [0x00000007aab00000,0x00000007ac180000,0x00000007ac180000)
  from space 14848K, 81% used [0x00000007ad100000,0x00000007adccc020,0x00000007adf80000)
  to   space 15872K, 0% used [0x00000007ac180000,0x00000007ac180000,0x00000007ad100000)
 ParOldGen       total 69632K, used 18812K [0x0000000780000000, 0x0000000784400000, 0x00000007aab00000)
  object space 69632K, 27% used [0x0000000780000000,0x000000078125f178,0x0000000784400000)
 Metaspace       used 36184K, capacity 37708K, committed 37760K, reserved 1081344K
  class space    used 4944K, capacity 5217K, committed 5248K, reserved 1048576K
Event: 3100.937 GC heap after
Heap after GC invocations=15 (full 2):
 PSYoungGen      total 38912K, used 2592K [0x00000007aab00000, 0x00000007ae280000, 0x00000007c0000000)
  eden space 23040K, 0% used [0x00000007aab00000,0x00000007aab00000,0x00000007ac180000)
  from space 15872K, 16% used [0x00000007ac180000,0x00000007ac408000,0x00000007ad100000)
  to   space 15872K, 0% used [0x00000007ad300000,0x00000007ad300000,0x00000007ae280000)
 ParOldGen       total 69632K, used 18820K [0x0000000780000000, 0x0000000784400000, 0x00000007aab00000)
  object space 69632K, 27% used [0x0000000780000000,0x0000000781261178,0x0000000784400000)
 Metaspace       used 36184K, capacity 37708K, committed 37760K, reserved 1081344K
  class space    used 4944K, capacity 5217K, committed 5248K, reserved 1048576K
}

