# JRE version: Java(TM) SE Runtime Environment (8.0_40-b27) (build 1.8.0_40-b27)
# Java VM: Java HotSpot(TM) 64-Bit Server VM (25.40-b25 mixed mode bsd-amd64 compressed oops)
Heap:
 PSYoungGen      total 21504K, used 12890K [0x00000007aab00000, 0x00000007acb00000, 0x00000007c0000000)
  eden space 14848K, 42% used [0x00000007aab00000,0x00000007ab11a0c8,0x00000007ab980000)
  from space 6656K, 99% used [0x00000007ac180000,0x00000007ac7fcaa0,0x00000007ac800000)
  to   space 8192K, 0% used [0x00000007ab980000,0x00000007ab980000,0x00000007ac180000)
 ParOldGen       total 27136K, used 6666K [0x0000000780000000, 0x0000000781a80000, 0x00000007aab00000)
  object space 27136K, 24% used [0x0000000780000000,0x0000000780682a28,0x0000000781a80000)
 Metaspace       used 27519K, capacity 28814K, committed 29056K, reserved 1075200K
  class space    used 3978K, capacity 4222K, committed 4224K, reserved 1048576K
GC Heap History (10 events):
Event: 26.289 GC heap before
{Heap before GC invocations=3 (full 0):
 PSYoungGen      total 18944K, used 18912K [0x00000007aab00000, 0x00000007ac000000, 0x00000007c0000000)
  eden space 16384K, 100% used [0x00000007aab00000,0x00000007abb00000,0x00000007abb00000)
  from space 2560K, 98% used [0x00000007abd80000,0x00000007abff8060,0x00000007ac000000)
  to   space 2560K, 0% used [0x00000007abb00000,0x00000007abb00000,0x00000007abd80000)
 ParOldGen       total 44032K, used 2416K [0x0000000780000000, 0x0000000782b00000, 0x00000007aab00000)
  object space 44032K, 5% used [0x0000000780000000,0x000000078025c178,0x0000000782b00000)
 Metaspace       used 16399K, capacity 16752K, committed 16896K, reserved 1064960K
  class space    used 2115K, capacity 2228K, committed 2304K, reserved 1048576K
Event: 26.304 GC heap after
Heap after GC invocations=3 (full 0):
 PSYoungGen      total 18944K, used 2528K [0x00000007aab00000, 0x00000007ac000000, 0x00000007c0000000)
  eden space 16384K, 0% used [0x00000007aab00000,0x00000007aab00000,0x00000007abb00000)
  from space 2560K, 98% used [0x00000007abb00000,0x00000007abd78020,0x00000007abd80000)
  to   space 2560K, 0% used [0x00000007abd80000,0x00000007abd80000,0x00000007ac000000)
 ParOldGen       total 44032K, used 5307K [0x0000000780000000, 0x0000000782b00000, 0x00000007aab00000)
  object space 44032K, 12% used [0x0000000780000000,0x000000078052ed88,0x0000000782b00000)
 Metaspace       used 16399K, capacity 16752K, committed 16896K, reserved 1064960K
  class space    used 2115K, capacity 2228K, committed 2304K, reserved 1048576K
}
Event: 29.818 GC heap before
{Heap before GC invocations=4 (full 0):
 PSYoungGen      total 18944K, used 17185K [0x00000007aab00000, 0x00000007ac000000, 0x00000007c0000000)
  eden space 16384K, 89% used [0x00000007aab00000,0x00000007ab950760,0x00000007abb00000)
  from space 2560K, 98% used [0x00000007abb00000,0x00000007abd78020,0x00000007abd80000)
  to   space 2560K, 0% used [0x00000007abd80000,0x00000007abd80000,0x00000007ac000000)
 ParOldGen       total 44032K, used 5307K [0x0000000780000000, 0x0000000782b00000, 0x00000007aab00000)
  object space 44032K, 12% used [0x0000000780000000,0x000000078052ed88,0x0000000782b00000)
 Metaspace       used 20574K, capacity 21116K, committed 21296K, reserved 1067008K
  class space    used 2813K, capacity 2933K, committed 2944K, reserved 1048576K
Event: 29.847 GC heap after
Heap after GC invocations=4 (full 0):
 PSYoungGen      total 18944K, used 2528K [0x00000007aab00000, 0x00000007ac000000, 0x00000007c0000000)
  eden space 16384K, 0% used [0x00000007aab00000,0x00000007aab00000,0x00000007abb00000)
  from space 2560K, 98% used [0x00000007abd80000,0x00000007abff8040,0x00000007ac000000)
  to   space 2560K, 0% used [0x00000007abb00000,0x00000007abb00000,0x00000007abd80000)
 ParOldGen       total 44032K, used 7871K [0x0000000780000000, 0x0000000782b00000, 0x00000007aab00000)
  object space 44032K, 17% used [0x0000000780000000,0x00000007807afc28,0x0000000782b00000)
 Metaspace       used 20574K, capacity 21116K, committed 21296K, reserved 1067008K
  class space    used 2813K, capacity 2933K, committed 2944K, reserved 1048576K
}
Event: 29.847 GC heap before
{Heap before GC invocations=5 (full 1):
 PSYoungGen      total 18944K, used 2528K [0x00000007aab00000, 0x00000007ac000000, 0x00000007c0000000)
  eden space 16384K, 0% used [0x00000007aab00000,0x00000007aab00000,0x00000007abb00000)
  from space 2560K, 98% used [0x00000007abd80000,0x00000007abff8040,0x00000007ac000000)
  to   space 2560K, 0% used [0x00000007abb00000,0x00000007abb00000,0x00000007abd80000)
 ParOldGen       total 44032K, used 7871K [0x0000000780000000, 0x0000000782b00000, 0x00000007aab00000)
  object space 44032K, 17% used [0x0000000780000000,0x00000007807afc28,0x0000000782b00000)
 Metaspace       used 20574K, capacity 21116K, committed 21296K, reserved 1067008K
  class space    used 2813K, capacity 2933K, committed 2944K, reserved 1048576K
Event: 29.930 GC heap after
Heap after GC invocations=5 (full 1):
 PSYoungGen      total 18944K, used 0K [0x00000007aab00000, 0x00000007ac000000, 0x00000007c0000000)
  eden space 16384K, 0% used [0x00000007aab00000,0x00000007aab00000,0x00000007abb00000)
  from space 2560K, 0% used [0x00000007abd80000,0x00000007abd80000,0x00000007ac000000)
  to   space 2560K, 0% used [0x00000007abb00000,0x00000007abb00000,0x00000007abd80000)
 ParOldGen       total 27136K, used 6352K [0x0000000780000000, 0x0000000781a80000, 0x00000007aab00000)
  object space 27136K, 23% used [0x0000000780000000,0x0000000780634098,0x0000000781a80000)
 Metaspace       used 20574K, capacity 21116K, committed 21296K, reserved 1067008K
  class space    used 2813K, capacity 2933K, committed 2944K, reserved 1048576K
}
Event: 35.216 GC heap before
{Heap before GC invocations=6 (full 1):
 PSYoungGen      total 18944K, used 16384K [0x00000007aab00000, 0x00000007ac000000, 0x00000007c0000000)
  eden space 16384K, 100% used [0x00000007aab00000,0x00000007abb00000,0x00000007abb00000)
  from space 2560K, 0% used [0x00000007abd80000,0x00000007abd80000,0x00000007ac000000)
  to   space 2560K, 0% used [0x00000007abb00000,0x00000007abb00000,0x00000007abd80000)
 ParOldGen       total 27136K, used 6352K [0x0000000780000000, 0x0000000781a80000, 0x00000007aab00000)
  object space 27136K, 23% used [0x0000000780000000,0x0000000780634098,0x0000000781a80000)
 Metaspace       used 24978K, capacity 26054K, committed 26240K, reserved 1071104K
  class space    used 3674K, capacity 3886K, committed 3968K, reserved 1048576K
Event: 35.225 GC heap after
Heap after GC invocations=6 (full 1):
 PSYoungGen      total 18944K, used 2529K [0x00000007aab00000, 0x00000007ac800000, 0x00000007c0000000)
  eden space 16384K, 0% used [0x00000007aab00000,0x00000007aab00000,0x00000007abb00000)
  from space 2560K, 98% used [0x00000007abb00000,0x00000007abd787b8,0x00000007abd80000)
  to   space 6656K, 0% used [0x00000007ac180000,0x00000007ac180000,0x00000007ac800000)
 ParOldGen       total 27136K, used 6410K [0x0000000780000000, 0x0000000781a80000, 0x00000007aab00000)
  object space 27136K, 23% used [0x0000000780000000,0x0000000780642a28,0x0000000781a80000)
 Metaspace       used 24978K, capacity 26054K, committed 26240K, reserved 1071104K
  class space    used 3674K, capacity 3886K, committed 3968K, reserved 1048576K
}
Event: 55.407 GC heap before
{Heap before GC invocations=7 (full 1):
 PSYoungGen      total 18944K, used 18913K [0x00000007aab00000, 0x00000007ac800000, 0x00000007c0000000)
  eden space 16384K, 100% used [0x00000007aab00000,0x00000007abb00000,0x00000007abb00000)
  from space 2560K, 98% used [0x00000007abb00000,0x00000007abd787b8,0x00000007abd80000)
  to   space 6656K, 0% used [0x00000007ac180000,0x00000007ac180000,0x00000007ac800000)
 ParOldGen       total 27136K, used 6410K [0x0000000780000000, 0x0000000781a80000, 0x00000007aab00000)
  object space 27136K, 23% used [0x0000000780000000,0x0000000780642a28,0x0000000781a80000)
 Metaspace       used 26837K, capacity 28034K, committed 28288K, reserved 1073152K
  class space    used 3920K, capacity 4152K, committed 4224K, reserved 1048576K
Event: 55.440 GC heap after
Heap after GC invocations=7 (full 1):
 PSYoungGen      total 21504K, used 6642K [0x00000007aab00000, 0x00000007acb00000, 0x00000007c0000000)
  eden space 14848K, 0% used [0x00000007aab00000,0x00000007aab00000,0x00000007ab980000)
  from space 6656K, 99% used [0x00000007ac180000,0x00000007ac7fcaa0,0x00000007ac800000)
  to   space 8192K, 0% used [0x00000007ab980000,0x00000007ab980000,0x00000007ac180000)
 ParOldGen       total 27136K, used 6666K [0x0000000780000000, 0x0000000781a80000, 0x00000007aab00000)
  object space 27136K, 24% used [0x0000000780000000,0x0000000780682a28,0x0000000781a80000)
 Metaspace       used 26837K, capacity 28034K, committed 28288K, reserved 1073152K
  class space    used 3920K, capacity 4152K, committed 4224K, reserved 1048576K
}

