# JRE version: Java(TM) SE Runtime Environment (8.0_40-b27) (build 1.8.0_40-b27)
# Java VM: Java HotSpot(TM) 64-Bit Server VM (25.40-b25 mixed mode bsd-amd64 compressed oops)
Heap:
 PSYoungGen      total 27648K, used 24643K [0x00000007aab00000, 0x00000007ad200000, 0x00000007c0000000)
  eden space 16384K, 81% used [0x00000007aab00000,0x00000007ab814ea0,0x00000007abb00000)
  from space 11264K, 99% used [0x00000007abb00000,0x00000007ac5fc0d0,0x00000007ac600000)
  to   space 11776K, 0% used [0x00000007ac680000,0x00000007ac680000,0x00000007ad200000)
 ParOldGen       total 36864K, used 30384K [0x0000000780000000, 0x0000000782400000, 0x00000007aab00000)
  object space 36864K, 82% used [0x0000000780000000,0x0000000781dac368,0x0000000782400000)
 Metaspace       used 29976K, capacity 31436K, committed 31744K, reserved 1077248K
  class space    used 3970K, capacity 4290K, committed 4352K, reserved 1048576K
GC Heap History (10 events):
Event: 21271.118 GC heap before
{Heap before GC invocations=396 (full 1):
 PSYoungGen      total 27648K, used 26880K [0x00000007aab00000, 0x00000007ad100000, 0x00000007c0000000)
  eden space 16384K, 100% used [0x00000007aab00000,0x00000007abb00000,0x00000007abb00000)
  from space 11264K, 93% used [0x00000007ac600000,0x00000007ad040000,0x00000007ad100000)
  to   space 11264K, 0% used [0x00000007abb00000,0x00000007abb00000,0x00000007ac600000)
 ParOldGen       total 36864K, used 29816K [0x0000000780000000, 0x0000000782400000, 0x00000007aab00000)
  object space 36864K, 80% used [0x0000000780000000,0x0000000781d1e168,0x0000000782400000)
 Metaspace       used 29703K, capacity 31104K, committed 31488K, reserved 1077248K
  class space    used 3950K, capacity 4248K, committed 4352K, reserved 1048576K
Event: 21271.133 GC heap after
Heap after GC invocations=396 (full 1):
 PSYoungGen      total 27648K, used 10496K [0x00000007aab00000, 0x00000007ad100000, 0x00000007c0000000)
  eden space 16384K, 0% used [0x00000007aab00000,0x00000007aab00000,0x00000007abb00000)
  from space 11264K, 93% used [0x00000007abb00000,0x00000007ac540000,0x00000007ac600000)
  to   space 11264K, 0% used [0x00000007ac600000,0x00000007ac600000,0x00000007ad100000)
 ParOldGen       total 36864K, used 29824K [0x0000000780000000, 0x0000000782400000, 0x00000007aab00000)
  object space 36864K, 80% used [0x0000000780000000,0x0000000781d20168,0x0000000782400000)
 Metaspace       used 29703K, capacity 31104K, committed 31488K, reserved 1077248K
  class space    used 3950K, capacity 4248K, committed 4352K, reserved 1048576K
}
Event: 21326.698 GC heap before
{Heap before GC invocations=397 (full 1):
 PSYoungGen      total 27648K, used 26880K [0x00000007aab00000, 0x00000007ad100000, 0x00000007c0000000)
  eden space 16384K, 100% used [0x00000007aab00000,0x00000007abb00000,0x00000007abb00000)
  from space 11264K, 93% used [0x00000007abb00000,0x00000007ac540000,0x00000007ac600000)
  to   space 11264K, 0% used [0x00000007ac600000,0x00000007ac600000,0x00000007ad100000)
 ParOldGen       total 36864K, used 29824K [0x0000000780000000, 0x0000000782400000, 0x00000007aab00000)
  object space 36864K, 80% used [0x0000000780000000,0x0000000781d20168,0x0000000782400000)
 Metaspace       used 29704K, capacity 31104K, committed 31488K, reserved 1077248K
  class space    used 3950K, capacity 4248K, committed 4352K, reserved 1048576K
Event: 21326.709 GC heap after
Heap after GC invocations=397 (full 1):
 PSYoungGen      total 27648K, used 10240K [0x00000007aab00000, 0x00000007ad100000, 0x00000007c0000000)
  eden space 16384K, 0% used [0x00000007aab00000,0x00000007aab00000,0x00000007abb00000)
  from space 11264K, 90% used [0x00000007ac600000,0x00000007ad000010,0x00000007ad100000)
  to   space 11264K, 0% used [0x00000007abb00000,0x00000007abb00000,0x00000007ac600000)
 ParOldGen       total 36864K, used 29840K [0x0000000780000000, 0x0000000782400000, 0x00000007aab00000)
  object space 36864K, 80% used [0x0000000780000000,0x0000000781d24168,0x0000000782400000)
 Metaspace       used 29704K, capacity 31104K, committed 31488K, reserved 1077248K
  class space    used 3950K, capacity 4248K, committed 4352K, reserved 1048576K
}
Event: 21388.125 GC heap before
{Heap before GC invocations=398 (full 1):
 PSYoungGen      total 27648K, used 26624K [0x00000007aab00000, 0x00000007ad100000, 0x00000007c0000000)
  eden space 16384K, 100% used [0x00000007aab00000,0x00000007abb00000,0x00000007abb00000)
  from space 11264K, 90% used [0x00000007ac600000,0x00000007ad000010,0x00000007ad100000)
  to   space 11264K, 0% used [0x00000007abb00000,0x00000007abb00000,0x00000007ac600000)
 ParOldGen       total 36864K, used 29840K [0x0000000780000000, 0x0000000782400000, 0x00000007aab00000)
  object space 36864K, 80% used [0x0000000780000000,0x0000000781d24168,0x0000000782400000)
 Metaspace       used 29704K, capacity 31104K, committed 31488K, reserved 1077248K
  class space    used 3950K, capacity 4248K, committed 4352K, reserved 1048576K
Event: 21388.139 GC heap after
Heap after GC invocations=398 (full 1):
 PSYoungGen      total 27648K, used 10496K [0x00000007aab00000, 0x00000007ad100000, 0x00000007c0000000)
  eden space 16384K, 0% used [0x00000007aab00000,0x00000007aab00000,0x00000007abb00000)
  from space 11264K, 93% used [0x00000007abb00000,0x00000007ac540000,0x00000007ac600000)
  to   space 11264K, 0% used [0x00000007ac600000,0x00000007ac600000,0x00000007ad100000)
 ParOldGen       total 36864K, used 29864K [0x0000000780000000, 0x0000000782400000, 0x00000007aab00000)
  object space 36864K, 81% used [0x0000000780000000,0x0000000781d2a168,0x0000000782400000)
 Metaspace       used 29704K, capacity 31104K, committed 31488K, reserved 1077248K
  class space    used 3950K, capacity 4248K, committed 4352K, reserved 1048576K
}
Event: 21458.037 GC heap before
{Heap before GC invocations=399 (full 1):
 PSYoungGen      total 27648K, used 26880K [0x00000007aab00000, 0x00000007ad100000, 0x00000007c0000000)
  eden space 16384K, 100% used [0x00000007aab00000,0x00000007abb00000,0x00000007abb00000)
  from space 11264K, 93% used [0x00000007abb00000,0x00000007ac540000,0x00000007ac600000)
  to   space 11264K, 0% used [0x00000007ac600000,0x00000007ac600000,0x00000007ad100000)
 ParOldGen       total 36864K, used 29864K [0x0000000780000000, 0x0000000782400000, 0x00000007aab00000)
  object space 36864K, 81% used [0x0000000780000000,0x0000000781d2a168,0x0000000782400000)
 Metaspace       used 29705K, capacity 31104K, committed 31488K, reserved 1077248K
  class space    used 3950K, capacity 4248K, committed 4352K, reserved 1048576K
Event: 21458.069 GC heap after
Heap after GC invocations=399 (full 1):
 PSYoungGen      total 27648K, used 10224K [0x00000007aab00000, 0x00000007ad100000, 0x00000007c0000000)
  eden space 16384K, 0% used [0x00000007aab00000,0x00000007aab00000,0x00000007abb00000)
  from space 11264K, 90% used [0x00000007ac600000,0x00000007acffc020,0x00000007ad100000)
  to   space 11264K, 0% used [0x00000007abb00000,0x00000007abb00000,0x00000007ac600000)
 ParOldGen       total 36864K, used 29872K [0x0000000780000000, 0x0000000782400000, 0x00000007aab00000)
  object space 36864K, 81% used [0x0000000780000000,0x0000000781d2c168,0x0000000782400000)
 Metaspace       used 29705K, capacity 31104K, committed 31488K, reserved 1077248K
  class space    used 3950K, capacity 4248K, committed 4352K, reserved 1048576K
}
Event: 21528.948 GC heap before
{Heap before GC invocations=400 (full 1):
 PSYoungGen      total 27648K, used 26601K [0x00000007aab00000, 0x00000007ad100000, 0x00000007c0000000)
  eden space 16384K, 99% used [0x00000007aab00000,0x00000007abafe438,0x00000007abb00000)
  from space 11264K, 90% used [0x00000007ac600000,0x00000007acffc020,0x00000007ad100000)
  to   space 11264K, 0% used [0x00000007abb00000,0x00000007abb00000,0x00000007ac600000)
 ParOldGen       total 36864K, used 29872K [0x0000000780000000, 0x0000000782400000, 0x00000007aab00000)
  object space 36864K, 81% used [0x0000000780000000,0x0000000781d2c168,0x0000000782400000)
 Metaspace       used 29843K, capacity 31270K, committed 31488K, reserved 1077248K
  class space    used 3962K, capacity 4281K, committed 4352K, reserved 1048576K
Event: 21528.970 GC heap after
Heap after GC invocations=400 (full 1):
 PSYoungGen      total 27648K, used 11248K [0x00000007aab00000, 0x00000007ad200000, 0x00000007c0000000)
  eden space 16384K, 0% used [0x00000007aab00000,0x00000007aab00000,0x00000007abb00000)
  from space 11264K, 99% used [0x00000007abb00000,0x00000007ac5fc0d0,0x00000007ac600000)
  to   space 11776K, 0% used [0x00000007ac680000,0x00000007ac680000,0x00000007ad200000)
 ParOldGen       total 36864K, used 30384K [0x0000000780000000, 0x0000000782400000, 0x00000007aab00000)
  object space 36864K, 82% used [0x0000000780000000,0x0000000781dac368,0x0000000782400000)
 Metaspace       used 29843K, capacity 31270K, committed 31488K, reserved 1077248K
  class space    used 3962K, capacity 4281K, committed 4352K, reserved 1048576K
}

