# JRE version: Java(TM) SE Runtime Environment (8.0_40-b27) (build 1.8.0_40-b27)
# Java VM: Java HotSpot(TM) 64-Bit Server VM (25.40-b25 mixed mode bsd-amd64 compressed oops)
Heap:
 PSYoungGen      total 74752K, used 19017K [0x00000007aab00000, 0x00000007b0580000, 0x00000007c0000000)
  eden space 59904K, 10% used [0x00000007aab00000,0x00000007ab0dc780,0x00000007ae580000)
  from space 14848K, 87% used [0x00000007af680000,0x00000007b0336010,0x00000007b0500000)
  to   space 16384K, 0% used [0x00000007ae580000,0x00000007ae580000,0x00000007af580000)
 ParOldGen       total 66048K, used 21340K [0x0000000780000000, 0x0000000784080000, 0x00000007aab00000)
  object space 66048K, 32% used [0x0000000780000000,0x00000007814d7138,0x0000000784080000)
 Metaspace       used 35364K, capacity 36876K, committed 36992K, reserved 1081344K
  class space    used 4891K, capacity 5183K, committed 5248K, reserved 1048576K
GC Heap History (10 events):
Event: 13.990 GC heap before
{Heap before GC invocations=6 (full 1):
 PSYoungGen      total 35328K, used 32768K [0x00000007aab00000, 0x00000007ad000000, 0x00000007c0000000)
  eden space 32768K, 100% used [0x00000007aab00000,0x00000007acb00000,0x00000007acb00000)
  from space 2560K, 0% used [0x00000007acd80000,0x00000007acd80000,0x00000007ad000000)
  to   space 2560K, 0% used [0x00000007acb00000,0x00000007acb00000,0x00000007acd80000)
 ParOldGen       total 36864K, used 7867K [0x0000000780000000, 0x0000000782400000, 0x00000007aab00000)
  object space 36864K, 21% used [0x0000000780000000,0x00000007807aedd0,0x0000000782400000)
 Metaspace       used 27826K, capacity 29094K, committed 29184K, reserved 1075200K
  class space    used 4057K, capacity 4322K, committed 4352K, reserved 1048576K
Event: 14.018 GC heap after
Heap after GC invocations=6 (full 1):
 PSYoungGen      total 35328K, used 2560K [0x00000007aab00000, 0x00000007aed80000, 0x00000007c0000000)
  eden space 32768K, 0% used [0x00000007aab00000,0x00000007aab00000,0x00000007acb00000)
  from space 2560K, 100% used [0x00000007acb00000,0x00000007acd80000,0x00000007acd80000)
  to   space 9728K, 0% used [0x00000007ae400000,0x00000007ae400000,0x00000007aed80000)
 ParOldGen       total 36864K, used 14463K [0x0000000780000000, 0x0000000782400000, 0x00000007aab00000)
  object space 36864K, 39% used [0x0000000780000000,0x0000000780e1ff40,0x0000000782400000)
 Metaspace       used 27826K, capacity 29094K, committed 29184K, reserved 1075200K
  class space    used 4057K, capacity 4322K, committed 4352K, reserved 1048576K
}
Event: 37.136 GC heap before
{Heap before GC invocations=7 (full 1):
 PSYoungGen      total 35328K, used 25196K [0x00000007aab00000, 0x00000007aed80000, 0x00000007c0000000)
  eden space 32768K, 69% used [0x00000007aab00000,0x00000007ac11b378,0x00000007acb00000)
  from space 2560K, 100% used [0x00000007acb00000,0x00000007acd80000,0x00000007acd80000)
  to   space 9728K, 0% used [0x00000007ae400000,0x00000007ae400000,0x00000007aed80000)
 ParOldGen       total 36864K, used 14463K [0x0000000780000000, 0x0000000782400000, 0x00000007aab00000)
  object space 36864K, 39% used [0x0000000780000000,0x0000000780e1ff40,0x0000000782400000)
 Metaspace       used 33967K, capacity 35280K, committed 35416K, reserved 1079296K
  class space    used 4796K, capacity 5077K, committed 5120K, reserved 1048576K
Event: 37.194 GC heap after
Heap after GC invocations=7 (full 1):
 PSYoungGen      total 54784K, used 9696K [0x00000007aab00000, 0x00000007af280000, 0x00000007c0000000)
  eden space 45056K, 0% used [0x00000007aab00000,0x00000007aab00000,0x00000007ad700000)
  from space 9728K, 99% used [0x00000007ae400000,0x00000007aed78010,0x00000007aed80000)
  to   space 13312K, 0% used [0x00000007ad700000,0x00000007ad700000,0x00000007ae400000)
 ParOldGen       total 36864K, used 17541K [0x0000000780000000, 0x0000000782400000, 0x00000007aab00000)
  object space 36864K, 47% used [0x0000000780000000,0x0000000781121750,0x0000000782400000)
 Metaspace       used 33967K, capacity 35280K, committed 35416K, reserved 1079296K
  class space    used 4796K, capacity 5077K, committed 5120K, reserved 1048576K
}
Event: 37.194 GC heap before
{Heap before GC invocations=8 (full 2):
 PSYoungGen      total 54784K, used 9696K [0x00000007aab00000, 0x00000007af280000, 0x00000007c0000000)
  eden space 45056K, 0% used [0x00000007aab00000,0x00000007aab00000,0x00000007ad700000)
  from space 9728K, 99% used [0x00000007ae400000,0x00000007aed78010,0x00000007aed80000)
  to   space 13312K, 0% used [0x00000007ad700000,0x00000007ad700000,0x00000007ae400000)
 ParOldGen       total 36864K, used 17541K [0x0000000780000000, 0x0000000782400000, 0x00000007aab00000)
  object space 36864K, 47% used [0x0000000780000000,0x0000000781121750,0x0000000782400000)
 Metaspace       used 33967K, capacity 35280K, committed 35416K, reserved 1079296K
  class space    used 4796K, capacity 5077K, committed 5120K, reserved 1048576K
Event: 37.431 GC heap after
Heap after GC invocations=8 (full 2):
 PSYoungGen      total 54784K, used 0K [0x00000007aab00000, 0x00000007af280000, 0x00000007c0000000)
  eden space 45056K, 0% used [0x00000007aab00000,0x00000007aab00000,0x00000007ad700000)
  from space 9728K, 0% used [0x00000007ae400000,0x00000007ae400000,0x00000007aed80000)
  to   space 13312K, 0% used [0x00000007ad700000,0x00000007ad700000,0x00000007ae400000)
 ParOldGen       total 66048K, used 21324K [0x0000000780000000, 0x0000000784080000, 0x00000007aab00000)
  object space 66048K, 32% used [0x0000000780000000,0x00000007814d3138,0x0000000784080000)
 Metaspace       used 33967K, capacity 35280K, committed 35416K, reserved 1079296K
  class space    used 4796K, capacity 5077K, committed 5120K, reserved 1048576K
}
Event: 135.592 GC heap before
{Heap before GC invocations=9 (full 2):
 PSYoungGen      total 54784K, used 45056K [0x00000007aab00000, 0x00000007af280000, 0x00000007c0000000)
  eden space 45056K, 100% used [0x00000007aab00000,0x00000007ad700000,0x00000007ad700000)
  from space 9728K, 0% used [0x00000007ae400000,0x00000007ae400000,0x00000007aed80000)
  to   space 13312K, 0% used [0x00000007ad700000,0x00000007ad700000,0x00000007ae400000)
 ParOldGen       total 66048K, used 21324K [0x0000000780000000, 0x0000000784080000, 0x00000007aab00000)
  object space 66048K, 32% used [0x0000000780000000,0x00000007814d3138,0x0000000784080000)
 Metaspace       used 35132K, capacity 36618K, committed 36736K, reserved 1081344K
  class space    used 4881K, capacity 5170K, committed 5248K, reserved 1048576K
Event: 135.614 GC heap after
Heap after GC invocations=9 (full 2):
 PSYoungGen      total 58368K, used 11744K [0x00000007aab00000, 0x00000007b0500000, 0x00000007c0000000)
  eden space 45056K, 0% used [0x00000007aab00000,0x00000007aab00000,0x00000007ad700000)
  from space 13312K, 88% used [0x00000007ad700000,0x00000007ae278000,0x00000007ae400000)
  to   space 14848K, 0% used [0x00000007af680000,0x00000007af680000,0x00000007b0500000)
 ParOldGen       total 66048K, used 21332K [0x0000000780000000, 0x0000000784080000, 0x00000007aab00000)
  object space 66048K, 32% used [0x0000000780000000,0x00000007814d5138,0x0000000784080000)
 Metaspace       used 35132K, capacity 36618K, committed 36736K, reserved 1081344K
  class space    used 4881K, capacity 5170K, committed 5248K, reserved 1048576K
}
Event: 328.745 GC heap before
{Heap before GC invocations=10 (full 2):
 PSYoungGen      total 58368K, used 56800K [0x00000007aab00000, 0x00000007b0500000, 0x00000007c0000000)
  eden space 45056K, 100% used [0x00000007aab00000,0x00000007ad700000,0x00000007ad700000)
  from space 13312K, 88% used [0x00000007ad700000,0x00000007ae278000,0x00000007ae400000)
  to   space 14848K, 0% used [0x00000007af680000,0x00000007af680000,0x00000007b0500000)
 ParOldGen       total 66048K, used 21332K [0x0000000780000000, 0x0000000784080000, 0x00000007aab00000)
  object space 66048K, 32% used [0x0000000780000000,0x00000007814d5138,0x0000000784080000)
 Metaspace       used 35297K, capacity 36774K, committed 36992K, reserved 1081344K
  class space    used 4884K, capacity 5174K, committed 5248K, reserved 1048576K
Event: 328.778 GC heap after
Heap after GC invocations=10 (full 2):
 PSYoungGen      total 74752K, used 13016K [0x00000007aab00000, 0x00000007b0580000, 0x00000007c0000000)
  eden space 59904K, 0% used [0x00000007aab00000,0x00000007aab00000,0x00000007ae580000)
  from space 14848K, 87% used [0x00000007af680000,0x00000007b0336010,0x00000007b0500000)
  to   space 16384K, 0% used [0x00000007ae580000,0x00000007ae580000,0x00000007af580000)
 ParOldGen       total 66048K, used 21340K [0x0000000780000000, 0x0000000784080000, 0x00000007aab00000)
  object space 66048K, 32% used [0x0000000780000000,0x00000007814d7138,0x0000000784080000)
 Metaspace       used 35297K, capacity 36774K, committed 36992K, reserved 1081344K
  class space    used 4884K, capacity 5174K, committed 5248K, reserved 1048576K
}

