# JRE version: Java(TM) SE Runtime Environment (8.0_40-b27) (build 1.8.0_40-b27)
# Java VM: Java HotSpot(TM) 64-Bit Server VM (25.40-b25 mixed mode bsd-amd64 compressed oops)
Heap:
 PSYoungGen      total 40448K, used 22953K [0x00000007aab00000, 0x00000007aec80000, 0x00000007c0000000)
  eden space 16896K, 40% used [0x00000007aab00000,0x00000007ab1c05f0,0x00000007abb80000)
  from space 23552K, 68% used [0x00000007ad380000,0x00000007ae32a030,0x00000007aea80000)
  to   space 24576K, 0% used [0x00000007abb80000,0x00000007abb80000,0x00000007ad380000)
 ParOldGen       total 35328K, used 23943K [0x0000000780000000, 0x0000000782280000, 0x00000007aab00000)
  object space 35328K, 67% used [0x0000000780000000,0x0000000781761db8,0x0000000782280000)
 Metaspace       used 29870K, capacity 31412K, committed 31616K, reserved 1077248K
  class space    used 4031K, capacity 4354K, committed 4480K, reserved 1048576K
GC Heap History (10 events):
Event: 259.494 GC heap before
{Heap before GC invocations=11 (full 1):
 PSYoungGen      total 34816K, used 34816K [0x00000007aab00000, 0x00000007ae080000, 0x00000007c0000000)
  eden space 22016K, 100% used [0x00000007aab00000,0x00000007ac080000,0x00000007ac080000)
  from space 12800K, 100% used [0x00000007ac100000,0x00000007acd80000,0x00000007acd80000)
  to   space 16384K, 0% used [0x00000007ad080000,0x00000007ad080000,0x00000007ae080000)
 ParOldGen       total 35328K, used 23927K [0x0000000780000000, 0x0000000782280000, 0x00000007aab00000)
  object space 35328K, 67% used [0x0000000780000000,0x000000078175ddb8,0x0000000782280000)
 Metaspace       used 29383K, capacity 30900K, committed 31232K, reserved 1077248K
  class space    used 4007K, capacity 4302K, committed 4352K, reserved 1048576K
Event: 259.519 GC heap after
Heap after GC invocations=11 (full 1):
 PSYoungGen      total 35840K, used 15960K [0x00000007aab00000, 0x00000007ae500000, 0x00000007c0000000)
  eden space 19456K, 0% used [0x00000007aab00000,0x00000007aab00000,0x00000007abe00000)
  from space 16384K, 97% used [0x00000007ad080000,0x00000007ae016010,0x00000007ae080000)
  to   space 18944K, 0% used [0x00000007abe00000,0x00000007abe00000,0x00000007ad080000)
 ParOldGen       total 35328K, used 23927K [0x0000000780000000, 0x0000000782280000, 0x00000007aab00000)
  object space 35328K, 67% used [0x0000000780000000,0x000000078175ddb8,0x0000000782280000)
 Metaspace       used 29383K, capacity 30900K, committed 31232K, reserved 1077248K
  class space    used 4007K, capacity 4302K, committed 4352K, reserved 1048576K
}
Event: 312.741 GC heap before
{Heap before GC invocations=12 (full 1):
 PSYoungGen      total 35840K, used 35416K [0x00000007aab00000, 0x00000007ae500000, 0x00000007c0000000)
  eden space 19456K, 100% used [0x00000007aab00000,0x00000007abe00000,0x00000007abe00000)
  from space 16384K, 97% used [0x00000007ad080000,0x00000007ae016010,0x00000007ae080000)
  to   space 18944K, 0% used [0x00000007abe00000,0x00000007abe00000,0x00000007ad080000)
 ParOldGen       total 35328K, used 23927K [0x0000000780000000, 0x0000000782280000, 0x00000007aab00000)
  object space 35328K, 67% used [0x0000000780000000,0x000000078175ddb8,0x0000000782280000)
 Metaspace       used 29406K, capacity 30900K, committed 31232K, reserved 1077248K
  class space    used 4007K, capacity 4302K, committed 4352K, reserved 1048576K
Event: 312.765 GC heap after
Heap after GC invocations=12 (full 1):
 PSYoungGen      total 38400K, used 16184K [0x00000007aab00000, 0x00000007ae700000, 0x00000007c0000000)
  eden space 19456K, 0% used [0x00000007aab00000,0x00000007aab00000,0x00000007abe00000)
  from space 18944K, 85% used [0x00000007abe00000,0x00000007acdce010,0x00000007ad080000)
  to   space 20992K, 0% used [0x00000007ad280000,0x00000007ad280000,0x00000007ae700000)
 ParOldGen       total 35328K, used 23927K [0x0000000780000000, 0x0000000782280000, 0x00000007aab00000)
  object space 35328K, 67% used [0x0000000780000000,0x000000078175ddb8,0x0000000782280000)
 Metaspace       used 29406K, capacity 30900K, committed 31232K, reserved 1077248K
  class space    used 4007K, capacity 4302K, committed 4352K, reserved 1048576K
}
Event: 405.062 GC heap before
{Heap before GC invocations=13 (full 1):
 PSYoungGen      total 38400K, used 35640K [0x00000007aab00000, 0x00000007ae700000, 0x00000007c0000000)
  eden space 19456K, 100% used [0x00000007aab00000,0x00000007abe00000,0x00000007abe00000)
  from space 18944K, 85% used [0x00000007abe00000,0x00000007acdce010,0x00000007ad080000)
  to   space 20992K, 0% used [0x00000007ad280000,0x00000007ad280000,0x00000007ae700000)
 ParOldGen       total 35328K, used 23927K [0x0000000780000000, 0x0000000782280000, 0x00000007aab00000)
  object space 35328K, 67% used [0x0000000780000000,0x000000078175ddb8,0x0000000782280000)
 Metaspace       used 29602K, capacity 31104K, committed 31232K, reserved 1077248K
  class space    used 4015K, capacity 4304K, committed 4352K, reserved 1048576K
Event: 405.105 GC heap after
Heap after GC invocations=13 (full 1):
 PSYoungGen      total 38912K, used 16696K [0x00000007aab00000, 0x00000007aea00000, 0x00000007c0000000)
  eden space 17920K, 0% used [0x00000007aab00000,0x00000007aab00000,0x00000007abc80000)
  from space 20992K, 79% used [0x00000007ad280000,0x00000007ae2ce050,0x00000007ae700000)
  to   space 22528K, 0% used [0x00000007abc80000,0x00000007abc80000,0x00000007ad280000)
 ParOldGen       total 35328K, used 23935K [0x0000000780000000, 0x0000000782280000, 0x00000007aab00000)
  object space 35328K, 67% used [0x0000000780000000,0x000000078175fdb8,0x0000000782280000)
 Metaspace       used 29602K, capacity 31104K, committed 31232K, reserved 1077248K
  class space    used 4015K, capacity 4304K, committed 4352K, reserved 1048576K
}
Event: 509.756 GC heap before
{Heap before GC invocations=14 (full 1):
 PSYoungGen      total 38912K, used 34606K [0x00000007aab00000, 0x00000007aea00000, 0x00000007c0000000)
  eden space 17920K, 99% used [0x00000007aab00000,0x00000007abc7da20,0x00000007abc80000)
  from space 20992K, 79% used [0x00000007ad280000,0x00000007ae2ce050,0x00000007ae700000)
  to   space 22528K, 0% used [0x00000007abc80000,0x00000007abc80000,0x00000007ad280000)
 ParOldGen       total 35328K, used 23935K [0x0000000780000000, 0x0000000782280000, 0x00000007aab00000)
  object space 35328K, 67% used [0x0000000780000000,0x000000078175fdb8,0x0000000782280000)
 Metaspace       used 29702K, capacity 31224K, committed 31488K, reserved 1077248K
  class space    used 4023K, capacity 4342K, committed 4352K, reserved 1048576K
Event: 509.781 GC heap after
Heap after GC invocations=14 (full 1):
 PSYoungGen      total 40448K, used 15856K [0x00000007aab00000, 0x00000007aea80000, 0x00000007c0000000)
  eden space 17920K, 0% used [0x00000007aab00000,0x00000007aab00000,0x00000007abc80000)
  from space 22528K, 70% used [0x00000007abc80000,0x00000007acbfc020,0x00000007ad280000)
  to   space 23552K, 0% used [0x00000007ad380000,0x00000007ad380000,0x00000007aea80000)
 ParOldGen       total 35328K, used 23935K [0x0000000780000000, 0x0000000782280000, 0x00000007aab00000)
  object space 35328K, 67% used [0x0000000780000000,0x000000078175fdb8,0x0000000782280000)
 Metaspace       used 29702K, capacity 31224K, committed 31488K, reserved 1077248K
  class space    used 4023K, capacity 4342K, committed 4352K, reserved 1048576K
}
Event: 597.811 GC heap before
{Heap before GC invocations=15 (full 1):
 PSYoungGen      total 40448K, used 33776K [0x00000007aab00000, 0x00000007aea80000, 0x00000007c0000000)
  eden space 17920K, 100% used [0x00000007aab00000,0x00000007abc80000,0x00000007abc80000)
  from space 22528K, 70% used [0x00000007abc80000,0x00000007acbfc020,0x00000007ad280000)
  to   space 23552K, 0% used [0x00000007ad380000,0x00000007ad380000,0x00000007aea80000)
 ParOldGen       total 35328K, used 23935K [0x0000000780000000, 0x0000000782280000, 0x00000007aab00000)
  object space 35328K, 67% used [0x0000000780000000,0x000000078175fdb8,0x0000000782280000)
 Metaspace       used 29814K, capacity 31312K, committed 31488K, reserved 1077248K
  class space    used 4026K, capacity 4346K, committed 4352K, reserved 1048576K
Event: 597.838 GC heap after
Heap after GC invocations=15 (full 1):
 PSYoungGen      total 40448K, used 16040K [0x00000007aab00000, 0x00000007aec80000, 0x00000007c0000000)
  eden space 16896K, 0% used [0x00000007aab00000,0x00000007aab00000,0x00000007abb80000)
  from space 23552K, 68% used [0x00000007ad380000,0x00000007ae32a030,0x00000007aea80000)
  to   space 24576K, 0% used [0x00000007abb80000,0x00000007abb80000,0x00000007ad380000)
 ParOldGen       total 35328K, used 23943K [0x0000000780000000, 0x0000000782280000, 0x00000007aab00000)
  object space 35328K, 67% used [0x0000000780000000,0x0000000781761db8,0x0000000782280000)
 Metaspace       used 29814K, capacity 31312K, committed 31488K, reserved 1077248K
  class space    used 4026K, capacity 4346K, committed 4352K, reserved 1048576K
}

