# JRE version: Java(TM) SE Runtime Environment (8.0_40-b27) (build 1.8.0_40-b27)
# Java VM: Java HotSpot(TM) 64-Bit Server VM (25.40-b25 mixed mode bsd-amd64 compressed oops)
Heap:
 PSYoungGen      total 44032K, used 39196K [0x0000000145900000, 0x0000000149500000, 0x000000015ae00000)
  eden space 32768K, 85% used [0x0000000145900000,0x00000001474470d8,0x0000000147900000)
  from space 11264K, 100% used [0x0000000147980000,0x0000000148480000,0x0000000148480000)
  to   space 14336K, 0% used [0x0000000148700000,0x0000000148700000,0x0000000149500000)
 ParOldGen       total 33280K, used 16409K [0x000000011ae00000, 0x000000011ce80000, 0x0000000145900000)
  object space 33280K, 49% used [0x000000011ae00000,0x000000011be06780,0x000000011ce80000)
 Metaspace       used 29967K, capacity 31470K, committed 31872K, reserved 1077248K
  class space    used 4044K, capacity 4363K, committed 4480K, reserved 1048576K
GC Heap History (10 events):
Event: 38.231 GC heap before
{Heap before GC invocations=6 (full 1):
 PSYoungGen      total 18944K, used 16384K [0x0000000145900000, 0x0000000147e00000, 0x000000015ae00000)
  eden space 16384K, 100% used [0x0000000145900000,0x0000000146900000,0x0000000146900000)
  from space 2560K, 0% used [0x0000000146b80000,0x0000000146b80000,0x0000000146e00000)
  to   space 2560K, 0% used [0x0000000146900000,0x0000000146900000,0x0000000146b80000)
 ParOldGen       total 33280K, used 7235K [0x000000011ae00000, 0x000000011ce80000, 0x0000000145900000)
  object space 33280K, 21% used [0x000000011ae00000,0x000000011b510c60,0x000000011ce80000)
 Metaspace       used 22055K, capacity 23370K, committed 23552K, reserved 1069056K
  class space    used 3173K, capacity 3457K, committed 3584K, reserved 1048576K
Event: 38.241 GC heap after
Heap after GC invocations=6 (full 1):
 PSYoungGen      total 18944K, used 1552K [0x0000000145900000, 0x0000000147e00000, 0x000000015ae00000)
  eden space 16384K, 0% used [0x0000000145900000,0x0000000145900000,0x0000000146900000)
  from space 2560K, 60% used [0x0000000146900000,0x0000000146a84010,0x0000000146b80000)
  to   space 6144K, 0% used [0x0000000147800000,0x0000000147800000,0x0000000147e00000)
 ParOldGen       total 33280K, used 9291K [0x000000011ae00000, 0x000000011ce80000, 0x0000000145900000)
  object space 33280K, 27% used [0x000000011ae00000,0x000000011b712c70,0x000000011ce80000)
 Metaspace       used 22055K, capacity 23370K, committed 23552K, reserved 1069056K
  class space    used 3173K, capacity 3457K, committed 3584K, reserved 1048576K
}
Event: 53.177 GC heap before
{Heap before GC invocations=7 (full 1):
 PSYoungGen      total 18944K, used 17936K [0x0000000145900000, 0x0000000147e00000, 0x000000015ae00000)
  eden space 16384K, 100% used [0x0000000145900000,0x0000000146900000,0x0000000146900000)
  from space 2560K, 60% used [0x0000000146900000,0x0000000146a84010,0x0000000146b80000)
  to   space 6144K, 0% used [0x0000000147800000,0x0000000147800000,0x0000000147e00000)
 ParOldGen       total 33280K, used 9291K [0x000000011ae00000, 0x000000011ce80000, 0x0000000145900000)
  object space 33280K, 27% used [0x000000011ae00000,0x000000011b712c70,0x000000011ce80000)
 Metaspace       used 22416K, capacity 23786K, committed 24064K, reserved 1069056K
  class space    used 3184K, capacity 3489K, committed 3584K, reserved 1048576K
Event: 53.201 GC heap after
Heap after GC invocations=7 (full 1):
 PSYoungGen      total 30720K, used 5216K [0x0000000145900000, 0x0000000147e00000, 0x000000015ae00000)
  eden space 24576K, 0% used [0x0000000145900000,0x0000000145900000,0x0000000147100000)
  from space 6144K, 84% used [0x0000000147800000,0x0000000147d18000,0x0000000147e00000)
  to   space 6656K, 0% used [0x0000000147100000,0x0000000147100000,0x0000000147780000)
 ParOldGen       total 33280K, used 9291K [0x000000011ae00000, 0x000000011ce80000, 0x0000000145900000)
  object space 33280K, 27% used [0x000000011ae00000,0x000000011b712c70,0x000000011ce80000)
 Metaspace       used 22416K, capacity 23786K, committed 24064K, reserved 1069056K
  class space    used 3184K, capacity 3489K, committed 3584K, reserved 1048576K
}
Event: 182.566 GC heap before
{Heap before GC invocations=8 (full 1):
 PSYoungGen      total 30720K, used 29792K [0x0000000145900000, 0x0000000147e00000, 0x000000015ae00000)
  eden space 24576K, 100% used [0x0000000145900000,0x0000000147100000,0x0000000147100000)
  from space 6144K, 84% used [0x0000000147800000,0x0000000147d18000,0x0000000147e00000)
  to   space 6656K, 0% used [0x0000000147100000,0x0000000147100000,0x0000000147780000)
 ParOldGen       total 33280K, used 9291K [0x000000011ae00000, 0x000000011ce80000, 0x0000000145900000)
  object space 33280K, 27% used [0x000000011ae00000,0x000000011b712c70,0x000000011ce80000)
 Metaspace       used 28704K, capacity 30160K, committed 30464K, reserved 1075200K
  class space    used 4002K, capacity 4302K, committed 4352K, reserved 1048576K
Event: 182.616 GC heap after
Heap after GC invocations=8 (full 1):
 PSYoungGen      total 31232K, used 6624K [0x0000000145900000, 0x0000000148d80000, 0x000000015ae00000)
  eden space 24576K, 0% used [0x0000000145900000,0x0000000145900000,0x0000000147100000)
  from space 6656K, 99% used [0x0000000147100000,0x0000000147778010,0x0000000147780000)
  to   space 9216K, 0% used [0x0000000148480000,0x0000000148480000,0x0000000148d80000)
 ParOldGen       total 33280K, used 12245K [0x000000011ae00000, 0x000000011ce80000, 0x0000000145900000)
  object space 33280K, 36% used [0x000000011ae00000,0x000000011b9f5740,0x000000011ce80000)
 Metaspace       used 28704K, capacity 30160K, committed 30464K, reserved 1075200K
  class space    used 4002K, capacity 4302K, committed 4352K, reserved 1048576K
}
Event: 227.890 GC heap before
{Heap before GC invocations=9 (full 1):
 PSYoungGen      total 31232K, used 31200K [0x0000000145900000, 0x0000000148d80000, 0x000000015ae00000)
  eden space 24576K, 100% used [0x0000000145900000,0x0000000147100000,0x0000000147100000)
  from space 6656K, 99% used [0x0000000147100000,0x0000000147778010,0x0000000147780000)
  to   space 9216K, 0% used [0x0000000148480000,0x0000000148480000,0x0000000148d80000)
 ParOldGen       total 33280K, used 12245K [0x000000011ae00000, 0x000000011ce80000, 0x0000000145900000)
  object space 33280K, 36% used [0x000000011ae00000,0x000000011b9f5740,0x000000011ce80000)
 Metaspace       used 29387K, capacity 30882K, committed 30976K, reserved 1075200K
  class space    used 4023K, capacity 4345K, committed 4352K, reserved 1048576K
Event: 227.945 GC heap after
Heap after GC invocations=9 (full 1):
 PSYoungGen      total 42496K, used 9184K [0x0000000145900000, 0x0000000149000000, 0x000000015ae00000)
  eden space 33280K, 0% used [0x0000000145900000,0x0000000145900000,0x0000000147980000)
  from space 9216K, 99% used [0x0000000148480000,0x0000000148d78010,0x0000000148d80000)
  to   space 11264K, 0% used [0x0000000147980000,0x0000000147980000,0x0000000148480000)
 ParOldGen       total 33280K, used 13885K [0x000000011ae00000, 0x000000011ce80000, 0x0000000145900000)
  object space 33280K, 41% used [0x000000011ae00000,0x000000011bb8f760,0x000000011ce80000)
 Metaspace       used 29387K, capacity 30882K, committed 30976K, reserved 1075200K
  class space    used 4023K, capacity 4345K, committed 4352K, reserved 1048576K
}
Event: 286.218 GC heap before
{Heap before GC invocations=10 (full 1):
 PSYoungGen      total 42496K, used 42464K [0x0000000145900000, 0x0000000149000000, 0x000000015ae00000)
  eden space 33280K, 100% used [0x0000000145900000,0x0000000147980000,0x0000000147980000)
  from space 9216K, 99% used [0x0000000148480000,0x0000000148d78010,0x0000000148d80000)
  to   space 11264K, 0% used [0x0000000147980000,0x0000000147980000,0x0000000148480000)
 ParOldGen       total 33280K, used 13885K [0x000000011ae00000, 0x000000011ce80000, 0x0000000145900000)
  object space 33280K, 41% used [0x000000011ae00000,0x000000011bb8f760,0x000000011ce80000)
 Metaspace       used 29895K, capacity 31374K, committed 31616K, reserved 1077248K
  class space    used 4038K, capacity 4355K, committed 4480K, reserved 1048576K
Event: 286.253 GC heap after
Heap after GC invocations=10 (full 1):
 PSYoungGen      total 44032K, used 11264K [0x0000000145900000, 0x0000000149500000, 0x000000015ae00000)
  eden space 32768K, 0% used [0x0000000145900000,0x0000000145900000,0x0000000147900000)
  from space 11264K, 100% used [0x0000000147980000,0x0000000148480000,0x0000000148480000)
  to   space 14336K, 0% used [0x0000000148700000,0x0000000148700000,0x0000000149500000)
 ParOldGen       total 33280K, used 16409K [0x000000011ae00000, 0x000000011ce80000, 0x0000000145900000)
  object space 33280K, 49% used [0x000000011ae00000,0x000000011be06780,0x000000011ce80000)
 Metaspace       used 29895K, capacity 31374K, committed 31616K, reserved 1077248K
  class space    used 4038K, capacity 4355K, committed 4480K, reserved 1048576K
}

