# JRE version: Java(TM) SE Runtime Environment (8.0_40-b27) (build 1.8.0_40-b27)
# Java VM: Java HotSpot(TM) 64-Bit Server VM (25.40-b25 mixed mode bsd-amd64 compressed oops)
Heap:
 PSYoungGen      total 23552K, used 3930K [0x0000000149d00000, 0x000000014bf00000, 0x000000015f200000)
  eden space 13312K, 29% used [0x0000000149d00000,0x000000014a0d69b8,0x000000014aa00000)
  from space 10240K, 0% used [0x000000014aa00000,0x000000014aa00000,0x000000014b400000)
  to   space 10752K, 0% used [0x000000014b480000,0x000000014b480000,0x000000014bf00000)
 ParOldGen       total 37888K, used 16373K [0x000000011f200000, 0x0000000121700000, 0x0000000149d00000)
  object space 37888K, 43% used [0x000000011f200000,0x00000001201fd468,0x0000000121700000)
 Metaspace       used 28992K, capacity 30578K, committed 30720K, reserved 1075200K
  class space    used 4036K, capacity 4352K, committed 4352K, reserved 1048576K
GC Heap History (10 events):
Event: 280.340 GC heap before
{Heap before GC invocations=9 (full 1):
 PSYoungGen      total 23040K, used 22464K [0x0000000149d00000, 0x000000014be00000, 0x000000015f200000)
  eden space 14336K, 100% used [0x0000000149d00000,0x000000014ab00000,0x000000014ab00000)
  from space 8704K, 93% used [0x000000014ab00000,0x000000014b2f0010,0x000000014b380000)
  to   space 9728K, 0% used [0x000000014b480000,0x000000014b480000,0x000000014be00000)
 ParOldGen       total 29696K, used 13811K [0x000000011f200000, 0x0000000120f00000, 0x0000000149d00000)
  object space 29696K, 46% used [0x000000011f200000,0x000000011ff7cf60,0x0000000120f00000)
 Metaspace       used 28339K, capacity 29752K, committed 29952K, reserved 1075200K
  class space    used 4012K, capacity 4263K, committed 4352K, reserved 1048576K
Event: 280.385 GC heap after
Heap after GC invocations=9 (full 1):
 PSYoungGen      total 23040K, used 8448K [0x0000000149d00000, 0x000000014c000000, 0x000000015f200000)
  eden space 13312K, 0% used [0x0000000149d00000,0x0000000149d00000,0x000000014aa00000)
  from space 9728K, 86% used [0x000000014b480000,0x000000014bcc0010,0x000000014be00000)
  to   space 10752K, 0% used [0x000000014aa00000,0x000000014aa00000,0x000000014b480000)
 ParOldGen       total 29696K, used 13811K [0x000000011f200000, 0x0000000120f00000, 0x0000000149d00000)
  object space 29696K, 46% used [0x000000011f200000,0x000000011ff7cf60,0x0000000120f00000)
 Metaspace       used 28339K, capacity 29752K, committed 29952K, reserved 1075200K
  class space    used 4012K, capacity 4263K, committed 4352K, reserved 1048576K
}
Event: 318.815 GC heap before
{Heap before GC invocations=10 (full 1):
 PSYoungGen      total 23040K, used 21760K [0x0000000149d00000, 0x000000014c000000, 0x000000015f200000)
  eden space 13312K, 100% used [0x0000000149d00000,0x000000014aa00000,0x000000014aa00000)
  from space 9728K, 86% used [0x000000014b480000,0x000000014bcc0010,0x000000014be00000)
  to   space 10752K, 0% used [0x000000014aa00000,0x000000014aa00000,0x000000014b480000)
 ParOldGen       total 29696K, used 13811K [0x000000011f200000, 0x0000000120f00000, 0x0000000149d00000)
  object space 29696K, 46% used [0x000000011f200000,0x000000011ff7cf60,0x0000000120f00000)
 Metaspace       used 28609K, capacity 30038K, committed 30208K, reserved 1075200K
  class space    used 4018K, capacity 4268K, committed 4352K, reserved 1048576K
Event: 318.868 GC heap after
Heap after GC invocations=10 (full 1):
 PSYoungGen      total 24064K, used 4480K [0x0000000149d00000, 0x000000014bf00000, 0x000000015f200000)
  eden space 13312K, 0% used [0x0000000149d00000,0x0000000149d00000,0x000000014aa00000)
  from space 10752K, 41% used [0x000000014aa00000,0x000000014ae60000,0x000000014b480000)
  to   space 10752K, 0% used [0x000000014b480000,0x000000014b480000,0x000000014bf00000)
 ParOldGen       total 29696K, used 18313K [0x000000011f200000, 0x0000000120f00000, 0x0000000149d00000)
  object space 29696K, 61% used [0x000000011f200000,0x00000001203e25a8,0x0000000120f00000)
 Metaspace       used 28609K, capacity 30038K, committed 30208K, reserved 1075200K
  class space    used 4018K, capacity 4268K, committed 4352K, reserved 1048576K
}
Event: 320.482 GC heap before
{Heap before GC invocations=11 (full 1):
 PSYoungGen      total 24064K, used 17792K [0x0000000149d00000, 0x000000014bf00000, 0x000000015f200000)
  eden space 13312K, 100% used [0x0000000149d00000,0x000000014aa00000,0x000000014aa00000)
  from space 10752K, 41% used [0x000000014aa00000,0x000000014ae60000,0x000000014b480000)
  to   space 10752K, 0% used [0x000000014b480000,0x000000014b480000,0x000000014bf00000)
 ParOldGen       total 29696K, used 18313K [0x000000011f200000, 0x0000000120f00000, 0x0000000149d00000)
  object space 29696K, 61% used [0x000000011f200000,0x00000001203e25a8,0x0000000120f00000)
 Metaspace       used 28814K, capacity 30318K, committed 30464K, reserved 1075200K
  class space    used 4030K, capacity 4312K, committed 4352K, reserved 1048576K
Event: 320.512 GC heap after
Heap after GC invocations=11 (full 1):
 PSYoungGen      total 23040K, used 3360K [0x0000000149d00000, 0x000000014be00000, 0x000000015f200000)
  eden space 13312K, 0% used [0x0000000149d00000,0x0000000149d00000,0x000000014aa00000)
  from space 9728K, 34% used [0x000000014b480000,0x000000014b7c8000,0x000000014be00000)
  to   space 10240K, 0% used [0x000000014aa00000,0x000000014aa00000,0x000000014b400000)
 ParOldGen       total 29696K, used 22145K [0x000000011f200000, 0x0000000120f00000, 0x0000000149d00000)
  object space 29696K, 74% used [0x000000011f200000,0x00000001207a05a8,0x0000000120f00000)
 Metaspace       used 28814K, capacity 30318K, committed 30464K, reserved 1075200K
  class space    used 4030K, capacity 4312K, committed 4352K, reserved 1048576K
}
Event: 514.549 GC heap before
{Heap before GC invocations=12 (full 1):
 PSYoungGen      total 23040K, used 16672K [0x0000000149d00000, 0x000000014be00000, 0x000000015f200000)
  eden space 13312K, 100% used [0x0000000149d00000,0x000000014aa00000,0x000000014aa00000)
  from space 9728K, 34% used [0x000000014b480000,0x000000014b7c8000,0x000000014be00000)
  to   space 10240K, 0% used [0x000000014aa00000,0x000000014aa00000,0x000000014b400000)
 ParOldGen       total 29696K, used 22145K [0x000000011f200000, 0x0000000120f00000, 0x0000000149d00000)
  object space 29696K, 74% used [0x000000011f200000,0x00000001207a05a8,0x0000000120f00000)
 Metaspace       used 28975K, capacity 30546K, committed 30720K, reserved 1075200K
  class space    used 4031K, capacity 4344K, committed 4352K, reserved 1048576K
Event: 514.568 GC heap after
Heap after GC invocations=12 (full 1):
 PSYoungGen      total 23552K, used 224K [0x0000000149d00000, 0x000000014bf00000, 0x000000015f200000)
  eden space 13312K, 0% used [0x0000000149d00000,0x0000000149d00000,0x000000014aa00000)
  from space 10240K, 2% used [0x000000014aa00000,0x000000014aa38000,0x000000014b400000)
  to   space 10752K, 0% used [0x000000014b480000,0x000000014b480000,0x000000014bf00000)
 ParOldGen       total 29696K, used 25137K [0x000000011f200000, 0x0000000120f00000, 0x0000000149d00000)
  object space 29696K, 84% used [0x000000011f200000,0x0000000120a8c5a8,0x0000000120f00000)
 Metaspace       used 28975K, capacity 30546K, committed 30720K, reserved 1075200K
  class space    used 4031K, capacity 4344K, committed 4352K, reserved 1048576K
}
Event: 514.582 GC heap before
{Heap before GC invocations=13 (full 2):
 PSYoungGen      total 23552K, used 224K [0x0000000149d00000, 0x000000014bf00000, 0x000000015f200000)
  eden space 13312K, 0% used [0x0000000149d00000,0x0000000149d00000,0x000000014aa00000)
  from space 10240K, 2% used [0x000000014aa00000,0x000000014aa38000,0x000000014b400000)
  to   space 10752K, 0% used [0x000000014b480000,0x000000014b480000,0x000000014bf00000)
 ParOldGen       total 29696K, used 25137K [0x000000011f200000, 0x0000000120f00000, 0x0000000149d00000)
  object space 29696K, 84% used [0x000000011f200000,0x0000000120a8c5a8,0x0000000120f00000)
 Metaspace       used 28975K, capacity 30546K, committed 30720K, reserved 1075200K
  class space    used 4031K, capacity 4344K, committed 4352K, reserved 1048576K
Event: 514.804 GC heap after
Heap after GC invocations=13 (full 2):
 PSYoungGen      total 23552K, used 0K [0x0000000149d00000, 0x000000014bf00000, 0x000000015f200000)
  eden space 13312K, 0% used [0x0000000149d00000,0x0000000149d00000,0x000000014aa00000)
  from space 10240K, 0% used [0x000000014aa00000,0x000000014aa00000,0x000000014b400000)
  to   space 10752K, 0% used [0x000000014b480000,0x000000014b480000,0x000000014bf00000)
 ParOldGen       total 37888K, used 16373K [0x000000011f200000, 0x0000000121700000, 0x0000000149d00000)
  object space 37888K, 43% used [0x000000011f200000,0x00000001201fd468,0x0000000121700000)
 Metaspace       used 28975K, capacity 30546K, committed 30720K, reserved 1075200K
  class space    used 4031K, capacity 4344K, committed 4352K, reserved 1048576K
}

