# JRE version: Java(TM) SE Runtime Environment (8.0_40-b27) (build 1.8.0_40-b27)
# Java VM: Java HotSpot(TM) 64-Bit Server VM (25.40-b25 mixed mode bsd-amd64 compressed oops)
Heap:
 PSYoungGen      total 18944K, used 18139K [0x00000007aab00000, 0x00000007ace80000, 0x00000007c0000000)
  eden space 16384K, 95% used [0x00000007aab00000,0x00000007aba3e198,0x00000007abb00000)
  from space 2560K, 98% used [0x00000007abb00000,0x00000007abd78cc0,0x00000007abd80000)
  to   space 6656K, 0% used [0x00000007ac800000,0x00000007ac800000,0x00000007ace80000)
 ParOldGen       total 37376K, used 6449K [0x0000000780000000, 0x0000000782480000, 0x00000007aab00000)
  object space 37376K, 17% used [0x0000000780000000,0x000000078064c680,0x0000000782480000)
 Metaspace       used 26772K, capacity 28042K, committed 28288K, reserved 1073152K
  class space    used 3919K, capacity 4180K, committed 4224K, reserved 1048576K
GC Heap History (10 events):
Event: 4.339 GC heap before
{Heap before GC invocations=2 (full 0):
 PSYoungGen      total 18944K, used 18935K [0x00000007aab00000, 0x00000007ac000000, 0x00000007c0000000)
  eden space 16384K, 100% used [0x00000007aab00000,0x00000007abb00000,0x00000007abb00000)
  from space 2560K, 99% used [0x00000007abb00000,0x00000007abd7de10,0x00000007abd80000)
  to   space 2560K, 0% used [0x00000007abd80000,0x00000007abd80000,0x00000007ac000000)
 ParOldGen       total 44032K, used 279K [0x0000000780000000, 0x0000000782b00000, 0x00000007aab00000)
  object space 44032K, 0% used [0x0000000780000000,0x0000000780045fa0,0x0000000782b00000)
 Metaspace       used 12946K, capacity 13266K, committed 13568K, reserved 1060864K
  class space    used 1647K, capacity 1765K, committed 1792K, reserved 1048576K
Event: 4.349 GC heap after
Heap after GC invocations=2 (full 0):
 PSYoungGen      total 18944K, used 2528K [0x00000007aab00000, 0x00000007ac000000, 0x00000007c0000000)
  eden space 16384K, 0% used [0x00000007aab00000,0x00000007aab00000,0x00000007abb00000)
  from space 2560K, 98% used [0x00000007abd80000,0x00000007abff8060,0x00000007ac000000)
  to   space 2560K, 0% used [0x00000007abb00000,0x00000007abb00000,0x00000007abd80000)
 ParOldGen       total 44032K, used 2459K [0x0000000780000000, 0x0000000782b00000, 0x00000007aab00000)
  object space 44032K, 5% used [0x0000000780000000,0x0000000780266c68,0x0000000782b00000)
 Metaspace       used 12946K, capacity 13266K, committed 13568K, reserved 1060864K
  class space    used 1647K, capacity 1765K, committed 1792K, reserved 1048576K
}
Event: 13.965 GC heap before
{Heap before GC invocations=3 (full 0):
 PSYoungGen      total 18944K, used 18912K [0x00000007aab00000, 0x00000007ac000000, 0x00000007c0000000)
  eden space 16384K, 100% used [0x00000007aab00000,0x00000007abb00000,0x00000007abb00000)
  from space 2560K, 98% used [0x00000007abd80000,0x00000007abff8060,0x00000007ac000000)
  to   space 2560K, 0% used [0x00000007abb00000,0x00000007abb00000,0x00000007abd80000)
 ParOldGen       total 44032K, used 2459K [0x0000000780000000, 0x0000000782b00000, 0x00000007aab00000)
  object space 44032K, 5% used [0x0000000780000000,0x0000000780266c68,0x0000000782b00000)
 Metaspace       used 16371K, capacity 16736K, committed 16896K, reserved 1064960K
  class space    used 2115K, capacity 2228K, committed 2304K, reserved 1048576K
Event: 13.978 GC heap after
Heap after GC invocations=3 (full 0):
 PSYoungGen      total 18944K, used 2544K [0x00000007aab00000, 0x00000007ac000000, 0x00000007c0000000)
  eden space 16384K, 0% used [0x00000007aab00000,0x00000007aab00000,0x00000007abb00000)
  from space 2560K, 99% used [0x00000007abb00000,0x00000007abd7c030,0x00000007abd80000)
  to   space 2560K, 0% used [0x00000007abd80000,0x00000007abd80000,0x00000007ac000000)
 ParOldGen       total 44032K, used 5332K [0x0000000780000000, 0x0000000782b00000, 0x00000007aab00000)
  object space 44032K, 12% used [0x0000000780000000,0x0000000780535280,0x0000000782b00000)
 Metaspace       used 16371K, capacity 16736K, committed 16896K, reserved 1064960K
  class space    used 2115K, capacity 2228K, committed 2304K, reserved 1048576K
}
Event: 16.884 GC heap before
{Heap before GC invocations=4 (full 0):
 PSYoungGen      total 18944K, used 16853K [0x00000007aab00000, 0x00000007ac000000, 0x00000007c0000000)
  eden space 16384K, 87% used [0x00000007aab00000,0x00000007ab8f96d8,0x00000007abb00000)
  from space 2560K, 99% used [0x00000007abb00000,0x00000007abd7c030,0x00000007abd80000)
  to   space 2560K, 0% used [0x00000007abd80000,0x00000007abd80000,0x00000007ac000000)
 ParOldGen       total 44032K, used 5332K [0x0000000780000000, 0x0000000782b00000, 0x00000007aab00000)
  object space 44032K, 12% used [0x0000000780000000,0x0000000780535280,0x0000000782b00000)
 Metaspace       used 20508K, capacity 21082K, committed 21248K, reserved 1067008K
  class space    used 2812K, capacity 2966K, committed 3072K, reserved 1048576K
Event: 16.914 GC heap after
Heap after GC invocations=4 (full 0):
 PSYoungGen      total 18944K, used 2528K [0x00000007aab00000, 0x00000007ac000000, 0x00000007c0000000)
  eden space 16384K, 0% used [0x00000007aab00000,0x00000007aab00000,0x00000007abb00000)
  from space 2560K, 98% used [0x00000007abd80000,0x00000007abff8040,0x00000007ac000000)
  to   space 2560K, 0% used [0x00000007abb00000,0x00000007abb00000,0x00000007abd80000)
 ParOldGen       total 44032K, used 7930K [0x0000000780000000, 0x0000000782b00000, 0x00000007aab00000)
  object space 44032K, 18% used [0x0000000780000000,0x00000007807be898,0x0000000782b00000)
 Metaspace       used 20508K, capacity 21082K, committed 21248K, reserved 1067008K
  class space    used 2812K, capacity 2966K, committed 3072K, reserved 1048576K
}
Event: 16.914 GC heap before
{Heap before GC invocations=5 (full 1):
 PSYoungGen      total 18944K, used 2528K [0x00000007aab00000, 0x00000007ac000000, 0x00000007c0000000)
  eden space 16384K, 0% used [0x00000007aab00000,0x00000007aab00000,0x00000007abb00000)
  from space 2560K, 98% used [0x00000007abd80000,0x00000007abff8040,0x00000007ac000000)
  to   space 2560K, 0% used [0x00000007abb00000,0x00000007abb00000,0x00000007abd80000)
 ParOldGen       total 44032K, used 7930K [0x0000000780000000, 0x0000000782b00000, 0x00000007aab00000)
  object space 44032K, 18% used [0x0000000780000000,0x00000007807be898,0x0000000782b00000)
 Metaspace       used 20508K, capacity 21082K, committed 21248K, reserved 1067008K
  class space    used 2812K, capacity 2966K, committed 3072K, reserved 1048576K
Event: 17.047 GC heap after
Heap after GC invocations=5 (full 1):
 PSYoungGen      total 18944K, used 0K [0x00000007aab00000, 0x00000007ac000000, 0x00000007c0000000)
  eden space 16384K, 0% used [0x00000007aab00000,0x00000007aab00000,0x00000007abb00000)
  from space 2560K, 0% used [0x00000007abd80000,0x00000007abd80000,0x00000007ac000000)
  to   space 2560K, 0% used [0x00000007abb00000,0x00000007abb00000,0x00000007abd80000)
 ParOldGen       total 37376K, used 6360K [0x0000000780000000, 0x0000000782480000, 0x00000007aab00000)
  object space 37376K, 17% used [0x0000000780000000,0x00000007806360c0,0x0000000782480000)
 Metaspace       used 20508K, capacity 21082K, committed 21248K, reserved 1067008K
  class space    used 2812K, capacity 2966K, committed 3072K, reserved 1048576K
}
Event: 20.186 GC heap before
{Heap before GC invocations=6 (full 1):
 PSYoungGen      total 18944K, used 16384K [0x00000007aab00000, 0x00000007ac000000, 0x00000007c0000000)
  eden space 16384K, 100% used [0x00000007aab00000,0x00000007abb00000,0x00000007abb00000)
  from space 2560K, 0% used [0x00000007abd80000,0x00000007abd80000,0x00000007ac000000)
  to   space 2560K, 0% used [0x00000007abb00000,0x00000007abb00000,0x00000007abd80000)
 ParOldGen       total 37376K, used 6360K [0x0000000780000000, 0x0000000782480000, 0x00000007aab00000)
  object space 37376K, 17% used [0x0000000780000000,0x00000007806360c0,0x0000000782480000)
 Metaspace       used 24857K, capacity 25848K, committed 25984K, reserved 1071104K
  class space    used 3648K, capacity 3875K, committed 3968K, reserved 1048576K
Event: 20.199 GC heap after
Heap after GC invocations=6 (full 1):
 PSYoungGen      total 18944K, used 2531K [0x00000007aab00000, 0x00000007ace80000, 0x00000007c0000000)
  eden space 16384K, 0% used [0x00000007aab00000,0x00000007aab00000,0x00000007abb00000)
  from space 2560K, 98% used [0x00000007abb00000,0x00000007abd78cc0,0x00000007abd80000)
  to   space 6656K, 0% used [0x00000007ac800000,0x00000007ac800000,0x00000007ace80000)
 ParOldGen       total 37376K, used 6449K [0x0000000780000000, 0x0000000782480000, 0x00000007aab00000)
  object space 37376K, 17% used [0x0000000780000000,0x000000078064c680,0x0000000782480000)
 Metaspace       used 24857K, capacity 25848K, committed 25984K, reserved 1071104K
  class space    used 3648K, capacity 3875K, committed 3968K, reserved 1048576K
}

