# JRE version: Java(TM) SE Runtime Environment (8.0_40-b27) (build 1.8.0_40-b27)
# Java VM: Java HotSpot(TM) 64-Bit Server VM (25.40-b25 mixed mode bsd-amd64 compressed oops)
Heap:
 PSYoungGen      total 39424K, used 26916K [0x00000007aab00000, 0x00000007ad800000, 0x00000007c0000000)
  eden space 32768K, 74% used [0x00000007aab00000,0x00000007ac2c1158,0x00000007acb00000)
  from space 6656K, 38% used [0x00000007ad180000,0x00000007ad408010,0x00000007ad800000)
  to   space 6656K, 0% used [0x00000007acb00000,0x00000007acb00000,0x00000007ad180000)
 ParOldGen       total 28672K, used 7917K [0x0000000780000000, 0x0000000781c00000, 0x00000007aab00000)
  object space 28672K, 27% used [0x0000000780000000,0x00000007807bb758,0x0000000781c00000)
 Metaspace       used 27708K, capacity 29102K, committed 29440K, reserved 1075200K
  class space    used 3947K, capacity 4230K, committed 4352K, reserved 1048576K
GC Heap History (10 events):
Event: 57.311 GC heap before
{Heap before GC invocations=3 (full 0):
 PSYoungGen      total 18944K, used 18912K [0x00000007aab00000, 0x00000007ac000000, 0x00000007c0000000)
  eden space 16384K, 100% used [0x00000007aab00000,0x00000007abb00000,0x00000007abb00000)
  from space 2560K, 98% used [0x00000007abd80000,0x00000007abff8040,0x00000007ac000000)
  to   space 2560K, 0% used [0x00000007abb00000,0x00000007abb00000,0x00000007abd80000)
 ParOldGen       total 44032K, used 2812K [0x0000000780000000, 0x0000000782b00000, 0x00000007aab00000)
  object space 44032K, 6% used [0x0000000780000000,0x00000007802bf240,0x0000000782b00000)
 Metaspace       used 16932K, capacity 17366K, committed 17536K, reserved 1064960K
  class space    used 2213K, capacity 2354K, committed 2432K, reserved 1048576K
Event: 57.324 GC heap after
Heap after GC invocations=3 (full 0):
 PSYoungGen      total 18944K, used 2544K [0x00000007aab00000, 0x00000007ac000000, 0x00000007c0000000)
  eden space 16384K, 0% used [0x00000007aab00000,0x00000007aab00000,0x00000007abb00000)
  from space 2560K, 99% used [0x00000007abb00000,0x00000007abd7c010,0x00000007abd80000)
  to   space 2560K, 0% used [0x00000007abd80000,0x00000007abd80000,0x00000007ac000000)
 ParOldGen       total 44032K, used 5385K [0x0000000780000000, 0x0000000782b00000, 0x00000007aab00000)
  object space 44032K, 12% used [0x0000000780000000,0x0000000780542458,0x0000000782b00000)
 Metaspace       used 16932K, capacity 17366K, committed 17536K, reserved 1064960K
  class space    used 2213K, capacity 2354K, committed 2432K, reserved 1048576K
}
Event: 61.315 GC heap before
{Heap before GC invocations=4 (full 0):
 PSYoungGen      total 18944K, used 18928K [0x00000007aab00000, 0x00000007ac000000, 0x00000007c0000000)
  eden space 16384K, 100% used [0x00000007aab00000,0x00000007abb00000,0x00000007abb00000)
  from space 2560K, 99% used [0x00000007abb00000,0x00000007abd7c010,0x00000007abd80000)
  to   space 2560K, 0% used [0x00000007abd80000,0x00000007abd80000,0x00000007ac000000)
 ParOldGen       total 44032K, used 5385K [0x0000000780000000, 0x0000000782b00000, 0x00000007aab00000)
  object space 44032K, 12% used [0x0000000780000000,0x0000000780542458,0x0000000782b00000)
 Metaspace       used 20618K, capacity 21186K, committed 21248K, reserved 1067008K
  class space    used 2842K, capacity 3016K, committed 3072K, reserved 1048576K
Event: 61.332 GC heap after
Heap after GC invocations=4 (full 0):
 PSYoungGen      total 18944K, used 2528K [0x00000007aab00000, 0x00000007ac000000, 0x00000007c0000000)
  eden space 16384K, 0% used [0x00000007aab00000,0x00000007aab00000,0x00000007abb00000)
  from space 2560K, 98% used [0x00000007abd80000,0x00000007abff8010,0x00000007ac000000)
  to   space 2560K, 0% used [0x00000007abb00000,0x00000007abb00000,0x00000007abd80000)
 ParOldGen       total 44032K, used 7440K [0x0000000780000000, 0x0000000782b00000, 0x00000007aab00000)
  object space 44032K, 16% used [0x0000000780000000,0x0000000780744338,0x0000000782b00000)
 Metaspace       used 20618K, capacity 21186K, committed 21248K, reserved 1067008K
  class space    used 2842K, capacity 3016K, committed 3072K, reserved 1048576K
}
Event: 61.332 GC heap before
{Heap before GC invocations=5 (full 0):
 PSYoungGen      total 18944K, used 2827K [0x00000007aab00000, 0x00000007ac000000, 0x00000007c0000000)
  eden space 16384K, 1% used [0x00000007aab00000,0x00000007aab4acf0,0x00000007abb00000)
  from space 2560K, 98% used [0x00000007abd80000,0x00000007abff8010,0x00000007ac000000)
  to   space 2560K, 0% used [0x00000007abb00000,0x00000007abb00000,0x00000007abd80000)
 ParOldGen       total 44032K, used 7440K [0x0000000780000000, 0x0000000782b00000, 0x00000007aab00000)
  object space 44032K, 16% used [0x0000000780000000,0x0000000780744338,0x0000000782b00000)
 Metaspace       used 20618K, capacity 21186K, committed 21248K, reserved 1067008K
  class space    used 2842K, capacity 3016K, committed 3072K, reserved 1048576K
Event: 61.342 GC heap after
Heap after GC invocations=5 (full 0):
 PSYoungGen      total 18944K, used 2544K [0x00000007aab00000, 0x00000007ad800000, 0x00000007c0000000)
  eden space 16384K, 0% used [0x00000007aab00000,0x00000007aab00000,0x00000007abb00000)
  from space 2560K, 99% used [0x00000007abb00000,0x00000007abd7c020,0x00000007abd80000)
  to   space 6656K, 0% used [0x00000007ad180000,0x00000007ad180000,0x00000007ad800000)
 ParOldGen       total 44032K, used 7464K [0x0000000780000000, 0x0000000782b00000, 0x00000007aab00000)
  object space 44032K, 16% used [0x0000000780000000,0x000000078074a338,0x0000000782b00000)
 Metaspace       used 20618K, capacity 21186K, committed 21248K, reserved 1067008K
  class space    used 2842K, capacity 3016K, committed 3072K, reserved 1048576K
}
Event: 61.342 GC heap before
{Heap before GC invocations=6 (full 1):
 PSYoungGen      total 18944K, used 2544K [0x00000007aab00000, 0x00000007ad800000, 0x00000007c0000000)
  eden space 16384K, 0% used [0x00000007aab00000,0x00000007aab00000,0x00000007abb00000)
  from space 2560K, 99% used [0x00000007abb00000,0x00000007abd7c020,0x00000007abd80000)
  to   space 6656K, 0% used [0x00000007ad180000,0x00000007ad180000,0x00000007ad800000)
 ParOldGen       total 44032K, used 7464K [0x0000000780000000, 0x0000000782b00000, 0x00000007aab00000)
  object space 44032K, 16% used [0x0000000780000000,0x000000078074a338,0x0000000782b00000)
 Metaspace       used 20618K, capacity 21186K, committed 21248K, reserved 1067008K
  class space    used 2842K, capacity 3016K, committed 3072K, reserved 1048576K
Event: 61.421 GC heap after
Heap after GC invocations=6 (full 1):
 PSYoungGen      total 18944K, used 0K [0x00000007aab00000, 0x00000007ad800000, 0x00000007c0000000)
  eden space 16384K, 0% used [0x00000007aab00000,0x00000007aab00000,0x00000007abb00000)
  from space 2560K, 0% used [0x00000007abb00000,0x00000007abb00000,0x00000007abd80000)
  to   space 6656K, 0% used [0x00000007ad180000,0x00000007ad180000,0x00000007ad800000)
 ParOldGen       total 28672K, used 7909K [0x0000000780000000, 0x0000000781c00000, 0x00000007aab00000)
  object space 28672K, 27% used [0x0000000780000000,0x00000007807b9758,0x0000000781c00000)
 Metaspace       used 20618K, capacity 21186K, committed 21248K, reserved 1067008K
  class space    used 2842K, capacity 3016K, committed 3072K, reserved 1048576K
}
Event: 64.823 GC heap before
{Heap before GC invocations=7 (full 1):
 PSYoungGen      total 18944K, used 16384K [0x00000007aab00000, 0x00000007ad800000, 0x00000007c0000000)
  eden space 16384K, 100% used [0x00000007aab00000,0x00000007abb00000,0x00000007abb00000)
  from space 2560K, 0% used [0x00000007abb00000,0x00000007abb00000,0x00000007abd80000)
  to   space 6656K, 0% used [0x00000007ad180000,0x00000007ad180000,0x00000007ad800000)
 ParOldGen       total 28672K, used 7909K [0x0000000780000000, 0x0000000781c00000, 0x00000007aab00000)
  object space 28672K, 27% used [0x0000000780000000,0x00000007807b9758,0x0000000781c00000)
 Metaspace       used 25177K, capacity 26320K, committed 26496K, reserved 1071104K
  class space    used 3689K, capacity 3927K, committed 3968K, reserved 1048576K
Event: 64.837 GC heap after
Heap after GC invocations=7 (full 1):
 PSYoungGen      total 39424K, used 2592K [0x00000007aab00000, 0x00000007ad800000, 0x00000007c0000000)
  eden space 32768K, 0% used [0x00000007aab00000,0x00000007aab00000,0x00000007acb00000)
  from space 6656K, 38% used [0x00000007ad180000,0x00000007ad408010,0x00000007ad800000)
  to   space 6656K, 0% used [0x00000007acb00000,0x00000007acb00000,0x00000007ad180000)
 ParOldGen       total 28672K, used 7917K [0x0000000780000000, 0x0000000781c00000, 0x00000007aab00000)
  object space 28672K, 27% used [0x0000000780000000,0x00000007807bb758,0x0000000781c00000)
 Metaspace       used 25177K, capacity 26320K, committed 26496K, reserved 1071104K
  class space    used 3689K, capacity 3927K, committed 3968K, reserved 1048576K
}

