# JRE version: Java(TM) SE Runtime Environment (8.0_40-b27) (build 1.8.0_40-b27)
# Java VM: Java HotSpot(TM) 64-Bit Server VM (25.40-b25 mixed mode bsd-amd64 compressed oops)
Heap:
 PSYoungGen      total 37376K, used 18359K [0x00000007aab00000, 0x00000007ae280000, 0x00000007c0000000)
  eden space 23552K, 29% used [0x00000007aab00000,0x00000007ab1d5f00,0x00000007ac200000)
  from space 13824K, 82% used [0x00000007ac200000,0x00000007acd18000,0x00000007acf80000)
  to   space 14848K, 0% used [0x00000007ad400000,0x00000007ad400000,0x00000007ae280000)
 ParOldGen       total 75264K, used 21474K [0x0000000780000000, 0x0000000784980000, 0x00000007aab00000)
  object space 75264K, 28% used [0x0000000780000000,0x00000007814f8948,0x0000000784980000)
 Metaspace       used 34452K, capacity 35824K, committed 36096K, reserved 1081344K
  class space    used 4806K, capacity 5077K, committed 5120K, reserved 1048576K
GC Heap History (10 events):
Event: 12.472 GC heap before
{Heap before GC invocations=7 (full 1):
 PSYoungGen      total 18944K, used 18816K [0x00000007aab00000, 0x00000007ace00000, 0x00000007c0000000)
  eden space 16384K, 100% used [0x00000007aab00000,0x00000007abb00000,0x00000007abb00000)
  from space 2560K, 95% used [0x00000007abb00000,0x00000007abd60010,0x00000007abd80000)
  to   space 7168K, 0% used [0x00000007ac700000,0x00000007ac700000,0x00000007ace00000)
 ParOldGen       total 38912K, used 6491K [0x0000000780000000, 0x0000000782600000, 0x00000007aab00000)
  object space 38912K, 16% used [0x0000000780000000,0x0000000780656dd0,0x0000000782600000)
 Metaspace       used 27687K, capacity 28938K, committed 29184K, reserved 1075200K
  class space    used 4052K, capacity 4312K, committed 4352K, reserved 1048576K
Event: 12.507 GC heap after
Heap after GC invocations=7 (full 1):
 PSYoungGen      total 27648K, used 6722K [0x00000007aab00000, 0x00000007acf80000, 0x00000007c0000000)
  eden space 20480K, 0% used [0x00000007aab00000,0x00000007aab00000,0x00000007abf00000)
  from space 7168K, 93% used [0x00000007ac700000,0x00000007acd90ab0,0x00000007ace00000)
  to   space 8192K, 0% used [0x00000007abf00000,0x00000007abf00000,0x00000007ac700000)
 ParOldGen       total 38912K, used 6491K [0x0000000780000000, 0x0000000782600000, 0x00000007aab00000)
  object space 38912K, 16% used [0x0000000780000000,0x0000000780656dd0,0x0000000782600000)
 Metaspace       used 27687K, capacity 28938K, committed 29184K, reserved 1075200K
  class space    used 4052K, capacity 4312K, committed 4352K, reserved 1048576K
}
Event: 22.873 GC heap before
{Heap before GC invocations=8 (full 1):
 PSYoungGen      total 27648K, used 27202K [0x00000007aab00000, 0x00000007acf80000, 0x00000007c0000000)
  eden space 20480K, 100% used [0x00000007aab00000,0x00000007abf00000,0x00000007abf00000)
  from space 7168K, 93% used [0x00000007ac700000,0x00000007acd90ab0,0x00000007ace00000)
  to   space 8192K, 0% used [0x00000007abf00000,0x00000007abf00000,0x00000007ac700000)
 ParOldGen       total 38912K, used 6491K [0x0000000780000000, 0x0000000782600000, 0x00000007aab00000)
  object space 38912K, 16% used [0x0000000780000000,0x0000000780656dd0,0x0000000782600000)
 Metaspace       used 33507K, capacity 34830K, committed 35072K, reserved 1079296K
  class space    used 4773K, capacity 5034K, committed 5120K, reserved 1048576K
Event: 22.910 GC heap after
Heap after GC invocations=8 (full 1):
 PSYoungGen      total 28672K, used 8160K [0x00000007aab00000, 0x00000007adb00000, 0x00000007c0000000)
  eden space 20480K, 0% used [0x00000007aab00000,0x00000007aab00000,0x00000007abf00000)
  from space 8192K, 99% used [0x00000007abf00000,0x00000007ac6f8040,0x00000007ac700000)
  to   space 11776K, 0% used [0x00000007acf80000,0x00000007acf80000,0x00000007adb00000)
 ParOldGen       total 38912K, used 11108K [0x0000000780000000, 0x0000000782600000, 0x00000007aab00000)
  object space 38912K, 28% used [0x0000000780000000,0x0000000780ad9120,0x0000000782600000)
 Metaspace       used 33507K, capacity 34830K, committed 35072K, reserved 1079296K
  class space    used 4773K, capacity 5034K, committed 5120K, reserved 1048576K
}
Event: 36.095 GC heap before
{Heap before GC invocations=9 (full 1):
 PSYoungGen      total 28672K, used 14249K [0x00000007aab00000, 0x00000007adb00000, 0x00000007c0000000)
  eden space 20480K, 29% used [0x00000007aab00000,0x00000007ab0f2638,0x00000007abf00000)
  from space 8192K, 99% used [0x00000007abf00000,0x00000007ac6f8040,0x00000007ac700000)
  to   space 11776K, 0% used [0x00000007acf80000,0x00000007acf80000,0x00000007adb00000)
 ParOldGen       total 38912K, used 11108K [0x0000000780000000, 0x0000000782600000, 0x00000007aab00000)
  object space 38912K, 28% used [0x0000000780000000,0x0000000780ad9120,0x0000000782600000)
 Metaspace       used 34009K, capacity 35278K, committed 35416K, reserved 1079296K
  class space    used 4789K, capacity 5034K, committed 5120K, reserved 1048576K
Event: 36.128 GC heap after
Heap after GC invocations=9 (full 1):
 PSYoungGen      total 35328K, used 11744K [0x00000007aab00000, 0x00000007ade80000, 0x00000007c0000000)
  eden space 23552K, 0% used [0x00000007aab00000,0x00000007aab00000,0x00000007ac200000)
  from space 11776K, 99% used [0x00000007acf80000,0x00000007adaf8020,0x00000007adb00000)
  to   space 13824K, 0% used [0x00000007ac200000,0x00000007ac200000,0x00000007acf80000)
 ParOldGen       total 38912K, used 11550K [0x0000000780000000, 0x0000000782600000, 0x00000007aab00000)
  object space 38912K, 29% used [0x0000000780000000,0x0000000780b47950,0x0000000782600000)
 Metaspace       used 34009K, capacity 35278K, committed 35416K, reserved 1079296K
  class space    used 4789K, capacity 5034K, committed 5120K, reserved 1048576K
}
Event: 36.128 GC heap before
{Heap before GC invocations=10 (full 2):
 PSYoungGen      total 35328K, used 11744K [0x00000007aab00000, 0x00000007ade80000, 0x00000007c0000000)
  eden space 23552K, 0% used [0x00000007aab00000,0x00000007aab00000,0x00000007ac200000)
  from space 11776K, 99% used [0x00000007acf80000,0x00000007adaf8020,0x00000007adb00000)
  to   space 13824K, 0% used [0x00000007ac200000,0x00000007ac200000,0x00000007acf80000)
 ParOldGen       total 38912K, used 11550K [0x0000000780000000, 0x0000000782600000, 0x00000007aab00000)
  object space 38912K, 29% used [0x0000000780000000,0x0000000780b47950,0x0000000782600000)
 Metaspace       used 34009K, capacity 35278K, committed 35416K, reserved 1079296K
  class space    used 4789K, capacity 5034K, committed 5120K, reserved 1048576K
Event: 36.325 GC heap after
Heap after GC invocations=10 (full 2):
 PSYoungGen      total 35328K, used 0K [0x00000007aab00000, 0x00000007ade80000, 0x00000007c0000000)
  eden space 23552K, 0% used [0x00000007aab00000,0x00000007aab00000,0x00000007ac200000)
  from space 11776K, 0% used [0x00000007acf80000,0x00000007acf80000,0x00000007adb00000)
  to   space 13824K, 0% used [0x00000007ac200000,0x00000007ac200000,0x00000007acf80000)
 ParOldGen       total 75264K, used 21466K [0x0000000780000000, 0x0000000784980000, 0x00000007aab00000)
  object space 75264K, 28% used [0x0000000780000000,0x00000007814f6948,0x0000000784980000)
 Metaspace       used 34009K, capacity 35278K, committed 35416K, reserved 1079296K
  class space    used 4789K, capacity 5034K, committed 5120K, reserved 1048576K
}
Event: 95.367 GC heap before
{Heap before GC invocations=11 (full 2):
 PSYoungGen      total 35328K, used 23552K [0x00000007aab00000, 0x00000007ade80000, 0x00000007c0000000)
  eden space 23552K, 100% used [0x00000007aab00000,0x00000007ac200000,0x00000007ac200000)
  from space 11776K, 0% used [0x00000007acf80000,0x00000007acf80000,0x00000007adb00000)
  to   space 13824K, 0% used [0x00000007ac200000,0x00000007ac200000,0x00000007acf80000)
 ParOldGen       total 75264K, used 21466K [0x0000000780000000, 0x0000000784980000, 0x00000007aab00000)
  object space 75264K, 28% used [0x0000000780000000,0x00000007814f6948,0x0000000784980000)
 Metaspace       used 34378K, capacity 35778K, committed 36096K, reserved 1081344K
  class space    used 4799K, capacity 5068K, committed 5120K, reserved 1048576K
Event: 95.377 GC heap after
Heap after GC invocations=11 (full 2):
 PSYoungGen      total 37376K, used 11360K [0x00000007aab00000, 0x00000007ae280000, 0x00000007c0000000)
  eden space 23552K, 0% used [0x00000007aab00000,0x00000007aab00000,0x00000007ac200000)
  from space 13824K, 82% used [0x00000007ac200000,0x00000007acd18000,0x00000007acf80000)
  to   space 14848K, 0% used [0x00000007ad400000,0x00000007ad400000,0x00000007ae280000)
 ParOldGen       total 75264K, used 21474K [0x0000000780000000, 0x0000000784980000, 0x00000007aab00000)
  object space 75264K, 28% used [0x0000000780000000,0x00000007814f8948,0x0000000784980000)
 Metaspace       used 34378K, capacity 35778K, committed 36096K, reserved 1081344K
  class space    used 4799K, capacity 5068K, committed 5120K, reserved 1048576K
}

