# JRE version: Java(TM) SE Runtime Environment (8.0_40-b27) (build 1.8.0_40-b27)
# Java VM: Java HotSpot(TM) 64-Bit Server VM (25.40-b25 mixed mode bsd-amd64 compressed oops)
Heap:
 PSYoungGen      total 18944K, used 14836K [0x00000007aab00000, 0x00000007ad100000, 0x00000007c0000000)
  eden space 16384K, 75% used [0x00000007aab00000,0x00000007ab71d140,0x00000007abb00000)
  from space 2560K, 95% used [0x00000007abb00000,0x00000007abd60010,0x00000007abd80000)
  to   space 7168K, 0% used [0x00000007aca00000,0x00000007aca00000,0x00000007ad100000)
 ParOldGen       total 35840K, used 6486K [0x0000000780000000, 0x0000000782300000, 0x00000007aab00000)
  object space 35840K, 18% used [0x0000000780000000,0x00000007806559d8,0x0000000782300000)
 Metaspace       used 27226K, capacity 28496K, committed 28672K, reserved 1073152K
  class space    used 4022K, capacity 4269K, committed 4352K, reserved 1048576K
GC Heap History (10 events):
Event: 2.082 GC heap before
{Heap before GC invocations=2 (full 0):
 PSYoungGen      total 18944K, used 18928K [0x00000007aab00000, 0x00000007ac000000, 0x00000007c0000000)
  eden space 16384K, 100% used [0x00000007aab00000,0x00000007abb00000,0x00000007abb00000)
  from space 2560K, 99% used [0x00000007abb00000,0x00000007abd7c190,0x00000007abd80000)
  to   space 2560K, 0% used [0x00000007abd80000,0x00000007abd80000,0x00000007ac000000)
 ParOldGen       total 44032K, used 239K [0x0000000780000000, 0x0000000782b00000, 0x00000007aab00000)
  object space 44032K, 0% used [0x0000000780000000,0x000000078003bec0,0x0000000782b00000)
 Metaspace       used 12937K, capacity 13282K, committed 13568K, reserved 1060864K
  class space    used 1649K, capacity 1765K, committed 1792K, reserved 1048576K
Event: 2.092 GC heap after
Heap after GC invocations=2 (full 0):
 PSYoungGen      total 18944K, used 2528K [0x00000007aab00000, 0x00000007ac000000, 0x00000007c0000000)
  eden space 16384K, 0% used [0x00000007aab00000,0x00000007aab00000,0x00000007abb00000)
  from space 2560K, 98% used [0x00000007abd80000,0x00000007abff8060,0x00000007ac000000)
  to   space 2560K, 0% used [0x00000007abb00000,0x00000007abb00000,0x00000007abd80000)
 ParOldGen       total 44032K, used 2428K [0x0000000780000000, 0x0000000782b00000, 0x00000007aab00000)
  object space 44032K, 5% used [0x0000000780000000,0x000000078025f328,0x0000000782b00000)
 Metaspace       used 12937K, capacity 13282K, committed 13568K, reserved 1060864K
  class space    used 1649K, capacity 1765K, committed 1792K, reserved 1048576K
}
Event: 6.665 GC heap before
{Heap before GC invocations=3 (full 0):
 PSYoungGen      total 18944K, used 18912K [0x00000007aab00000, 0x00000007ac000000, 0x00000007c0000000)
  eden space 16384K, 100% used [0x00000007aab00000,0x00000007abb00000,0x00000007abb00000)
  from space 2560K, 98% used [0x00000007abd80000,0x00000007abff8060,0x00000007ac000000)
  to   space 2560K, 0% used [0x00000007abb00000,0x00000007abb00000,0x00000007abd80000)
 ParOldGen       total 44032K, used 2428K [0x0000000780000000, 0x0000000782b00000, 0x00000007aab00000)
  object space 44032K, 5% used [0x0000000780000000,0x000000078025f328,0x0000000782b00000)
 Metaspace       used 16372K, capacity 16720K, committed 16896K, reserved 1064960K
  class space    used 2121K, capacity 2260K, committed 2304K, reserved 1048576K
Event: 6.691 GC heap after
Heap after GC invocations=3 (full 0):
 PSYoungGen      total 18944K, used 2544K [0x00000007aab00000, 0x00000007ac000000, 0x00000007c0000000)
  eden space 16384K, 0% used [0x00000007aab00000,0x00000007aab00000,0x00000007abb00000)
  from space 2560K, 99% used [0x00000007abb00000,0x00000007abd7c030,0x00000007abd80000)
  to   space 2560K, 0% used [0x00000007abd80000,0x00000007abd80000,0x00000007ac000000)
 ParOldGen       total 44032K, used 5313K [0x0000000780000000, 0x0000000782b00000, 0x00000007aab00000)
  object space 44032K, 12% used [0x0000000780000000,0x0000000780530780,0x0000000782b00000)
 Metaspace       used 16372K, capacity 16720K, committed 16896K, reserved 1064960K
  class space    used 2121K, capacity 2260K, committed 2304K, reserved 1048576K
}
Event: 8.368 GC heap before
{Heap before GC invocations=4 (full 0):
 PSYoungGen      total 18944K, used 17256K [0x00000007aab00000, 0x00000007ac000000, 0x00000007c0000000)
  eden space 16384K, 89% used [0x00000007aab00000,0x00000007ab95e3b0,0x00000007abb00000)
  from space 2560K, 99% used [0x00000007abb00000,0x00000007abd7c030,0x00000007abd80000)
  to   space 2560K, 0% used [0x00000007abd80000,0x00000007abd80000,0x00000007ac000000)
 ParOldGen       total 44032K, used 5313K [0x0000000780000000, 0x0000000782b00000, 0x00000007aab00000)
  object space 44032K, 12% used [0x0000000780000000,0x0000000780530780,0x0000000782b00000)
 Metaspace       used 20637K, capacity 21124K, committed 21248K, reserved 1067008K
  class space    used 2836K, capacity 2989K, committed 3072K, reserved 1048576K
Event: 8.391 GC heap after
Heap after GC invocations=4 (full 0):
 PSYoungGen      total 18944K, used 2528K [0x00000007aab00000, 0x00000007ac000000, 0x00000007c0000000)
  eden space 16384K, 0% used [0x00000007aab00000,0x00000007aab00000,0x00000007abb00000)
  from space 2560K, 98% used [0x00000007abd80000,0x00000007abff8040,0x00000007ac000000)
  to   space 2560K, 0% used [0x00000007abb00000,0x00000007abb00000,0x00000007abd80000)
 ParOldGen       total 44032K, used 8030K [0x0000000780000000, 0x0000000782b00000, 0x00000007aab00000)
  object space 44032K, 18% used [0x0000000780000000,0x00000007807d7a00,0x0000000782b00000)
 Metaspace       used 20637K, capacity 21124K, committed 21248K, reserved 1067008K
  class space    used 2836K, capacity 2989K, committed 3072K, reserved 1048576K
}
Event: 8.391 GC heap before
{Heap before GC invocations=5 (full 1):
 PSYoungGen      total 18944K, used 2528K [0x00000007aab00000, 0x00000007ac000000, 0x00000007c0000000)
  eden space 16384K, 0% used [0x00000007aab00000,0x00000007aab00000,0x00000007abb00000)
  from space 2560K, 98% used [0x00000007abd80000,0x00000007abff8040,0x00000007ac000000)
  to   space 2560K, 0% used [0x00000007abb00000,0x00000007abb00000,0x00000007abd80000)
 ParOldGen       total 44032K, used 8030K [0x0000000780000000, 0x0000000782b00000, 0x00000007aab00000)
  object space 44032K, 18% used [0x0000000780000000,0x00000007807d7a00,0x0000000782b00000)
 Metaspace       used 20637K, capacity 21124K, committed 21248K, reserved 1067008K
  class space    used 2836K, capacity 2989K, committed 3072K, reserved 1048576K
Event: 8.472 GC heap after
Heap after GC invocations=5 (full 1):
 PSYoungGen      total 18944K, used 0K [0x00000007aab00000, 0x00000007ac000000, 0x00000007c0000000)
  eden space 16384K, 0% used [0x00000007aab00000,0x00000007aab00000,0x00000007abb00000)
  from space 2560K, 0% used [0x00000007abd80000,0x00000007abd80000,0x00000007ac000000)
  to   space 2560K, 0% used [0x00000007abb00000,0x00000007abb00000,0x00000007abd80000)
 ParOldGen       total 35840K, used 6478K [0x0000000780000000, 0x0000000782300000, 0x00000007aab00000)
  object space 35840K, 18% used [0x0000000780000000,0x00000007806539d8,0x0000000782300000)
 Metaspace       used 20637K, capacity 21124K, committed 21248K, reserved 1067008K
  class space    used 2836K, capacity 2989K, committed 3072K, reserved 1048576K
}
Event: 9.487 GC heap before
{Heap before GC invocations=6 (full 1):
 PSYoungGen      total 18944K, used 16384K [0x00000007aab00000, 0x00000007ac000000, 0x00000007c0000000)
  eden space 16384K, 100% used [0x00000007aab00000,0x00000007abb00000,0x00000007abb00000)
  from space 2560K, 0% used [0x00000007abd80000,0x00000007abd80000,0x00000007ac000000)
  to   space 2560K, 0% used [0x00000007abb00000,0x00000007abb00000,0x00000007abd80000)
 ParOldGen       total 35840K, used 6478K [0x0000000780000000, 0x0000000782300000, 0x00000007aab00000)
  object space 35840K, 18% used [0x0000000780000000,0x00000007806539d8,0x0000000782300000)
 Metaspace       used 25286K, capacity 26386K, committed 26496K, reserved 1071104K
  class space    used 3762K, capacity 3964K, committed 3968K, reserved 1048576K
Event: 9.497 GC heap after
Heap after GC invocations=6 (full 1):
 PSYoungGen      total 18944K, used 2432K [0x00000007aab00000, 0x00000007ad100000, 0x00000007c0000000)
  eden space 16384K, 0% used [0x00000007aab00000,0x00000007aab00000,0x00000007abb00000)
  from space 2560K, 95% used [0x00000007abb00000,0x00000007abd60010,0x00000007abd80000)
  to   space 7168K, 0% used [0x00000007aca00000,0x00000007aca00000,0x00000007ad100000)
 ParOldGen       total 35840K, used 6486K [0x0000000780000000, 0x0000000782300000, 0x00000007aab00000)
  object space 35840K, 18% used [0x0000000780000000,0x00000007806559d8,0x0000000782300000)
 Metaspace       used 25286K, capacity 26386K, committed 26496K, reserved 1071104K
  class space    used 3762K, capacity 3964K, committed 3968K, reserved 1048576K
}

