# JRE version: Java(TM) SE Runtime Environment (8.0_40-b27) (build 1.8.0_40-b27)
# Java VM: Java HotSpot(TM) 64-Bit Server VM (25.40-b25 mixed mode bsd-amd64 compressed oops)
Heap:
 PSYoungGen      total 18944K, used 12126K [0x0000000142d00000, 0x0000000144900000, 0x0000000158200000)
  eden space 16384K, 58% used [0x0000000142d00000,0x000000014365d1d0,0x0000000143d00000)
  from space 2560K, 99% used [0x0000000143d00000,0x0000000143f7a948,0x0000000143f80000)
  to   space 6144K, 0% used [0x0000000144300000,0x0000000144300000,0x0000000144900000)
 ParOldGen       total 28672K, used 8499K [0x0000000118200000, 0x0000000119e00000, 0x0000000142d00000)
  object space 28672K, 29% used [0x0000000118200000,0x0000000118a4ccd0,0x0000000119e00000)
 Metaspace       used 26323K, capacity 27606K, committed 27776K, reserved 1073152K
  class space    used 3874K, capacity 4116K, committed 4224K, reserved 1048576K
GC Heap History (10 events):
Event: 3.939 GC heap before
{Heap before GC invocations=2 (full 0):
 PSYoungGen      total 18944K, used 18928K [0x0000000142d00000, 0x0000000144200000, 0x0000000158200000)
  eden space 16384K, 100% used [0x0000000142d00000,0x0000000143d00000,0x0000000143d00000)
  from space 2560K, 99% used [0x0000000143d00000,0x0000000143f7c300,0x0000000143f80000)
  to   space 2560K, 0% used [0x0000000143f80000,0x0000000143f80000,0x0000000144200000)
 ParOldGen       total 44032K, used 252K [0x0000000118200000, 0x000000011ad00000, 0x0000000142d00000)
  object space 44032K, 0% used [0x0000000118200000,0x000000011823f2f8,0x000000011ad00000)
 Metaspace       used 13233K, capacity 13674K, committed 13824K, reserved 1060864K
  class space    used 1641K, capacity 1779K, committed 1792K, reserved 1048576K
Event: 3.951 GC heap after
Heap after GC invocations=2 (full 0):
 PSYoungGen      total 18944K, used 2528K [0x0000000142d00000, 0x0000000144200000, 0x0000000158200000)
  eden space 16384K, 0% used [0x0000000142d00000,0x0000000142d00000,0x0000000143d00000)
  from space 2560K, 98% used [0x0000000143f80000,0x00000001441f8020,0x0000000144200000)
  to   space 2560K, 0% used [0x0000000143d00000,0x0000000143d00000,0x0000000143f80000)
 ParOldGen       total 44032K, used 2855K [0x0000000118200000, 0x000000011ad00000, 0x0000000142d00000)
  object space 44032K, 6% used [0x0000000118200000,0x00000001184c9c18,0x000000011ad00000)
 Metaspace       used 13233K, capacity 13674K, committed 13824K, reserved 1060864K
  class space    used 1641K, capacity 1779K, committed 1792K, reserved 1048576K
}
Event: 57.912 GC heap before
{Heap before GC invocations=3 (full 0):
 PSYoungGen      total 18944K, used 18912K [0x0000000142d00000, 0x0000000144200000, 0x0000000158200000)
  eden space 16384K, 100% used [0x0000000142d00000,0x0000000143d00000,0x0000000143d00000)
  from space 2560K, 98% used [0x0000000143f80000,0x00000001441f8020,0x0000000144200000)
  to   space 2560K, 0% used [0x0000000143d00000,0x0000000143d00000,0x0000000143f80000)
 ParOldGen       total 44032K, used 2855K [0x0000000118200000, 0x000000011ad00000, 0x0000000142d00000)
  object space 44032K, 6% used [0x0000000118200000,0x00000001184c9c18,0x000000011ad00000)
 Metaspace       used 16867K, capacity 17308K, committed 17536K, reserved 1064960K
  class space    used 2215K, capacity 2355K, committed 2432K, reserved 1048576K
Event: 57.940 GC heap after
Heap after GC invocations=3 (full 0):
 PSYoungGen      total 18944K, used 2528K [0x0000000142d00000, 0x0000000144200000, 0x0000000158200000)
  eden space 16384K, 0% used [0x0000000142d00000,0x0000000142d00000,0x0000000143d00000)
  from space 2560K, 98% used [0x0000000143d00000,0x0000000143f78020,0x0000000143f80000)
  to   space 2560K, 0% used [0x0000000143f80000,0x0000000143f80000,0x0000000144200000)
 ParOldGen       total 44032K, used 5466K [0x0000000118200000, 0x000000011ad00000, 0x0000000142d00000)
  object space 44032K, 12% used [0x0000000118200000,0x0000000118756800,0x000000011ad00000)
 Metaspace       used 16867K, capacity 17308K, committed 17536K, reserved 1064960K
  class space    used 2215K, capacity 2355K, committed 2432K, reserved 1048576K
}
Event: 59.605 GC heap before
{Heap before GC invocations=4 (full 0):
 PSYoungGen      total 18944K, used 18897K [0x0000000142d00000, 0x0000000144200000, 0x0000000158200000)
  eden space 16384K, 99% used [0x0000000142d00000,0x0000000143cfc6b0,0x0000000143d00000)
  from space 2560K, 98% used [0x0000000143d00000,0x0000000143f78020,0x0000000143f80000)
  to   space 2560K, 0% used [0x0000000143f80000,0x0000000143f80000,0x0000000144200000)
 ParOldGen       total 44032K, used 5466K [0x0000000118200000, 0x000000011ad00000, 0x0000000142d00000)
  object space 44032K, 12% used [0x0000000118200000,0x0000000118756800,0x000000011ad00000)
 Metaspace       used 20633K, capacity 21218K, committed 21248K, reserved 1067008K
  class space    used 2860K, capacity 3048K, committed 3072K, reserved 1048576K
Event: 59.628 GC heap after
Heap after GC invocations=4 (full 0):
 PSYoungGen      total 18944K, used 2544K [0x0000000142d00000, 0x0000000144200000, 0x0000000158200000)
  eden space 16384K, 0% used [0x0000000142d00000,0x0000000142d00000,0x0000000143d00000)
  from space 2560K, 99% used [0x0000000143f80000,0x00000001441fc030,0x0000000144200000)
  to   space 2560K, 0% used [0x0000000143d00000,0x0000000143d00000,0x0000000143f80000)
 ParOldGen       total 44032K, used 7454K [0x0000000118200000, 0x000000011ad00000, 0x0000000142d00000)
  object space 44032K, 16% used [0x0000000118200000,0x0000000118947b50,0x000000011ad00000)
 Metaspace       used 20633K, capacity 21218K, committed 21248K, reserved 1067008K
  class space    used 2860K, capacity 3048K, committed 3072K, reserved 1048576K
}
Event: 59.628 GC heap before
{Heap before GC invocations=5 (full 1):
 PSYoungGen      total 18944K, used 2544K [0x0000000142d00000, 0x0000000144200000, 0x0000000158200000)
  eden space 16384K, 0% used [0x0000000142d00000,0x0000000142d00000,0x0000000143d00000)
  from space 2560K, 99% used [0x0000000143f80000,0x00000001441fc030,0x0000000144200000)
  to   space 2560K, 0% used [0x0000000143d00000,0x0000000143d00000,0x0000000143f80000)
 ParOldGen       total 44032K, used 7454K [0x0000000118200000, 0x000000011ad00000, 0x0000000142d00000)
  object space 44032K, 16% used [0x0000000118200000,0x0000000118947b50,0x000000011ad00000)
 Metaspace       used 20633K, capacity 21218K, committed 21248K, reserved 1067008K
  class space    used 2860K, capacity 3048K, committed 3072K, reserved 1048576K
Event: 59.721 GC heap after
Heap after GC invocations=5 (full 1):
 PSYoungGen      total 18944K, used 0K [0x0000000142d00000, 0x0000000144200000, 0x0000000158200000)
  eden space 16384K, 0% used [0x0000000142d00000,0x0000000142d00000,0x0000000143d00000)
  from space 2560K, 0% used [0x0000000143f80000,0x0000000143f80000,0x0000000144200000)
  to   space 2560K, 0% used [0x0000000143d00000,0x0000000143d00000,0x0000000143f80000)
 ParOldGen       total 28672K, used 8403K [0x0000000118200000, 0x0000000119e00000, 0x0000000142d00000)
  object space 28672K, 29% used [0x0000000118200000,0x0000000118a34cd0,0x0000000119e00000)
 Metaspace       used 20633K, capacity 21218K, committed 21248K, reserved 1067008K
  class space    used 2860K, capacity 3048K, committed 3072K, reserved 1048576K
}
Event: 64.304 GC heap before
{Heap before GC invocations=6 (full 1):
 PSYoungGen      total 18944K, used 16384K [0x0000000142d00000, 0x0000000144200000, 0x0000000158200000)
  eden space 16384K, 100% used [0x0000000142d00000,0x0000000143d00000,0x0000000143d00000)
  from space 2560K, 0% used [0x0000000143f80000,0x0000000143f80000,0x0000000144200000)
  to   space 2560K, 0% used [0x0000000143d00000,0x0000000143d00000,0x0000000143f80000)
 ParOldGen       total 28672K, used 8403K [0x0000000118200000, 0x0000000119e00000, 0x0000000142d00000)
  object space 28672K, 29% used [0x0000000118200000,0x0000000118a34cd0,0x0000000119e00000)
 Metaspace       used 25050K, capacity 26188K, committed 26240K, reserved 1071104K
  class space    used 3692K, capacity 3927K, committed 3968K, reserved 1048576K
Event: 64.324 GC heap after
Heap after GC invocations=6 (full 1):
 PSYoungGen      total 18944K, used 2538K [0x0000000142d00000, 0x0000000144900000, 0x0000000158200000)
  eden space 16384K, 0% used [0x0000000142d00000,0x0000000142d00000,0x0000000143d00000)
  from space 2560K, 99% used [0x0000000143d00000,0x0000000143f7a948,0x0000000143f80000)
  to   space 6144K, 0% used [0x0000000144300000,0x0000000144300000,0x0000000144900000)
 ParOldGen       total 28672K, used 8499K [0x0000000118200000, 0x0000000119e00000, 0x0000000142d00000)
  object space 28672K, 29% used [0x0000000118200000,0x0000000118a4ccd0,0x0000000119e00000)
 Metaspace       used 25050K, capacity 26188K, committed 26240K, reserved 1071104K
  class space    used 3692K, capacity 3927K, committed 3968K, reserved 1048576K
}

