# JRE version: Java(TM) SE Runtime Environment (8.0_40-b27) (build 1.8.0_40-b27)
# Java VM: Java HotSpot(TM) 64-Bit Server VM (25.40-b25 mixed mode bsd-amd64 compressed oops)
Heap:
 PSYoungGen      total 23040K, used 7203K [0x00000007aab00000, 0x00000007aca00000, 0x00000007c0000000)
  eden space 15872K, 9% used [0x00000007aab00000,0x00000007aac70e88,0x00000007aba80000)
  from space 7168K, 79% used [0x00000007ac200000,0x00000007ac798020,0x00000007ac900000)
  to   space 7680K, 0% used [0x00000007aba80000,0x00000007aba80000,0x00000007ac200000)
 ParOldGen       total 28672K, used 8011K [0x0000000780000000, 0x0000000781c00000, 0x00000007aab00000)
  object space 28672K, 27% used [0x0000000780000000,0x00000007807d2ea8,0x0000000781c00000)
 Metaspace       used 27269K, capacity 28502K, committed 28672K, reserved 1073152K
  class space    used 4024K, capacity 4268K, committed 4352K, reserved 1048576K
GC Heap History (10 events):
Event: 13.414 GC heap before
{Heap before GC invocations=3 (full 0):
 PSYoungGen      total 18944K, used 18928K [0x00000007aab00000, 0x00000007ac000000, 0x00000007c0000000)
  eden space 16384K, 100% used [0x00000007aab00000,0x00000007abb00000,0x00000007abb00000)
  from space 2560K, 99% used [0x00000007abd80000,0x00000007abffc060,0x00000007ac000000)
  to   space 2560K, 0% used [0x00000007abb00000,0x00000007abb00000,0x00000007abd80000)
 ParOldGen       total 44032K, used 2465K [0x0000000780000000, 0x0000000782b00000, 0x00000007aab00000)
  object space 44032K, 5% used [0x0000000780000000,0x0000000780268620,0x0000000782b00000)
 Metaspace       used 16374K, capacity 16720K, committed 16896K, reserved 1064960K
  class space    used 2120K, capacity 2260K, committed 2304K, reserved 1048576K
Event: 13.428 GC heap after
Heap after GC invocations=3 (full 0):
 PSYoungGen      total 18944K, used 2528K [0x00000007aab00000, 0x00000007ac000000, 0x00000007c0000000)
  eden space 16384K, 0% used [0x00000007aab00000,0x00000007aab00000,0x00000007abb00000)
  from space 2560K, 98% used [0x00000007abb00000,0x00000007abd78040,0x00000007abd80000)
  to   space 2560K, 0% used [0x00000007abd80000,0x00000007abd80000,0x00000007ac000000)
 ParOldGen       total 44032K, used 5346K [0x0000000780000000, 0x0000000782b00000, 0x00000007aab00000)
  object space 44032K, 12% used [0x0000000780000000,0x00000007805389e8,0x0000000782b00000)
 Metaspace       used 16374K, capacity 16720K, committed 16896K, reserved 1064960K
  class space    used 2120K, capacity 2260K, committed 2304K, reserved 1048576K
}
Event: 16.697 GC heap before
{Heap before GC invocations=4 (full 0):
 PSYoungGen      total 18944K, used 17243K [0x00000007aab00000, 0x00000007ac000000, 0x00000007c0000000)
  eden space 16384K, 89% used [0x00000007aab00000,0x00000007ab95ee08,0x00000007abb00000)
  from space 2560K, 98% used [0x00000007abb00000,0x00000007abd78040,0x00000007abd80000)
  to   space 2560K, 0% used [0x00000007abd80000,0x00000007abd80000,0x00000007ac000000)
 ParOldGen       total 44032K, used 5346K [0x0000000780000000, 0x0000000782b00000, 0x00000007aab00000)
  object space 44032K, 12% used [0x0000000780000000,0x00000007805389e8,0x0000000782b00000)
 Metaspace       used 20656K, capacity 21132K, committed 21248K, reserved 1067008K
  class space    used 2833K, capacity 2989K, committed 3072K, reserved 1048576K
Event: 16.714 GC heap after
Heap after GC invocations=4 (full 0):
 PSYoungGen      total 18944K, used 2544K [0x00000007aab00000, 0x00000007ac000000, 0x00000007c0000000)
  eden space 16384K, 0% used [0x00000007aab00000,0x00000007aab00000,0x00000007abb00000)
  from space 2560K, 99% used [0x00000007abd80000,0x00000007abffc030,0x00000007ac000000)
  to   space 2560K, 0% used [0x00000007abb00000,0x00000007abb00000,0x00000007abd80000)
 ParOldGen       total 44032K, used 8061K [0x0000000780000000, 0x0000000782b00000, 0x00000007aab00000)
  object space 44032K, 18% used [0x0000000780000000,0x00000007807df470,0x0000000782b00000)
 Metaspace       used 20656K, capacity 21132K, committed 21248K, reserved 1067008K
  class space    used 2833K, capacity 2989K, committed 3072K, reserved 1048576K
}
Event: 16.714 GC heap before
{Heap before GC invocations=5 (full 1):
 PSYoungGen      total 18944K, used 2544K [0x00000007aab00000, 0x00000007ac000000, 0x00000007c0000000)
  eden space 16384K, 0% used [0x00000007aab00000,0x00000007aab00000,0x00000007abb00000)
  from space 2560K, 99% used [0x00000007abd80000,0x00000007abffc030,0x00000007ac000000)
  to   space 2560K, 0% used [0x00000007abb00000,0x00000007abb00000,0x00000007abd80000)
 ParOldGen       total 44032K, used 8061K [0x0000000780000000, 0x0000000782b00000, 0x00000007aab00000)
  object space 44032K, 18% used [0x0000000780000000,0x00000007807df470,0x0000000782b00000)
 Metaspace       used 20656K, capacity 21132K, committed 21248K, reserved 1067008K
  class space    used 2833K, capacity 2989K, committed 3072K, reserved 1048576K
Event: 16.796 GC heap after
Heap after GC invocations=5 (full 1):
 PSYoungGen      total 18944K, used 0K [0x00000007aab00000, 0x00000007ac000000, 0x00000007c0000000)
  eden space 16384K, 0% used [0x00000007aab00000,0x00000007aab00000,0x00000007abb00000)
  from space 2560K, 0% used [0x00000007abd80000,0x00000007abd80000,0x00000007ac000000)
  to   space 2560K, 0% used [0x00000007abb00000,0x00000007abb00000,0x00000007abd80000)
 ParOldGen       total 28672K, used 7995K [0x0000000780000000, 0x0000000781c00000, 0x00000007aab00000)
  object space 28672K, 27% used [0x0000000780000000,0x00000007807ceea8,0x0000000781c00000)
 Metaspace       used 20656K, capacity 21132K, committed 21248K, reserved 1067008K
  class space    used 2833K, capacity 2989K, committed 3072K, reserved 1048576K
}
Event: 18.679 GC heap before
{Heap before GC invocations=6 (full 1):
 PSYoungGen      total 18944K, used 16384K [0x00000007aab00000, 0x00000007ac000000, 0x00000007c0000000)
  eden space 16384K, 100% used [0x00000007aab00000,0x00000007abb00000,0x00000007abb00000)
  from space 2560K, 0% used [0x00000007abd80000,0x00000007abd80000,0x00000007ac000000)
  to   space 2560K, 0% used [0x00000007abb00000,0x00000007abb00000,0x00000007abd80000)
 ParOldGen       total 28672K, used 7995K [0x0000000780000000, 0x0000000781c00000, 0x00000007aab00000)
  object space 28672K, 27% used [0x0000000780000000,0x00000007807ceea8,0x0000000781c00000)
 Metaspace       used 25303K, capacity 26386K, committed 26496K, reserved 1071104K
  class space    used 3762K, capacity 3964K, committed 3968K, reserved 1048576K
Event: 18.691 GC heap after
Heap after GC invocations=6 (full 1):
 PSYoungGen      total 18944K, used 2432K [0x00000007aab00000, 0x00000007ac900000, 0x00000007c0000000)
  eden space 16384K, 0% used [0x00000007aab00000,0x00000007aab00000,0x00000007abb00000)
  from space 2560K, 95% used [0x00000007abb00000,0x00000007abd60010,0x00000007abd80000)
  to   space 7168K, 0% used [0x00000007ac200000,0x00000007ac200000,0x00000007ac900000)
 ParOldGen       total 28672K, used 8003K [0x0000000780000000, 0x0000000781c00000, 0x00000007aab00000)
  object space 28672K, 27% used [0x0000000780000000,0x00000007807d0ea8,0x0000000781c00000)
 Metaspace       used 25303K, capacity 26386K, committed 26496K, reserved 1071104K
  class space    used 3762K, capacity 3964K, committed 3968K, reserved 1048576K
}
Event: 1509.713 GC heap before
{Heap before GC invocations=7 (full 1):
 PSYoungGen      total 18944K, used 18816K [0x00000007aab00000, 0x00000007ac900000, 0x00000007c0000000)
  eden space 16384K, 100% used [0x00000007aab00000,0x00000007abb00000,0x00000007abb00000)
  from space 2560K, 95% used [0x00000007abb00000,0x00000007abd60010,0x00000007abd80000)
  to   space 7168K, 0% used [0x00000007ac200000,0x00000007ac200000,0x00000007ac900000)
 ParOldGen       total 28672K, used 8003K [0x0000000780000000, 0x0000000781c00000, 0x00000007aab00000)
  object space 28672K, 27% used [0x0000000780000000,0x00000007807d0ea8,0x0000000781c00000)
 Metaspace       used 27209K, capacity 28440K, committed 28672K, reserved 1073152K
  class space    used 4013K, capacity 4255K, committed 4352K, reserved 1048576K
Event: 1509.795 GC heap after
Heap after GC invocations=7 (full 1):
 PSYoungGen      total 23040K, used 5728K [0x00000007aab00000, 0x00000007aca00000, 0x00000007c0000000)
  eden space 15872K, 0% used [0x00000007aab00000,0x00000007aab00000,0x00000007aba80000)
  from space 7168K, 79% used [0x00000007ac200000,0x00000007ac798020,0x00000007ac900000)
  to   space 7680K, 0% used [0x00000007aba80000,0x00000007aba80000,0x00000007ac200000)
 ParOldGen       total 28672K, used 8011K [0x0000000780000000, 0x0000000781c00000, 0x00000007aab00000)
  object space 28672K, 27% used [0x0000000780000000,0x00000007807d2ea8,0x0000000781c00000)
 Metaspace       used 27209K, capacity 28440K, committed 28672K, reserved 1073152K
  class space    used 4013K, capacity 4255K, committed 4352K, reserved 1048576K
}

