# JRE version: Java(TM) SE Runtime Environment (8.0_40-b27) (build 1.8.0_40-b27)
# Java VM: Java HotSpot(TM) 64-Bit Server VM (25.40-b25 mixed mode bsd-amd64 compressed oops)
Heap:
 PSYoungGen      total 40448K, used 6895K [0x00000007aab00000, 0x00000007ae300000, 0x00000007c0000000)
  eden space 30720K, 22% used [0x00000007aab00000,0x00000007ab1bbd60,0x00000007ac900000)
  from space 9728K, 0% used [0x00000007ad400000,0x00000007ad400000,0x00000007add80000)
  to   space 11264K, 0% used [0x00000007ac900000,0x00000007ac900000,0x00000007ad400000)
 ParOldGen       total 61440K, used 18704K [0x0000000780000000, 0x0000000783c00000, 0x00000007aab00000)
  object space 61440K, 30% used [0x0000000780000000,0x00000007812441e0,0x0000000783c00000)
 Metaspace       used 34440K, capacity 35932K, committed 36224K, reserved 1081344K
  class space    used 4870K, capacity 5161K, committed 5248K, reserved 1048576K
GC Heap History (10 events):
Event: 10.584 GC heap before
{Heap before GC invocations=6 (full 1):
 PSYoungGen      total 18944K, used 16384K [0x00000007aab00000, 0x00000007ac000000, 0x00000007c0000000)
  eden space 16384K, 100% used [0x00000007aab00000,0x00000007abb00000,0x00000007abb00000)
  from space 2560K, 0% used [0x00000007abd80000,0x00000007abd80000,0x00000007ac000000)
  to   space 2560K, 0% used [0x00000007abb00000,0x00000007abb00000,0x00000007abd80000)
 ParOldGen       total 36352K, used 6375K [0x0000000780000000, 0x0000000782380000, 0x00000007aab00000)
  object space 36352K, 17% used [0x0000000780000000,0x0000000780639eb8,0x0000000782380000)
 Metaspace       used 25350K, capacity 26386K, committed 26496K, reserved 1071104K
  class space    used 3758K, capacity 3964K, committed 3968K, reserved 1048576K
Event: 10.591 GC heap after
Heap after GC invocations=6 (full 1):
 PSYoungGen      total 18944K, used 2369K [0x00000007aab00000, 0x00000007ad080000, 0x00000007c0000000)
  eden space 16384K, 0% used [0x00000007aab00000,0x00000007aab00000,0x00000007abb00000)
  from space 2560K, 92% used [0x00000007abb00000,0x00000007abd507b8,0x00000007abd80000)
  to   space 7168K, 0% used [0x00000007ac980000,0x00000007ac980000,0x00000007ad080000)
 ParOldGen       total 36352K, used 6383K [0x0000000780000000, 0x0000000782380000, 0x00000007aab00000)
  object space 36352K, 17% used [0x0000000780000000,0x000000078063beb8,0x0000000782380000)
 Metaspace       used 25350K, capacity 26386K, committed 26496K, reserved 1071104K
  class space    used 3758K, capacity 3964K, committed 3968K, reserved 1048576K
}
Event: 17.635 GC heap before
{Heap before GC invocations=7 (full 1):
 PSYoungGen      total 18944K, used 18753K [0x00000007aab00000, 0x00000007ad080000, 0x00000007c0000000)
  eden space 16384K, 100% used [0x00000007aab00000,0x00000007abb00000,0x00000007abb00000)
  from space 2560K, 92% used [0x00000007abb00000,0x00000007abd507b8,0x00000007abd80000)
  to   space 7168K, 0% used [0x00000007ac980000,0x00000007ac980000,0x00000007ad080000)
 ParOldGen       total 36352K, used 6383K [0x0000000780000000, 0x0000000782380000, 0x00000007aab00000)
  object space 36352K, 17% used [0x0000000780000000,0x000000078063beb8,0x0000000782380000)
 Metaspace       used 27835K, capacity 29134K, committed 29184K, reserved 1075200K
  class space    used 4049K, capacity 4312K, committed 4352K, reserved 1048576K
Event: 17.662 GC heap after
Heap after GC invocations=7 (full 1):
 PSYoungGen      total 30720K, used 6514K [0x00000007aab00000, 0x00000007ad100000, 0x00000007c0000000)
  eden space 23552K, 0% used [0x00000007aab00000,0x00000007aab00000,0x00000007ac200000)
  from space 7168K, 90% used [0x00000007ac980000,0x00000007acfdcaa0,0x00000007ad080000)
  to   space 7680K, 0% used [0x00000007ac200000,0x00000007ac200000,0x00000007ac980000)
 ParOldGen       total 36352K, used 8439K [0x0000000780000000, 0x0000000782380000, 0x00000007aab00000)
  object space 36352K, 23% used [0x0000000780000000,0x000000078083dec8,0x0000000782380000)
 Metaspace       used 27835K, capacity 29134K, committed 29184K, reserved 1075200K
  class space    used 4049K, capacity 4312K, committed 4352K, reserved 1048576K
}
Event: 39.187 GC heap before
{Heap before GC invocations=8 (full 1):
 PSYoungGen      total 30720K, used 30066K [0x00000007aab00000, 0x00000007ad100000, 0x00000007c0000000)
  eden space 23552K, 100% used [0x00000007aab00000,0x00000007ac200000,0x00000007ac200000)
  from space 7168K, 90% used [0x00000007ac980000,0x00000007acfdcaa0,0x00000007ad080000)
  to   space 7680K, 0% used [0x00000007ac200000,0x00000007ac200000,0x00000007ac980000)
 ParOldGen       total 36352K, used 8439K [0x0000000780000000, 0x0000000782380000, 0x00000007aab00000)
  object space 36352K, 23% used [0x0000000780000000,0x000000078083dec8,0x0000000782380000)
 Metaspace       used 28836K, capacity 30294K, committed 30592K, reserved 1075200K
  class space    used 4127K, capacity 4398K, committed 4480K, reserved 1048576K
Event: 39.225 GC heap after
Heap after GC invocations=8 (full 1):
 PSYoungGen      total 31232K, used 7680K [0x00000007aab00000, 0x00000007add80000, 0x00000007c0000000)
  eden space 23552K, 0% used [0x00000007aab00000,0x00000007aab00000,0x00000007ac200000)
  from space 7680K, 100% used [0x00000007ac200000,0x00000007ac980000,0x00000007ac980000)
  to   space 9728K, 0% used [0x00000007ad400000,0x00000007ad400000,0x00000007add80000)
 ParOldGen       total 36352K, used 9998K [0x0000000780000000, 0x0000000782380000, 0x00000007aab00000)
  object space 36352K, 27% used [0x0000000780000000,0x00000007809c3a28,0x0000000782380000)
 Metaspace       used 28836K, capacity 30294K, committed 30592K, reserved 1075200K
  class space    used 4127K, capacity 4398K, committed 4480K, reserved 1048576K
}
Event: 41.779 GC heap before
{Heap before GC invocations=9 (full 1):
 PSYoungGen      total 31232K, used 12604K [0x00000007aab00000, 0x00000007add80000, 0x00000007c0000000)
  eden space 23552K, 20% used [0x00000007aab00000,0x00000007aafcf038,0x00000007ac200000)
  from space 7680K, 100% used [0x00000007ac200000,0x00000007ac980000,0x00000007ac980000)
  to   space 9728K, 0% used [0x00000007ad400000,0x00000007ad400000,0x00000007add80000)
 ParOldGen       total 36352K, used 9998K [0x0000000780000000, 0x0000000782380000, 0x00000007aab00000)
  object space 36352K, 27% used [0x0000000780000000,0x00000007809c3a28,0x0000000782380000)
 Metaspace       used 33883K, capacity 35318K, committed 35416K, reserved 1079296K
  class space    used 4808K, capacity 5088K, committed 5120K, reserved 1048576K
Event: 41.819 GC heap after
Heap after GC invocations=9 (full 1):
 PSYoungGen      total 40448K, used 9696K [0x00000007aab00000, 0x00000007ae300000, 0x00000007c0000000)
  eden space 30720K, 0% used [0x00000007aab00000,0x00000007aab00000,0x00000007ac900000)
  from space 9728K, 99% used [0x00000007ad400000,0x00000007add78010,0x00000007add80000)
  to   space 11264K, 0% used [0x00000007ac900000,0x00000007ac900000,0x00000007ad400000)
 ParOldGen       total 36352K, used 10442K [0x0000000780000000, 0x0000000782380000, 0x00000007aab00000)
  object space 36352K, 28% used [0x0000000780000000,0x0000000780a32a38,0x0000000782380000)
 Metaspace       used 33883K, capacity 35318K, committed 35416K, reserved 1079296K
  class space    used 4808K, capacity 5088K, committed 5120K, reserved 1048576K
}
Event: 41.819 GC heap before
{Heap before GC invocations=10 (full 2):
 PSYoungGen      total 40448K, used 9696K [0x00000007aab00000, 0x00000007ae300000, 0x00000007c0000000)
  eden space 30720K, 0% used [0x00000007aab00000,0x00000007aab00000,0x00000007ac900000)
  from space 9728K, 99% used [0x00000007ad400000,0x00000007add78010,0x00000007add80000)
  to   space 11264K, 0% used [0x00000007ac900000,0x00000007ac900000,0x00000007ad400000)
 ParOldGen       total 36352K, used 10442K [0x0000000780000000, 0x0000000782380000, 0x00000007aab00000)
  object space 36352K, 28% used [0x0000000780000000,0x0000000780a32a38,0x0000000782380000)
 Metaspace       used 33883K, capacity 35318K, committed 35416K, reserved 1079296K
  class space    used 4808K, capacity 5088K, committed 5120K, reserved 1048576K
Event: 42.030 GC heap after
Heap after GC invocations=10 (full 2):
 PSYoungGen      total 40448K, used 0K [0x00000007aab00000, 0x00000007ae300000, 0x00000007c0000000)
  eden space 30720K, 0% used [0x00000007aab00000,0x00000007aab00000,0x00000007ac900000)
  from space 9728K, 0% used [0x00000007ad400000,0x00000007ad400000,0x00000007add80000)
  to   space 11264K, 0% used [0x00000007ac900000,0x00000007ac900000,0x00000007ad400000)
 ParOldGen       total 61440K, used 18704K [0x0000000780000000, 0x0000000783c00000, 0x00000007aab00000)
  object space 61440K, 30% used [0x0000000780000000,0x00000007812441e0,0x0000000783c00000)
 Metaspace       used 33883K, capacity 35318K, committed 35416K, reserved 1079296K
  class space    used 4808K, capacity 5088K, committed 5120K, reserved 1048576K
}

