# JRE version: Java(TM) SE Runtime Environment (8.0_40-b27) (build 1.8.0_40-b27)
# Java VM: Java HotSpot(TM) 64-Bit Server VM (25.40-b25 mixed mode bsd-amd64 compressed oops)
Heap:
 PSYoungGen      total 37888K, used 20129K [0x00000007aab00000, 0x00000007ae500000, 0x00000007c0000000)
  eden space 17408K, 53% used [0x00000007aab00000,0x00000007ab4105f8,0x00000007abc00000)
  from space 20480K, 52% used [0x00000007ad100000,0x00000007adb98010,0x00000007ae500000)
  to   space 20992K, 0% used [0x00000007abc00000,0x00000007abc00000,0x00000007ad080000)
 ParOldGen       total 35840K, used 29934K [0x0000000780000000, 0x0000000782300000, 0x00000007aab00000)
  object space 35840K, 83% used [0x0000000780000000,0x0000000781d3bb40,0x0000000782300000)
 Metaspace       used 29878K, capacity 31464K, committed 31744K, reserved 1077248K
  class space    used 4029K, capacity 4328K, committed 4352K, reserved 1048576K
GC Heap History (10 events):
Event: 887.932 GC heap before
{Heap before GC invocations=23 (full 1):
 PSYoungGen      total 31232K, used 30968K [0x00000007aab00000, 0x00000007aec00000, 0x00000007c0000000)
  eden space 17408K, 100% used [0x00000007aab00000,0x00000007abc00000,0x00000007abc00000)
  from space 13824K, 98% used [0x00000007abc00000,0x00000007ac93e030,0x00000007ac980000)
  to   space 24576K, 0% used [0x00000007ad400000,0x00000007ad400000,0x00000007aec00000)
 ParOldGen       total 35840K, used 27771K [0x0000000780000000, 0x0000000782300000, 0x00000007aab00000)
  object space 35840K, 77% used [0x0000000780000000,0x0000000781b1ec20,0x0000000782300000)
 Metaspace       used 29699K, capacity 31236K, committed 31488K, reserved 1077248K
  class space    used 4013K, capacity 4320K, committed 4352K, reserved 1048576K
Event: 887.947 GC heap after
Heap after GC invocations=23 (full 1):
 PSYoungGen      total 39936K, used 12648K [0x00000007aab00000, 0x00000007aea00000, 0x00000007c0000000)
  eden space 17408K, 0% used [0x00000007aab00000,0x00000007aab00000,0x00000007abc00000)
  from space 22528K, 56% used [0x00000007ad400000,0x00000007ae05a030,0x00000007aea00000)
  to   space 23552K, 0% used [0x00000007abc00000,0x00000007abc00000,0x00000007ad300000)
 ParOldGen       total 35840K, used 28275K [0x0000000780000000, 0x0000000782300000, 0x00000007aab00000)
  object space 35840K, 78% used [0x0000000780000000,0x0000000781b9cc30,0x0000000782300000)
 Metaspace       used 29699K, capacity 31236K, committed 31488K, reserved 1077248K
  class space    used 4013K, capacity 4320K, committed 4352K, reserved 1048576K
}
Event: 939.698 GC heap before
{Heap before GC invocations=24 (full 1):
 PSYoungGen      total 39936K, used 30056K [0x00000007aab00000, 0x00000007aea00000, 0x00000007c0000000)
  eden space 17408K, 100% used [0x00000007aab00000,0x00000007abc00000,0x00000007abc00000)
  from space 22528K, 56% used [0x00000007ad400000,0x00000007ae05a030,0x00000007aea00000)
  to   space 23552K, 0% used [0x00000007abc00000,0x00000007abc00000,0x00000007ad300000)
 ParOldGen       total 35840K, used 28275K [0x0000000780000000, 0x0000000782300000, 0x00000007aab00000)
  object space 35840K, 78% used [0x0000000780000000,0x0000000781b9cc30,0x0000000782300000)
 Metaspace       used 29700K, capacity 31236K, committed 31488K, reserved 1077248K
  class space    used 4013K, capacity 4320K, committed 4352K, reserved 1048576K
Event: 939.726 GC heap after
Heap after GC invocations=24 (full 1):
 PSYoungGen      total 30720K, used 12872K [0x00000007aab00000, 0x00000007ae800000, 0x00000007c0000000)
  eden space 17408K, 0% used [0x00000007aab00000,0x00000007aab00000,0x00000007abc00000)
  from space 13312K, 96% used [0x00000007abc00000,0x00000007ac892020,0x00000007ac900000)
  to   space 22528K, 0% used [0x00000007ad200000,0x00000007ad200000,0x00000007ae800000)
 ParOldGen       total 35840K, used 28491K [0x0000000780000000, 0x0000000782300000, 0x00000007aab00000)
  object space 35840K, 79% used [0x0000000780000000,0x0000000781bd2c30,0x0000000782300000)
 Metaspace       used 29700K, capacity 31236K, committed 31488K, reserved 1077248K
  class space    used 4013K, capacity 4320K, committed 4352K, reserved 1048576K
}
Event: 987.342 GC heap before
{Heap before GC invocations=25 (full 1):
 PSYoungGen      total 30720K, used 30280K [0x00000007aab00000, 0x00000007ae800000, 0x00000007c0000000)
  eden space 17408K, 100% used [0x00000007aab00000,0x00000007abc00000,0x00000007abc00000)
  from space 13312K, 96% used [0x00000007abc00000,0x00000007ac892020,0x00000007ac900000)
  to   space 22528K, 0% used [0x00000007ad200000,0x00000007ad200000,0x00000007ae800000)
 ParOldGen       total 35840K, used 28491K [0x0000000780000000, 0x0000000782300000, 0x00000007aab00000)
  object space 35840K, 79% used [0x0000000780000000,0x0000000781bd2c30,0x0000000782300000)
 Metaspace       used 29718K, capacity 31236K, committed 31488K, reserved 1077248K
  class space    used 4013K, capacity 4320K, committed 4352K, reserved 1048576K
Event: 987.353 GC heap after
Heap after GC invocations=25 (full 1):
 PSYoungGen      total 38912K, used 11480K [0x00000007aab00000, 0x00000007ae700000, 0x00000007c0000000)
  eden space 17408K, 0% used [0x00000007aab00000,0x00000007aab00000,0x00000007abc00000)
  from space 21504K, 53% used [0x00000007ad200000,0x00000007add36040,0x00000007ae700000)
  to   space 22016K, 0% used [0x00000007abc00000,0x00000007abc00000,0x00000007ad180000)
 ParOldGen       total 35840K, used 29444K [0x0000000780000000, 0x0000000782300000, 0x00000007aab00000)
  object space 35840K, 82% used [0x0000000780000000,0x0000000781cc1030,0x0000000782300000)
 Metaspace       used 29718K, capacity 31236K, committed 31488K, reserved 1077248K
  class space    used 4013K, capacity 4320K, committed 4352K, reserved 1048576K
}
Event: 1038.038 GC heap before
{Heap before GC invocations=26 (full 1):
 PSYoungGen      total 38912K, used 28888K [0x00000007aab00000, 0x00000007ae700000, 0x00000007c0000000)
  eden space 17408K, 100% used [0x00000007aab00000,0x00000007abc00000,0x00000007abc00000)
  from space 21504K, 53% used [0x00000007ad200000,0x00000007add36040,0x00000007ae700000)
  to   space 22016K, 0% used [0x00000007abc00000,0x00000007abc00000,0x00000007ad180000)
 ParOldGen       total 35840K, used 29444K [0x0000000780000000, 0x0000000782300000, 0x00000007aab00000)
  object space 35840K, 82% used [0x0000000780000000,0x0000000781cc1030,0x0000000782300000)
 Metaspace       used 29730K, capacity 31236K, committed 31488K, reserved 1077248K
  class space    used 4013K, capacity 4320K, committed 4352K, reserved 1048576K
Event: 1038.059 GC heap after
Heap after GC invocations=26 (full 1):
 PSYoungGen      total 28672K, used 10880K [0x00000007aab00000, 0x00000007ae600000, 0x00000007c0000000)
  eden space 17408K, 0% used [0x00000007aab00000,0x00000007aab00000,0x00000007abc00000)
  from space 11264K, 96% used [0x00000007abc00000,0x00000007ac6a0020,0x00000007ac700000)
  to   space 21504K, 0% used [0x00000007ad100000,0x00000007ad100000,0x00000007ae600000)
 ParOldGen       total 35840K, used 29902K [0x0000000780000000, 0x0000000782300000, 0x00000007aab00000)
  object space 35840K, 83% used [0x0000000780000000,0x0000000781d33b40,0x0000000782300000)
 Metaspace       used 29730K, capacity 31236K, committed 31488K, reserved 1077248K
  class space    used 4013K, capacity 4320K, committed 4352K, reserved 1048576K
}
Event: 1085.118 GC heap before
{Heap before GC invocations=27 (full 1):
 PSYoungGen      total 28672K, used 28288K [0x00000007aab00000, 0x00000007ae600000, 0x00000007c0000000)
  eden space 17408K, 100% used [0x00000007aab00000,0x00000007abc00000,0x00000007abc00000)
  from space 11264K, 96% used [0x00000007abc00000,0x00000007ac6a0020,0x00000007ac700000)
  to   space 21504K, 0% used [0x00000007ad100000,0x00000007ad100000,0x00000007ae600000)
 ParOldGen       total 35840K, used 29902K [0x0000000780000000, 0x0000000782300000, 0x00000007aab00000)
  object space 35840K, 83% used [0x0000000780000000,0x0000000781d33b40,0x0000000782300000)
 Metaspace       used 29764K, capacity 31364K, committed 31488K, reserved 1077248K
  class space    used 4013K, capacity 4320K, committed 4352K, reserved 1048576K
Event: 1085.129 GC heap after
Heap after GC invocations=27 (full 1):
 PSYoungGen      total 37888K, used 10848K [0x00000007aab00000, 0x00000007ae500000, 0x00000007c0000000)
  eden space 17408K, 0% used [0x00000007aab00000,0x00000007aab00000,0x00000007abc00000)
  from space 20480K, 52% used [0x00000007ad100000,0x00000007adb98010,0x00000007ae500000)
  to   space 20992K, 0% used [0x00000007abc00000,0x00000007abc00000,0x00000007ad080000)
 ParOldGen       total 35840K, used 29934K [0x0000000780000000, 0x0000000782300000, 0x00000007aab00000)
  object space 35840K, 83% used [0x0000000780000000,0x0000000781d3bb40,0x0000000782300000)
 Metaspace       used 29764K, capacity 31364K, committed 31488K, reserved 1077248K
  class space    used 4013K, capacity 4320K, committed 4352K, reserved 1048576K
}

