# JRE version: Java(TM) SE Runtime Environment (8.0_40-b27) (build 1.8.0_40-b27)
# Java VM: Java HotSpot(TM) 64-Bit Server VM (25.40-b25 mixed mode bsd-amd64 compressed oops)
Heap:
 PSYoungGen      total 112640K, used 77048K [0x00000007aab00000, 0x00000007b2980000, 0x00000007c0000000)
  eden space 101888K, 65% used [0x00000007aab00000,0x00000007aebc0928,0x00000007b0e80000)
  from space 10752K, 99% used [0x00000007b1b00000,0x00000007b257d728,0x00000007b2580000)
  to   space 12800K, 0% used [0x00000007b0e80000,0x00000007b0e80000,0x00000007b1b00000)
 ParOldGen       total 40448K, used 20046K [0x0000000780000000, 0x0000000782780000, 0x00000007aab00000)
  object space 40448K, 49% used [0x0000000780000000,0x0000000781393bb0,0x0000000782780000)
 Metaspace       used 36067K, capacity 37634K, committed 37976K, reserved 1081344K
  class space    used 4782K, capacity 5092K, committed 5208K, reserved 1048576K
GC Heap History (10 events):
Event: 92.418 GC heap before
{Heap before GC invocations=8 (full 1):
 PSYoungGen      total 39424K, used 35378K [0x00000007aab00000, 0x00000007ad800000, 0x00000007c0000000)
  eden space 32768K, 100% used [0x00000007aab00000,0x00000007acb00000,0x00000007acb00000)
  from space 6656K, 39% used [0x00000007ad180000,0x00000007ad40ca90,0x00000007ad800000)
  to   space 6656K, 0% used [0x00000007acb00000,0x00000007acb00000,0x00000007ad180000)
 ParOldGen       total 28672K, used 7917K [0x0000000780000000, 0x0000000781c00000, 0x00000007aab00000)
  object space 28672K, 27% used [0x0000000780000000,0x00000007807bb438,0x0000000781c00000)
 Metaspace       used 28023K, capacity 29410K, committed 29696K, reserved 1075200K
  class space    used 4000K, capacity 4262K, committed 4352K, reserved 1048576K
Event: 92.463 GC heap after
Heap after GC invocations=8 (full 1):
 PSYoungGen      total 39424K, used 6656K [0x00000007aab00000, 0x00000007afe00000, 0x00000007c0000000)
  eden space 32768K, 0% used [0x00000007aab00000,0x00000007aab00000,0x00000007acb00000)
  from space 6656K, 100% used [0x00000007acb00000,0x00000007ad180000,0x00000007ad180000)
  to   space 9728K, 0% used [0x00000007af480000,0x00000007af480000,0x00000007afe00000)
 ParOldGen       total 28672K, used 12332K [0x0000000780000000, 0x0000000781c00000, 0x00000007aab00000)
  object space 28672K, 43% used [0x0000000780000000,0x0000000780c0b178,0x0000000781c00000)
 Metaspace       used 28023K, capacity 29410K, committed 29696K, reserved 1075200K
  class space    used 4000K, capacity 4262K, committed 4352K, reserved 1048576K
}
Event: 202.661 GC heap before
{Heap before GC invocations=9 (full 1):
 PSYoungGen      total 39424K, used 39424K [0x00000007aab00000, 0x00000007afe00000, 0x00000007c0000000)
  eden space 32768K, 100% used [0x00000007aab00000,0x00000007acb00000,0x00000007acb00000)
  from space 6656K, 100% used [0x00000007acb00000,0x00000007ad180000,0x00000007ad180000)
  to   space 9728K, 0% used [0x00000007af480000,0x00000007af480000,0x00000007afe00000)
 ParOldGen       total 28672K, used 12332K [0x0000000780000000, 0x0000000781c00000, 0x00000007aab00000)
  object space 28672K, 43% used [0x0000000780000000,0x0000000780c0b178,0x0000000781c00000)
 Metaspace       used 28729K, capacity 30184K, committed 30464K, reserved 1075200K
  class space    used 4019K, capacity 4299K, committed 4352K, reserved 1048576K
Event: 202.692 GC heap after
Heap after GC invocations=9 (full 1):
 PSYoungGen      total 74752K, used 7296K [0x00000007aab00000, 0x00000007aff00000, 0x00000007c0000000)
  eden space 65024K, 0% used [0x00000007aab00000,0x00000007aab00000,0x00000007aea80000)
  from space 9728K, 75% used [0x00000007af480000,0x00000007afba0000,0x00000007afe00000)
  to   space 10240K, 0% used [0x00000007aea80000,0x00000007aea80000,0x00000007af480000)
 ParOldGen       total 28672K, used 12332K [0x0000000780000000, 0x0000000781c00000, 0x00000007aab00000)
  object space 28672K, 43% used [0x0000000780000000,0x0000000780c0b178,0x0000000781c00000)
 Metaspace       used 28729K, capacity 30184K, committed 30464K, reserved 1075200K
  class space    used 4019K, capacity 4299K, committed 4352K, reserved 1048576K
}
Event: 276.429 GC heap before
{Heap before GC invocations=10 (full 1):
 PSYoungGen      total 74752K, used 64439K [0x00000007aab00000, 0x00000007aff00000, 0x00000007c0000000)
  eden space 65024K, 87% used [0x00000007aab00000,0x00000007ae2cdd10,0x00000007aea80000)
  from space 9728K, 75% used [0x00000007af480000,0x00000007afba0000,0x00000007afe00000)
  to   space 10240K, 0% used [0x00000007aea80000,0x00000007aea80000,0x00000007af480000)
 ParOldGen       total 28672K, used 12332K [0x0000000780000000, 0x0000000781c00000, 0x00000007aab00000)
  object space 28672K, 43% used [0x0000000780000000,0x0000000780c0b178,0x0000000781c00000)
 Metaspace       used 33747K, capacity 35252K, committed 35416K, reserved 1079296K
  class space    used 4607K, capacity 4915K, committed 4952K, reserved 1048576K
Event: 276.469 GC heap after
Heap after GC invocations=10 (full 1):
 PSYoungGen      total 75264K, used 7568K [0x00000007aab00000, 0x00000007b2580000, 0x00000007c0000000)
  eden space 65024K, 0% used [0x00000007aab00000,0x00000007aab00000,0x00000007aea80000)
  from space 10240K, 73% used [0x00000007aea80000,0x00000007af1e4010,0x00000007af480000)
  to   space 10752K, 0% used [0x00000007b1b00000,0x00000007b1b00000,0x00000007b2580000)
 ParOldGen       total 28672K, used 13692K [0x0000000780000000, 0x0000000781c00000, 0x00000007aab00000)
  object space 28672K, 47% used [0x0000000780000000,0x0000000780d5f178,0x0000000781c00000)
 Metaspace       used 33747K, capacity 35252K, committed 35416K, reserved 1079296K
  class space    used 4607K, capacity 4915K, committed 4952K, reserved 1048576K
}
Event: 276.470 GC heap before
{Heap before GC invocations=11 (full 2):
 PSYoungGen      total 75264K, used 7568K [0x00000007aab00000, 0x00000007b2580000, 0x00000007c0000000)
  eden space 65024K, 0% used [0x00000007aab00000,0x00000007aab00000,0x00000007aea80000)
  from space 10240K, 73% used [0x00000007aea80000,0x00000007af1e4010,0x00000007af480000)
  to   space 10752K, 0% used [0x00000007b1b00000,0x00000007b1b00000,0x00000007b2580000)
 ParOldGen       total 28672K, used 13692K [0x0000000780000000, 0x0000000781c00000, 0x00000007aab00000)
  object space 28672K, 47% used [0x0000000780000000,0x0000000780d5f178,0x0000000781c00000)
 Metaspace       used 33747K, capacity 35252K, committed 35416K, reserved 1079296K
  class space    used 4607K, capacity 4915K, committed 4952K, reserved 1048576K
Event: 276.725 GC heap after
Heap after GC invocations=11 (full 2):
 PSYoungGen      total 75264K, used 0K [0x00000007aab00000, 0x00000007b2580000, 0x00000007c0000000)
  eden space 65024K, 0% used [0x00000007aab00000,0x00000007aab00000,0x00000007aea80000)
  from space 10240K, 0% used [0x00000007aea80000,0x00000007aea80000,0x00000007af480000)
  to   space 10752K, 0% used [0x00000007b1b00000,0x00000007b1b00000,0x00000007b2580000)
 ParOldGen       total 40448K, used 18369K [0x0000000780000000, 0x0000000782780000, 0x00000007aab00000)
  object space 40448K, 45% used [0x0000000780000000,0x00000007811f0540,0x0000000782780000)
 Metaspace       used 33747K, capacity 35252K, committed 35416K, reserved 1079296K
  class space    used 4607K, capacity 4915K, committed 4952K, reserved 1048576K
}
Event: 363.685 GC heap before
{Heap before GC invocations=12 (full 2):
 PSYoungGen      total 75264K, used 65024K [0x00000007aab00000, 0x00000007b2580000, 0x00000007c0000000)
  eden space 65024K, 100% used [0x00000007aab00000,0x00000007aea80000,0x00000007aea80000)
  from space 10240K, 0% used [0x00000007aea80000,0x00000007aea80000,0x00000007af480000)
  to   space 10752K, 0% used [0x00000007b1b00000,0x00000007b1b00000,0x00000007b2580000)
 ParOldGen       total 40448K, used 18369K [0x0000000780000000, 0x0000000782780000, 0x00000007aab00000)
  object space 40448K, 45% used [0x0000000780000000,0x00000007811f0540,0x0000000782780000)
 Metaspace       used 35533K, capacity 37102K, committed 37336K, reserved 1081344K
  class space    used 4758K, capacity 5060K, committed 5080K, reserved 1048576K
Event: 363.701 GC heap after
Heap after GC invocations=12 (full 2):
 PSYoungGen      total 112640K, used 10741K [0x00000007aab00000, 0x00000007b2980000, 0x00000007c0000000)
  eden space 101888K, 0% used [0x00000007aab00000,0x00000007aab00000,0x00000007b0e80000)
  from space 10752K, 99% used [0x00000007b1b00000,0x00000007b257d728,0x00000007b2580000)
  to   space 12800K, 0% used [0x00000007b0e80000,0x00000007b0e80000,0x00000007b1b00000)
 ParOldGen       total 40448K, used 20046K [0x0000000780000000, 0x0000000782780000, 0x00000007aab00000)
  object space 40448K, 49% used [0x0000000780000000,0x0000000781393bb0,0x0000000782780000)
 Metaspace       used 35533K, capacity 37102K, committed 37336K, reserved 1081344K
  class space    used 4758K, capacity 5060K, committed 5080K, reserved 1048576K
}

