# JRE version: Java(TM) SE Runtime Environment (8.0_40-b27) (build 1.8.0_40-b27)
# Java VM: Java HotSpot(TM) 64-Bit Server VM (25.40-b25 mixed mode bsd-amd64 compressed oops)
Heap:
 PSYoungGen      total 109568K, used 59819K [0x00000007aab00000, 0x00000007b5600000, 0x00000007c0000000)
  eden space 98304K, 53% used [0x00000007aab00000,0x00000007ade80668,0x00000007b0b00000)
  from space 11264K, 62% used [0x00000007b0b00000,0x00000007b11ea960,0x00000007b1600000)
  to   space 11264K, 0% used [0x00000007b4b00000,0x00000007b4b00000,0x00000007b5600000)
 ParOldGen       total 39936K, used 24760K [0x0000000780000000, 0x0000000782700000, 0x00000007aab00000)
  object space 39936K, 62% used [0x0000000780000000,0x000000078182e320,0x0000000782700000)
 Metaspace       used 36447K, capacity 38060K, committed 38360K, reserved 1083392K
  class space    used 4818K, capacity 5119K, committed 5120K, reserved 1048576K
GC Heap History (10 events):
Event: 252.893 GC heap before
{Heap before GC invocations=9 (full 1):
 PSYoungGen      total 39424K, used 39392K [0x00000007aab00000, 0x00000007afa80000, 0x00000007c0000000)
  eden space 32768K, 100% used [0x00000007aab00000,0x00000007acb00000,0x00000007acb00000)
  from space 6656K, 99% used [0x00000007acb00000,0x00000007ad178020,0x00000007ad180000)
  to   space 8192K, 0% used [0x00000007af280000,0x00000007af280000,0x00000007afa80000)
 ParOldGen       total 28672K, used 9174K [0x0000000780000000, 0x0000000781c00000, 0x00000007aab00000)
  object space 28672K, 31% used [0x0000000780000000,0x00000007808f5888,0x0000000781c00000)
 Metaspace       used 28625K, capacity 30074K, committed 30208K, reserved 1075200K
  class space    used 4019K, capacity 4304K, committed 4352K, reserved 1048576K
Event: 252.948 GC heap after
Heap after GC invocations=9 (full 1):
 PSYoungGen      total 71168K, used 8160K [0x00000007aab00000, 0x00000007afe00000, 0x00000007c0000000)
  eden space 62976K, 0% used [0x00000007aab00000,0x00000007aab00000,0x00000007ae880000)
  from space 8192K, 99% used [0x00000007af280000,0x00000007afa78010,0x00000007afa80000)
  to   space 10240K, 0% used [0x00000007ae880000,0x00000007ae880000,0x00000007af280000)
 ParOldGen       total 28672K, used 11323K [0x0000000780000000, 0x0000000781c00000, 0x00000007aab00000)
  object space 28672K, 39% used [0x0000000780000000,0x0000000780b0ef68,0x0000000781c00000)
 Metaspace       used 28625K, capacity 30074K, committed 30208K, reserved 1075200K
  class space    used 4019K, capacity 4304K, committed 4352K, reserved 1048576K
}
Event: 394.711 GC heap before
{Heap before GC invocations=10 (full 1):
 PSYoungGen      total 71168K, used 38358K [0x00000007aab00000, 0x00000007afe00000, 0x00000007c0000000)
  eden space 62976K, 47% used [0x00000007aab00000,0x00000007ac87d8f8,0x00000007ae880000)
  from space 8192K, 99% used [0x00000007af280000,0x00000007afa78010,0x00000007afa80000)
  to   space 10240K, 0% used [0x00000007ae880000,0x00000007ae880000,0x00000007af280000)
 ParOldGen       total 28672K, used 11323K [0x0000000780000000, 0x0000000781c00000, 0x00000007aab00000)
  object space 28672K, 39% used [0x0000000780000000,0x0000000780b0ef68,0x0000000781c00000)
 Metaspace       used 33753K, capacity 35290K, committed 35416K, reserved 1079296K
  class space    used 4676K, capacity 4964K, committed 4992K, reserved 1048576K
Event: 394.768 GC heap after
Heap after GC invocations=10 (full 1):
 PSYoungGen      total 73216K, used 8048K [0x00000007aab00000, 0x00000007b2200000, 0x00000007c0000000)
  eden space 62976K, 0% used [0x00000007aab00000,0x00000007aab00000,0x00000007ae880000)
  from space 10240K, 78% used [0x00000007ae880000,0x00000007af05c010,0x00000007af280000)
  to   space 11264K, 0% used [0x00000007b1700000,0x00000007b1700000,0x00000007b2200000)
 ParOldGen       total 28672K, used 13143K [0x0000000780000000, 0x0000000781c00000, 0x00000007aab00000)
  object space 28672K, 45% used [0x0000000780000000,0x0000000780cd5da0,0x0000000781c00000)
 Metaspace       used 33753K, capacity 35290K, committed 35416K, reserved 1079296K
  class space    used 4676K, capacity 4964K, committed 4992K, reserved 1048576K
}
Event: 394.768 GC heap before
{Heap before GC invocations=11 (full 2):
 PSYoungGen      total 73216K, used 8048K [0x00000007aab00000, 0x00000007b2200000, 0x00000007c0000000)
  eden space 62976K, 0% used [0x00000007aab00000,0x00000007aab00000,0x00000007ae880000)
  from space 10240K, 78% used [0x00000007ae880000,0x00000007af05c010,0x00000007af280000)
  to   space 11264K, 0% used [0x00000007b1700000,0x00000007b1700000,0x00000007b2200000)
 ParOldGen       total 28672K, used 13143K [0x0000000780000000, 0x0000000781c00000, 0x00000007aab00000)
  object space 28672K, 45% used [0x0000000780000000,0x0000000780cd5da0,0x0000000781c00000)
 Metaspace       used 33753K, capacity 35290K, committed 35416K, reserved 1079296K
  class space    used 4676K, capacity 4964K, committed 4992K, reserved 1048576K
Event: 395.213 GC heap after
Heap after GC invocations=11 (full 2):
 PSYoungGen      total 73216K, used 0K [0x00000007aab00000, 0x00000007b2200000, 0x00000007c0000000)
  eden space 62976K, 0% used [0x00000007aab00000,0x00000007aab00000,0x00000007ae880000)
  from space 10240K, 0% used [0x00000007ae880000,0x00000007ae880000,0x00000007af280000)
  to   space 11264K, 0% used [0x00000007b1700000,0x00000007b1700000,0x00000007b2200000)
 ParOldGen       total 39936K, used 18426K [0x0000000780000000, 0x0000000782700000, 0x00000007aab00000)
  object space 39936K, 46% used [0x0000000780000000,0x00000007811fe980,0x0000000782700000)
 Metaspace       used 33753K, capacity 35290K, committed 35416K, reserved 1079296K
  class space    used 4676K, capacity 4964K, committed 4992K, reserved 1048576K
}
Event: 461.602 GC heap before
{Heap before GC invocations=12 (full 2):
 PSYoungGen      total 73216K, used 62976K [0x00000007aab00000, 0x00000007b2200000, 0x00000007c0000000)
  eden space 62976K, 100% used [0x00000007aab00000,0x00000007ae880000,0x00000007ae880000)
  from space 10240K, 0% used [0x00000007ae880000,0x00000007ae880000,0x00000007af280000)
  to   space 11264K, 0% used [0x00000007b1700000,0x00000007b1700000,0x00000007b2200000)
 ParOldGen       total 39936K, used 18426K [0x0000000780000000, 0x0000000782700000, 0x00000007aab00000)
  object space 39936K, 46% used [0x0000000780000000,0x00000007811fe980,0x0000000782700000)
 Metaspace       used 35418K, capacity 36940K, committed 37080K, reserved 1081344K
  class space    used 4766K, capacity 5065K, committed 5120K, reserved 1048576K
Event: 461.616 GC heap after
Heap after GC invocations=12 (full 2):
 PSYoungGen      total 108544K, used 6880K [0x00000007aab00000, 0x00000007b2100000, 0x00000007c0000000)
  eden space 98304K, 0% used [0x00000007aab00000,0x00000007aab00000,0x00000007b0b00000)
  from space 10240K, 67% used [0x00000007b1700000,0x00000007b1db8010,0x00000007b2100000)
  to   space 11264K, 0% used [0x00000007b0b00000,0x00000007b0b00000,0x00000007b1600000)
 ParOldGen       total 39936K, used 18434K [0x0000000780000000, 0x0000000782700000, 0x00000007aab00000)
  object space 39936K, 46% used [0x0000000780000000,0x0000000781200980,0x0000000782700000)
 Metaspace       used 35418K, capacity 36940K, committed 37080K, reserved 1081344K
  class space    used 4766K, capacity 5065K, committed 5120K, reserved 1048576K
}
Event: 506.600 GC heap before
{Heap before GC invocations=13 (full 2):
 PSYoungGen      total 108544K, used 105184K [0x00000007aab00000, 0x00000007b2100000, 0x00000007c0000000)
  eden space 98304K, 100% used [0x00000007aab00000,0x00000007b0b00000,0x00000007b0b00000)
  from space 10240K, 67% used [0x00000007b1700000,0x00000007b1db8010,0x00000007b2100000)
  to   space 11264K, 0% used [0x00000007b0b00000,0x00000007b0b00000,0x00000007b1600000)
 ParOldGen       total 39936K, used 18434K [0x0000000780000000, 0x0000000782700000, 0x00000007aab00000)
  object space 39936K, 46% used [0x0000000780000000,0x0000000781200980,0x0000000782700000)
 Metaspace       used 36309K, capacity 37882K, committed 38104K, reserved 1083392K
  class space    used 4812K, capacity 5110K, committed 5120K, reserved 1048576K
Event: 506.663 GC heap after
Heap after GC invocations=13 (full 2):
 PSYoungGen      total 109568K, used 7082K [0x00000007aab00000, 0x00000007b5600000, 0x00000007c0000000)
  eden space 98304K, 0% used [0x00000007aab00000,0x00000007aab00000,0x00000007b0b00000)
  from space 11264K, 62% used [0x00000007b0b00000,0x00000007b11ea960,0x00000007b1600000)
  to   space 11264K, 0% used [0x00000007b4b00000,0x00000007b4b00000,0x00000007b5600000)
 ParOldGen       total 39936K, used 24760K [0x0000000780000000, 0x0000000782700000, 0x00000007aab00000)
  object space 39936K, 62% used [0x0000000780000000,0x000000078182e320,0x0000000782700000)
 Metaspace       used 36309K, capacity 37882K, committed 38104K, reserved 1083392K
  class space    used 4812K, capacity 5110K, committed 5120K, reserved 1048576K
}

