# JRE version: Java(TM) SE Runtime Environment (8.0_40-b27) (build 1.8.0_40-b27)
# Java VM: Java HotSpot(TM) 64-Bit Server VM (25.40-b25 mixed mode bsd-amd64 compressed oops)
Heap:
 PSYoungGen      total 16384K, used 8265K [0x00000007aab00000, 0x00000007ac580000, 0x00000007c0000000)
  eden space 14848K, 46% used [0x00000007aab00000,0x00000007ab1c2738,0x00000007ab980000)
  from space 1536K, 87% used [0x00000007ab980000,0x00000007abad0000,0x00000007abb00000)
  to   space 6144K, 0% used [0x00000007abf80000,0x00000007abf80000,0x00000007ac580000)
 ParOldGen       total 38400K, used 29188K [0x0000000780000000, 0x0000000782580000, 0x00000007aab00000)
  object space 38400K, 76% used [0x0000000780000000,0x0000000781c810c8,0x0000000782580000)
 Metaspace       used 36168K, capacity 37746K, committed 37976K, reserved 1081344K
  class space    used 4826K, capacity 5128K, committed 5208K, reserved 1048576K
GC Heap History (10 events):
Event: 467.558 GC heap before
{Heap before GC invocations=31 (full 2):
 PSYoungGen      total 18944K, used 12032K [0x00000007aab00000, 0x00000007ac580000, 0x00000007c0000000)
  eden space 11776K, 100% used [0x00000007aab00000,0x00000007ab680000,0x00000007ab680000)
  from space 7168K, 3% used [0x00000007abe80000,0x00000007abec0000,0x00000007ac580000)
  to   space 7680K, 0% used [0x00000007ab680000,0x00000007ab680000,0x00000007abe00000)
 ParOldGen       total 38400K, used 25892K [0x0000000780000000, 0x0000000782580000, 0x00000007aab00000)
  object space 38400K, 67% used [0x0000000780000000,0x00000007819490c8,0x0000000782580000)
 Metaspace       used 35418K, capacity 36996K, committed 37336K, reserved 1081344K
  class space    used 4769K, capacity 5069K, committed 5080K, reserved 1048576K
Event: 467.571 GC heap after
Heap after GC invocations=31 (full 2):
 PSYoungGen      total 19456K, used 160K [0x00000007aab00000, 0x00000007ac800000, 0x00000007c0000000)
  eden space 11776K, 0% used [0x00000007aab00000,0x00000007aab00000,0x00000007ab680000)
  from space 7680K, 2% used [0x00000007ab680000,0x00000007ab6a8000,0x00000007abe00000)
  to   space 7168K, 0% used [0x00000007ac100000,0x00000007ac100000,0x00000007ac800000)
 ParOldGen       total 38400K, used 25996K [0x0000000780000000, 0x0000000782580000, 0x00000007aab00000)
  object space 38400K, 67% used [0x0000000780000000,0x00000007819630c8,0x0000000782580000)
 Metaspace       used 35418K, capacity 36996K, committed 37336K, reserved 1081344K
  class space    used 4769K, capacity 5069K, committed 5080K, reserved 1048576K
}
Event: 476.118 GC heap before
{Heap before GC invocations=32 (full 2):
 PSYoungGen      total 19456K, used 11936K [0x00000007aab00000, 0x00000007ac800000, 0x00000007c0000000)
  eden space 11776K, 100% used [0x00000007aab00000,0x00000007ab680000,0x00000007ab680000)
  from space 7680K, 2% used [0x00000007ab680000,0x00000007ab6a8000,0x00000007abe00000)
  to   space 7168K, 0% used [0x00000007ac100000,0x00000007ac100000,0x00000007ac800000)
 ParOldGen       total 38400K, used 25996K [0x0000000780000000, 0x0000000782580000, 0x00000007aab00000)
  object space 38400K, 67% used [0x0000000780000000,0x00000007819630c8,0x0000000782580000)
 Metaspace       used 35420K, capacity 36996K, committed 37336K, reserved 1081344K
  class space    used 4769K, capacity 5069K, committed 5080K, reserved 1048576K
Event: 476.121 GC heap after
Heap after GC invocations=32 (full 2):
 PSYoungGen      total 21504K, used 160K [0x00000007aab00000, 0x00000007ac700000, 0x00000007c0000000)
  eden space 15360K, 0% used [0x00000007aab00000,0x00000007aab00000,0x00000007aba00000)
  from space 6144K, 2% used [0x00000007ac100000,0x00000007ac128000,0x00000007ac700000)
  to   space 6656K, 0% used [0x00000007aba00000,0x00000007aba00000,0x00000007ac080000)
 ParOldGen       total 38400K, used 26012K [0x0000000780000000, 0x0000000782580000, 0x00000007aab00000)
  object space 38400K, 67% used [0x0000000780000000,0x00000007819670c8,0x0000000782580000)
 Metaspace       used 35420K, capacity 36996K, committed 37336K, reserved 1081344K
  class space    used 4769K, capacity 5069K, committed 5080K, reserved 1048576K
}
Event: 1016.033 GC heap before
{Heap before GC invocations=33 (full 2):
 PSYoungGen      total 21504K, used 15520K [0x00000007aab00000, 0x00000007ac700000, 0x00000007c0000000)
  eden space 15360K, 100% used [0x00000007aab00000,0x00000007aba00000,0x00000007aba00000)
  from space 6144K, 2% used [0x00000007ac100000,0x00000007ac128000,0x00000007ac700000)
  to   space 6656K, 0% used [0x00000007aba00000,0x00000007aba00000,0x00000007ac080000)
 ParOldGen       total 38400K, used 26012K [0x0000000780000000, 0x0000000782580000, 0x00000007aab00000)
  object space 38400K, 67% used [0x0000000780000000,0x00000007819670c8,0x0000000782580000)
 Metaspace       used 35600K, capacity 37094K, committed 37336K, reserved 1081344K
  class space    used 4773K, capacity 5074K, committed 5080K, reserved 1048576K
Event: 1016.050 GC heap after
Heap after GC invocations=33 (full 2):
 PSYoungGen      total 15872K, used 480K [0x00000007aab00000, 0x00000007ac600000, 0x00000007c0000000)
  eden space 15360K, 0% used [0x00000007aab00000,0x00000007aab00000,0x00000007aba00000)
  from space 512K, 93% used [0x00000007aba00000,0x00000007aba78000,0x00000007aba80000)
  to   space 6144K, 0% used [0x00000007ac000000,0x00000007ac000000,0x00000007ac600000)
 ParOldGen       total 38400K, used 26028K [0x0000000780000000, 0x0000000782580000, 0x00000007aab00000)
  object space 38400K, 67% used [0x0000000780000000,0x000000078196b0c8,0x0000000782580000)
 Metaspace       used 35600K, capacity 37094K, committed 37336K, reserved 1081344K
  class space    used 4773K, capacity 5074K, committed 5080K, reserved 1048576K
}
Event: 1018.822 GC heap before
{Heap before GC invocations=34 (full 2):
 PSYoungGen      total 15872K, used 15840K [0x00000007aab00000, 0x00000007ac600000, 0x00000007c0000000)
  eden space 15360K, 100% used [0x00000007aab00000,0x00000007aba00000,0x00000007aba00000)
  from space 512K, 93% used [0x00000007aba00000,0x00000007aba78000,0x00000007aba80000)
  to   space 6144K, 0% used [0x00000007ac000000,0x00000007ac000000,0x00000007ac600000)
 ParOldGen       total 38400K, used 26028K [0x0000000780000000, 0x0000000782580000, 0x00000007aab00000)
  object space 38400K, 67% used [0x0000000780000000,0x000000078196b0c8,0x0000000782580000)
 Metaspace       used 35765K, capacity 37260K, committed 37464K, reserved 1081344K
  class space    used 4782K, capacity 5083K, committed 5208K, reserved 1048576K
Event: 1018.836 GC heap after
Heap after GC invocations=34 (full 2):
 PSYoungGen      total 20992K, used 3200K [0x00000007aab00000, 0x00000007ac700000, 0x00000007c0000000)
  eden space 14848K, 0% used [0x00000007aab00000,0x00000007aab00000,0x00000007ab980000)
  from space 6144K, 52% used [0x00000007ac000000,0x00000007ac320000,0x00000007ac600000)
  to   space 6656K, 0% used [0x00000007ab980000,0x00000007ab980000,0x00000007ac000000)
 ParOldGen       total 38400K, used 26388K [0x0000000780000000, 0x0000000782580000, 0x00000007aab00000)
  object space 38400K, 68% used [0x0000000780000000,0x00000007819c50c8,0x0000000782580000)
 Metaspace       used 35765K, capacity 37260K, committed 37464K, reserved 1081344K
  class space    used 4782K, capacity 5083K, committed 5208K, reserved 1048576K
}
Event: 1050.648 GC heap before
{Heap before GC invocations=35 (full 2):
 PSYoungGen      total 20992K, used 18048K [0x00000007aab00000, 0x00000007ac700000, 0x00000007c0000000)
  eden space 14848K, 100% used [0x00000007aab00000,0x00000007ab980000,0x00000007ab980000)
  from space 6144K, 52% used [0x00000007ac000000,0x00000007ac320000,0x00000007ac600000)
  to   space 6656K, 0% used [0x00000007ab980000,0x00000007ab980000,0x00000007ac000000)
 ParOldGen       total 38400K, used 26388K [0x0000000780000000, 0x0000000782580000, 0x00000007aab00000)
  object space 38400K, 68% used [0x0000000780000000,0x00000007819c50c8,0x0000000782580000)
 Metaspace       used 35864K, capacity 37414K, committed 37720K, reserved 1081344K
  class space    used 4784K, capacity 5086K, committed 5208K, reserved 1048576K
Event: 1050.664 GC heap after
Heap after GC invocations=35 (full 2):
 PSYoungGen      total 16384K, used 1344K [0x00000007aab00000, 0x00000007ac580000, 0x00000007c0000000)
  eden space 14848K, 0% used [0x00000007aab00000,0x00000007aab00000,0x00000007ab980000)
  from space 1536K, 87% used [0x00000007ab980000,0x00000007abad0000,0x00000007abb00000)
  to   space 6144K, 0% used [0x00000007abf80000,0x00000007abf80000,0x00000007ac580000)
 ParOldGen       total 38400K, used 29188K [0x0000000780000000, 0x0000000782580000, 0x00000007aab00000)
  object space 38400K, 76% used [0x0000000780000000,0x0000000781c810c8,0x0000000782580000)
 Metaspace       used 35864K, capacity 37414K, committed 37720K, reserved 1081344K
  class space    used 4784K, capacity 5086K, committed 5208K, reserved 1048576K
}

