# JRE version: Java(TM) SE Runtime Environment (8.0_40-b27) (build 1.8.0_40-b27)
# Java VM: Java HotSpot(TM) 64-Bit Server VM (25.40-b25 mixed mode bsd-amd64 compressed oops)
Heap:
 PSYoungGen      total 18944K, used 12012K [0x00000007aab00000, 0x00000007ad600000, 0x00000007c0000000)
  eden space 16384K, 57% used [0x00000007aab00000,0x00000007ab43bd58,0x00000007abb00000)
  from space 2560K, 99% used [0x00000007abb00000,0x00000007abd7f3c8,0x00000007abd80000)
  to   space 6656K, 0% used [0x00000007acf80000,0x00000007acf80000,0x00000007ad600000)
 ParOldGen       total 32256K, used 9515K [0x0000000780000000, 0x0000000781f80000, 0x00000007aab00000)
  object space 32256K, 29% used [0x0000000780000000,0x000000078094ae70,0x0000000781f80000)
 Metaspace       used 26257K, capacity 27468K, committed 27776K, reserved 1073152K
  class space    used 3869K, capacity 4115K, committed 4224K, reserved 1048576K
GC Heap History (10 events):
Event: 2.499 GC heap before
{Heap before GC invocations=2 (full 0):
 PSYoungGen      total 18944K, used 18928K [0x00000007aab00000, 0x00000007ac000000, 0x00000007c0000000)
  eden space 16384K, 100% used [0x00000007aab00000,0x00000007abb00000,0x00000007abb00000)
  from space 2560K, 99% used [0x00000007abb00000,0x00000007abd7c320,0x00000007abd80000)
  to   space 2560K, 0% used [0x00000007abd80000,0x00000007abd80000,0x00000007ac000000)
 ParOldGen       total 44032K, used 220K [0x0000000780000000, 0x0000000782b00000, 0x00000007aab00000)
  object space 44032K, 0% used [0x0000000780000000,0x00000007800372f8,0x0000000782b00000)
 Metaspace       used 13270K, capacity 13674K, committed 13824K, reserved 1060864K
  class space    used 1641K, capacity 1779K, committed 1792K, reserved 1048576K
Event: 2.520 GC heap after
Heap after GC invocations=2 (full 0):
 PSYoungGen      total 18944K, used 2528K [0x00000007aab00000, 0x00000007ad000000, 0x00000007c0000000)
  eden space 16384K, 0% used [0x00000007aab00000,0x00000007aab00000,0x00000007abb00000)
  from space 2560K, 98% used [0x00000007abd80000,0x00000007abff8040,0x00000007ac000000)
  to   space 2560K, 0% used [0x00000007abb00000,0x00000007abb00000,0x00000007abd80000)
 ParOldGen       total 44032K, used 2799K [0x0000000780000000, 0x0000000782b00000, 0x00000007aab00000)
  object space 44032K, 6% used [0x0000000780000000,0x00000007802bbfa8,0x0000000782b00000)
 Metaspace       used 13270K, capacity 13674K, committed 13824K, reserved 1060864K
  class space    used 1641K, capacity 1779K, committed 1792K, reserved 1048576K
}
Event: 55.937 GC heap before
{Heap before GC invocations=3 (full 0):
 PSYoungGen      total 18944K, used 18912K [0x00000007aab00000, 0x00000007ad000000, 0x00000007c0000000)
  eden space 16384K, 100% used [0x00000007aab00000,0x00000007abb00000,0x00000007abb00000)
  from space 2560K, 98% used [0x00000007abd80000,0x00000007abff8040,0x00000007ac000000)
  to   space 2560K, 0% used [0x00000007abb00000,0x00000007abb00000,0x00000007abd80000)
 ParOldGen       total 44032K, used 2799K [0x0000000780000000, 0x0000000782b00000, 0x00000007aab00000)
  object space 44032K, 6% used [0x0000000780000000,0x00000007802bbfa8,0x0000000782b00000)
 Metaspace       used 16917K, capacity 17298K, committed 17536K, reserved 1064960K
  class space    used 2214K, capacity 2354K, committed 2432K, reserved 1048576K
Event: 55.949 GC heap after
Heap after GC invocations=3 (full 0):
 PSYoungGen      total 18944K, used 2528K [0x00000007aab00000, 0x00000007ac000000, 0x00000007c0000000)
  eden space 16384K, 0% used [0x00000007aab00000,0x00000007aab00000,0x00000007abb00000)
  from space 2560K, 98% used [0x00000007abb00000,0x00000007abd78020,0x00000007abd80000)
  to   space 2560K, 0% used [0x00000007abd80000,0x00000007abd80000,0x00000007ac000000)
 ParOldGen       total 44032K, used 5427K [0x0000000780000000, 0x0000000782b00000, 0x00000007aab00000)
  object space 44032K, 12% used [0x0000000780000000,0x000000078054cd88,0x0000000782b00000)
 Metaspace       used 16917K, capacity 17298K, committed 17536K, reserved 1064960K
  class space    used 2214K, capacity 2354K, committed 2432K, reserved 1048576K
}
Event: 56.520 GC heap before
{Heap before GC invocations=4 (full 0):
 PSYoungGen      total 18944K, used 18795K [0x00000007aab00000, 0x00000007ac000000, 0x00000007c0000000)
  eden space 16384K, 99% used [0x00000007aab00000,0x00000007abae2f08,0x00000007abb00000)
  from space 2560K, 98% used [0x00000007abb00000,0x00000007abd78020,0x00000007abd80000)
  to   space 2560K, 0% used [0x00000007abd80000,0x00000007abd80000,0x00000007ac000000)
 ParOldGen       total 44032K, used 5427K [0x0000000780000000, 0x0000000782b00000, 0x00000007aab00000)
  object space 44032K, 12% used [0x0000000780000000,0x000000078054cd88,0x0000000782b00000)
 Metaspace       used 20652K, capacity 21214K, committed 21248K, reserved 1067008K
  class space    used 2860K, capacity 3048K, committed 3072K, reserved 1048576K
Event: 56.534 GC heap after
Heap after GC invocations=4 (full 0):
 PSYoungGen      total 18944K, used 2528K [0x00000007aab00000, 0x00000007ad000000, 0x00000007c0000000)
  eden space 16384K, 0% used [0x00000007aab00000,0x00000007aab00000,0x00000007abb00000)
  from space 2560K, 98% used [0x00000007abd80000,0x00000007abff8020,0x00000007ac000000)
  to   space 2560K, 0% used [0x00000007abb00000,0x00000007abb00000,0x00000007abd80000)
 ParOldGen       total 44032K, used 7486K [0x0000000780000000, 0x0000000782b00000, 0x00000007aab00000)
  object space 44032K, 17% used [0x0000000780000000,0x000000078074fae0,0x0000000782b00000)
 Metaspace       used 20652K, capacity 21214K, committed 21248K, reserved 1067008K
  class space    used 2860K, capacity 3048K, committed 3072K, reserved 1048576K
}
Event: 56.534 GC heap before
{Heap before GC invocations=5 (full 1):
 PSYoungGen      total 18944K, used 2528K [0x00000007aab00000, 0x00000007ad000000, 0x00000007c0000000)
  eden space 16384K, 0% used [0x00000007aab00000,0x00000007aab00000,0x00000007abb00000)
  from space 2560K, 98% used [0x00000007abd80000,0x00000007abff8020,0x00000007ac000000)
  to   space 2560K, 0% used [0x00000007abb00000,0x00000007abb00000,0x00000007abd80000)
 ParOldGen       total 44032K, used 7486K [0x0000000780000000, 0x0000000782b00000, 0x00000007aab00000)
  object space 44032K, 17% used [0x0000000780000000,0x000000078074fae0,0x0000000782b00000)
 Metaspace       used 20652K, capacity 21214K, committed 21248K, reserved 1067008K
  class space    used 2860K, capacity 3048K, committed 3072K, reserved 1048576K
Event: 56.646 GC heap after
Heap after GC invocations=5 (full 1):
 PSYoungGen      total 18944K, used 0K [0x00000007aab00000, 0x00000007ad000000, 0x00000007c0000000)
  eden space 16384K, 0% used [0x00000007aab00000,0x00000007aab00000,0x00000007abb00000)
  from space 2560K, 0% used [0x00000007abd80000,0x00000007abd80000,0x00000007ac000000)
  to   space 2560K, 0% used [0x00000007abb00000,0x00000007abb00000,0x00000007abd80000)
 ParOldGen       total 32256K, used 9459K [0x0000000780000000, 0x0000000781f80000, 0x00000007aab00000)
  object space 32256K, 29% used [0x0000000780000000,0x000000078093ce70,0x0000000781f80000)
 Metaspace       used 20652K, capacity 21214K, committed 21248K, reserved 1067008K
  class space    used 2860K, capacity 3048K, committed 3072K, reserved 1048576K
}
Event: 57.800 GC heap before
{Heap before GC invocations=6 (full 1):
 PSYoungGen      total 18944K, used 16310K [0x00000007aab00000, 0x00000007ad000000, 0x00000007c0000000)
  eden space 16384K, 99% used [0x00000007aab00000,0x00000007abaedb58,0x00000007abb00000)
  from space 2560K, 0% used [0x00000007abd80000,0x00000007abd80000,0x00000007ac000000)
  to   space 2560K, 0% used [0x00000007abb00000,0x00000007abb00000,0x00000007abd80000)
 ParOldGen       total 32256K, used 9459K [0x0000000780000000, 0x0000000781f80000, 0x00000007aab00000)
  object space 32256K, 29% used [0x0000000780000000,0x000000078093ce70,0x0000000781f80000)
 Metaspace       used 25042K, capacity 26180K, committed 26240K, reserved 1071104K
  class space    used 3692K, capacity 3927K, committed 3968K, reserved 1048576K
Event: 57.809 GC heap after
Heap after GC invocations=6 (full 1):
 PSYoungGen      total 18944K, used 2556K [0x00000007aab00000, 0x00000007ad600000, 0x00000007c0000000)
  eden space 16384K, 0% used [0x00000007aab00000,0x00000007aab00000,0x00000007abb00000)
  from space 2560K, 99% used [0x00000007abb00000,0x00000007abd7f3c8,0x00000007abd80000)
  to   space 6656K, 0% used [0x00000007acf80000,0x00000007acf80000,0x00000007ad600000)
 ParOldGen       total 32256K, used 9515K [0x0000000780000000, 0x0000000781f80000, 0x00000007aab00000)
  object space 32256K, 29% used [0x0000000780000000,0x000000078094ae70,0x0000000781f80000)
 Metaspace       used 25042K, capacity 26180K, committed 26240K, reserved 1071104K
  class space    used 3692K, capacity 3927K, committed 3968K, reserved 1048576K
}

