# JRE version: Java(TM) SE Runtime Environment (8.0_40-b27) (build 1.8.0_40-b27)
# Java VM: Java HotSpot(TM) 64-Bit Server VM (25.40-b25 mixed mode bsd-amd64 compressed oops)
Heap:
 PSYoungGen      total 111616K, used 9232K [0x00000007aab00000, 0x00000007b2480000, 0x00000007c0000000)
  eden space 100864K, 5% used [0x00000007aab00000,0x00000007ab080050,0x00000007b0d80000)
  from space 10752K, 33% used [0x00000007b1a00000,0x00000007b1d84010,0x00000007b2480000)
  to   space 11776K, 0% used [0x00000007b0d80000,0x00000007b0d80000,0x00000007b1900000)
 ParOldGen       total 41984K, used 20120K [0x0000000780000000, 0x0000000782900000, 0x00000007aab00000)
  object space 41984K, 47% used [0x0000000780000000,0x00000007813a6040,0x0000000782900000)
 Metaspace       used 35538K, capacity 37108K, committed 37376K, reserved 1081344K
  class space    used 4775K, capacity 5087K, committed 5120K, reserved 1048576K
GC Heap History (10 events):
Event: 88.578 GC heap before
{Heap before GC invocations=8 (full 1):
 PSYoungGen      total 39424K, used 35328K [0x00000007aab00000, 0x00000007ad800000, 0x00000007c0000000)
  eden space 32768K, 100% used [0x00000007aab00000,0x00000007acb00000,0x00000007acb00000)
  from space 6656K, 38% used [0x00000007ad180000,0x00000007ad400010,0x00000007ad800000)
  to   space 6656K, 0% used [0x00000007acb00000,0x00000007acb00000,0x00000007ad180000)
 ParOldGen       total 28672K, used 7726K [0x0000000780000000, 0x0000000781c00000, 0x00000007aab00000)
  object space 28672K, 26% used [0x0000000780000000,0x000000078078b878,0x0000000781c00000)
 Metaspace       used 28036K, capacity 29442K, committed 29696K, reserved 1075200K
  class space    used 4007K, capacity 4272K, committed 4352K, reserved 1048576K
Event: 88.641 GC heap after
Heap after GC invocations=8 (full 1):
 PSYoungGen      total 39424K, used 6624K [0x00000007aab00000, 0x00000007afe00000, 0x00000007c0000000)
  eden space 32768K, 0% used [0x00000007aab00000,0x00000007aab00000,0x00000007acb00000)
  from space 6656K, 99% used [0x00000007acb00000,0x00000007ad178020,0x00000007ad180000)
  to   space 9728K, 0% used [0x00000007af480000,0x00000007af480000,0x00000007afe00000)
 ParOldGen       total 28672K, used 11978K [0x0000000780000000, 0x0000000781c00000, 0x00000007aab00000)
  object space 28672K, 41% used [0x0000000780000000,0x0000000780bb2bc8,0x0000000781c00000)
 Metaspace       used 28036K, capacity 29442K, committed 29696K, reserved 1075200K
  class space    used 4007K, capacity 4272K, committed 4352K, reserved 1048576K
}
Event: 210.399 GC heap before
{Heap before GC invocations=9 (full 1):
 PSYoungGen      total 39424K, used 33085K [0x00000007aab00000, 0x00000007afe00000, 0x00000007c0000000)
  eden space 32768K, 80% used [0x00000007aab00000,0x00000007ac4d76b0,0x00000007acb00000)
  from space 6656K, 99% used [0x00000007acb00000,0x00000007ad178020,0x00000007ad180000)
  to   space 9728K, 0% used [0x00000007af480000,0x00000007af480000,0x00000007afe00000)
 ParOldGen       total 28672K, used 11978K [0x0000000780000000, 0x0000000781c00000, 0x00000007aab00000)
  object space 28672K, 41% used [0x0000000780000000,0x0000000780bb2bc8,0x0000000781c00000)
 Metaspace       used 33810K, capacity 35272K, committed 35416K, reserved 1079296K
  class space    used 4723K, capacity 5031K, committed 5120K, reserved 1048576K
Event: 210.453 GC heap after
Heap after GC invocations=9 (full 1):
 PSYoungGen      total 73216K, used 9712K [0x00000007aab00000, 0x00000007b0200000, 0x00000007c0000000)
  eden space 63488K, 0% used [0x00000007aab00000,0x00000007aab00000,0x00000007ae900000)
  from space 9728K, 99% used [0x00000007af480000,0x00000007afdfc030,0x00000007afe00000)
  to   space 11776K, 0% used [0x00000007ae900000,0x00000007ae900000,0x00000007af480000)
 ParOldGen       total 28672K, used 13630K [0x0000000780000000, 0x0000000781c00000, 0x00000007aab00000)
  object space 28672K, 47% used [0x0000000780000000,0x0000000780d4fbe8,0x0000000781c00000)
 Metaspace       used 33810K, capacity 35272K, committed 35416K, reserved 1079296K
  class space    used 4723K, capacity 5031K, committed 5120K, reserved 1048576K
}
Event: 210.453 GC heap before
{Heap before GC invocations=10 (full 2):
 PSYoungGen      total 73216K, used 9712K [0x00000007aab00000, 0x00000007b0200000, 0x00000007c0000000)
  eden space 63488K, 0% used [0x00000007aab00000,0x00000007aab00000,0x00000007ae900000)
  from space 9728K, 99% used [0x00000007af480000,0x00000007afdfc030,0x00000007afe00000)
  to   space 11776K, 0% used [0x00000007ae900000,0x00000007ae900000,0x00000007af480000)
 ParOldGen       total 28672K, used 13630K [0x0000000780000000, 0x0000000781c00000, 0x00000007aab00000)
  object space 28672K, 47% used [0x0000000780000000,0x0000000780d4fbe8,0x0000000781c00000)
 Metaspace       used 33810K, capacity 35272K, committed 35416K, reserved 1079296K
  class space    used 4723K, capacity 5031K, committed 5120K, reserved 1048576K
Event: 210.727 GC heap after
Heap after GC invocations=10 (full 2):
 PSYoungGen      total 73216K, used 0K [0x00000007aab00000, 0x00000007b0200000, 0x00000007c0000000)
  eden space 63488K, 0% used [0x00000007aab00000,0x00000007aab00000,0x00000007ae900000)
  from space 9728K, 0% used [0x00000007af480000,0x00000007af480000,0x00000007afe00000)
  to   space 11776K, 0% used [0x00000007ae900000,0x00000007ae900000,0x00000007af480000)
 ParOldGen       total 41984K, used 20104K [0x0000000780000000, 0x0000000782900000, 0x00000007aab00000)
  object space 41984K, 47% used [0x0000000780000000,0x00000007813a2040,0x0000000782900000)
 Metaspace       used 33810K, capacity 35272K, committed 35416K, reserved 1079296K
  class space    used 4723K, capacity 5031K, committed 5120K, reserved 1048576K
}
Event: 234.574 GC heap before
{Heap before GC invocations=11 (full 2):
 PSYoungGen      total 73216K, used 63488K [0x00000007aab00000, 0x00000007b0200000, 0x00000007c0000000)
  eden space 63488K, 100% used [0x00000007aab00000,0x00000007ae900000,0x00000007ae900000)
  from space 9728K, 0% used [0x00000007af480000,0x00000007af480000,0x00000007afe00000)
  to   space 11776K, 0% used [0x00000007ae900000,0x00000007ae900000,0x00000007af480000)
 ParOldGen       total 41984K, used 20104K [0x0000000780000000, 0x0000000782900000, 0x00000007aab00000)
  object space 41984K, 47% used [0x0000000780000000,0x00000007813a2040,0x0000000782900000)
 Metaspace       used 34870K, capacity 36392K, committed 36608K, reserved 1081344K
  class space    used 4756K, capacity 5063K, committed 5120K, reserved 1048576K
Event: 234.587 GC heap after
Heap after GC invocations=11 (full 2):
 PSYoungGen      total 75264K, used 1568K [0x00000007aab00000, 0x00000007b2600000, 0x00000007c0000000)
  eden space 63488K, 0% used [0x00000007aab00000,0x00000007aab00000,0x00000007ae900000)
  from space 11776K, 13% used [0x00000007ae900000,0x00000007aea88000,0x00000007af480000)
  to   space 12288K, 0% used [0x00000007b1a00000,0x00000007b1a00000,0x00000007b2600000)
 ParOldGen       total 41984K, used 20112K [0x0000000780000000, 0x0000000782900000, 0x00000007aab00000)
  object space 41984K, 47% used [0x0000000780000000,0x00000007813a4040,0x0000000782900000)
 Metaspace       used 34870K, capacity 36392K, committed 36608K, reserved 1081344K
  class space    used 4756K, capacity 5063K, committed 5120K, reserved 1048576K
}
Event: 2474.620 GC heap before
{Heap before GC invocations=12 (full 2):
 PSYoungGen      total 75264K, used 65056K [0x00000007aab00000, 0x00000007b2600000, 0x00000007c0000000)
  eden space 63488K, 100% used [0x00000007aab00000,0x00000007ae900000,0x00000007ae900000)
  from space 11776K, 13% used [0x00000007ae900000,0x00000007aea88000,0x00000007af480000)
  to   space 12288K, 0% used [0x00000007b1a00000,0x00000007b1a00000,0x00000007b2600000)
 ParOldGen       total 41984K, used 20112K [0x0000000780000000, 0x0000000782900000, 0x00000007aab00000)
  object space 41984K, 47% used [0x0000000780000000,0x00000007813a4040,0x0000000782900000)
 Metaspace       used 35513K, capacity 37076K, committed 37376K, reserved 1081344K
  class space    used 4769K, capacity 5079K, committed 5120K, reserved 1048576K
Event: 2474.648 GC heap after
Heap after GC invocations=12 (full 2):
 PSYoungGen      total 111616K, used 3600K [0x00000007aab00000, 0x00000007b2480000, 0x00000007c0000000)
  eden space 100864K, 0% used [0x00000007aab00000,0x00000007aab00000,0x00000007b0d80000)
  from space 10752K, 33% used [0x00000007b1a00000,0x00000007b1d84010,0x00000007b2480000)
  to   space 11776K, 0% used [0x00000007b0d80000,0x00000007b0d80000,0x00000007b1900000)
 ParOldGen       total 41984K, used 20120K [0x0000000780000000, 0x0000000782900000, 0x00000007aab00000)
  object space 41984K, 47% used [0x0000000780000000,0x00000007813a6040,0x0000000782900000)
 Metaspace       used 35513K, capacity 37076K, committed 37376K, reserved 1081344K
  class space    used 4769K, capacity 5079K, committed 5120K, reserved 1048576K
}

