# JRE version: Java(TM) SE Runtime Environment (8.0_40-b27) (build 1.8.0_40-b27)
# Java VM: Java HotSpot(TM) 64-Bit Server VM (25.40-b25 mixed mode bsd-amd64 compressed oops)
Heap:
 PSYoungGen      total 39936K, used 2765K [0x00000007aab00000, 0x00000007add80000, 0x00000007c0000000)
  eden space 29184K, 5% used [0x00000007aab00000,0x00000007aac93758,0x00000007ac780000)
  from space 10752K, 10% used [0x00000007ad300000,0x00000007ad420000,0x00000007add80000)
  to   space 11264K, 0% used [0x00000007ac780000,0x00000007ac780000,0x00000007ad280000)
 ParOldGen       total 27136K, used 21096K [0x0000000780000000, 0x0000000781a80000, 0x00000007aab00000)
  object space 27136K, 77% used [0x0000000780000000,0x000000078149a210,0x0000000781a80000)
 Metaspace       used 30101K, capacity 31616K, committed 31872K, reserved 1077248K
  class space    used 4178K, capacity 4461K, committed 4480K, reserved 1048576K
GC Heap History (10 events):
Event: 195.487 GC heap before
{Heap before GC invocations=13 (full 1):
 PSYoungGen      total 24576K, used 21568K [0x00000007aab00000, 0x00000007ad680000, 0x00000007c0000000)
  eden space 13312K, 100% used [0x00000007aab00000,0x00000007ab800000,0x00000007ab800000)
  from space 11264K, 73% used [0x00000007ab800000,0x00000007ac010020,0x00000007ac300000)
  to   space 11776K, 0% used [0x00000007acb00000,0x00000007acb00000,0x00000007ad680000)
 ParOldGen       total 27136K, used 9781K [0x0000000780000000, 0x0000000781a80000, 0x00000007aab00000)
  object space 27136K, 36% used [0x0000000780000000,0x000000078098d6b8,0x0000000781a80000)
 Metaspace       used 29480K, capacity 30888K, committed 31104K, reserved 1075200K
  class space    used 4156K, capacity 4449K, committed 4480K, reserved 1048576K
Event: 195.535 GC heap after
Heap after GC invocations=13 (full 1):
 PSYoungGen      total 31744K, used 4000K [0x00000007aab00000, 0x00000007ad600000, 0x00000007c0000000)
  eden space 20480K, 0% used [0x00000007aab00000,0x00000007aab00000,0x00000007abf00000)
  from space 11264K, 35% used [0x00000007acb00000,0x00000007acee8000,0x00000007ad600000)
  to   space 11776K, 0% used [0x00000007abf00000,0x00000007abf00000,0x00000007aca80000)
 ParOldGen       total 27136K, used 14448K [0x0000000780000000, 0x0000000781a80000, 0x00000007aab00000)
  object space 27136K, 53% used [0x0000000780000000,0x0000000780e1c200,0x0000000781a80000)
 Metaspace       used 29480K, capacity 30888K, committed 31104K, reserved 1075200K
  class space    used 4156K, capacity 4449K, committed 4480K, reserved 1048576K
}
Event: 641.534 GC heap before
{Heap before GC invocations=14 (full 1):
 PSYoungGen      total 31744K, used 24480K [0x00000007aab00000, 0x00000007ad600000, 0x00000007c0000000)
  eden space 20480K, 100% used [0x00000007aab00000,0x00000007abf00000,0x00000007abf00000)
  from space 11264K, 35% used [0x00000007acb00000,0x00000007acee8000,0x00000007ad600000)
  to   space 11776K, 0% used [0x00000007abf00000,0x00000007abf00000,0x00000007aca80000)
 ParOldGen       total 27136K, used 14448K [0x0000000780000000, 0x0000000781a80000, 0x00000007aab00000)
  object space 27136K, 53% used [0x0000000780000000,0x0000000780e1c200,0x0000000781a80000)
 Metaspace       used 29649K, capacity 31038K, committed 31104K, reserved 1075200K
  class space    used 4157K, capacity 4450K, committed 4480K, reserved 1048576K
Event: 641.580 GC heap after
Heap after GC invocations=14 (full 1):
 PSYoungGen      total 32256K, used 1984K [0x00000007aab00000, 0x00000007ae000000, 0x00000007c0000000)
  eden space 20480K, 0% used [0x00000007aab00000,0x00000007aab00000,0x00000007abf00000)
  from space 11776K, 16% used [0x00000007abf00000,0x00000007ac0f0000,0x00000007aca80000)
  to   space 11776K, 0% used [0x00000007ad480000,0x00000007ad480000,0x00000007ae000000)
 ParOldGen       total 27136K, used 17680K [0x0000000780000000, 0x0000000781a80000, 0x00000007aab00000)
  object space 27136K, 65% used [0x0000000780000000,0x0000000781144200,0x0000000781a80000)
 Metaspace       used 29649K, capacity 31038K, committed 31104K, reserved 1075200K
  class space    used 4157K, capacity 4450K, committed 4480K, reserved 1048576K
}
Event: 650.455 GC heap before
{Heap before GC invocations=15 (full 1):
 PSYoungGen      total 32256K, used 22464K [0x00000007aab00000, 0x00000007ae000000, 0x00000007c0000000)
  eden space 20480K, 100% used [0x00000007aab00000,0x00000007abf00000,0x00000007abf00000)
  from space 11776K, 16% used [0x00000007abf00000,0x00000007ac0f0000,0x00000007aca80000)
  to   space 11776K, 0% used [0x00000007ad480000,0x00000007ad480000,0x00000007ae000000)
 ParOldGen       total 27136K, used 17680K [0x0000000780000000, 0x0000000781a80000, 0x00000007aab00000)
  object space 27136K, 65% used [0x0000000780000000,0x0000000781144200,0x0000000781a80000)
 Metaspace       used 29794K, capacity 31234K, committed 31360K, reserved 1077248K
  class space    used 4167K, capacity 4450K, committed 4480K, reserved 1048576K
Event: 650.468 GC heap after
Heap after GC invocations=15 (full 1):
 PSYoungGen      total 41472K, used 2112K [0x00000007aab00000, 0x00000007adf80000, 0x00000007c0000000)
  eden space 30208K, 0% used [0x00000007aab00000,0x00000007aab00000,0x00000007ac880000)
  from space 11264K, 18% used [0x00000007ad480000,0x00000007ad690000,0x00000007adf80000)
  to   space 11776K, 0% used [0x00000007ac880000,0x00000007ac880000,0x00000007ad400000)
 ParOldGen       total 27136K, used 17936K [0x0000000780000000, 0x0000000781a80000, 0x00000007aab00000)
  object space 27136K, 66% used [0x0000000780000000,0x0000000781184200,0x0000000781a80000)
 Metaspace       used 29794K, capacity 31234K, committed 31360K, reserved 1077248K
  class space    used 4167K, capacity 4450K, committed 4480K, reserved 1048576K
}
Event: 670.518 GC heap before
{Heap before GC invocations=16 (full 1):
 PSYoungGen      total 41472K, used 32320K [0x00000007aab00000, 0x00000007adf80000, 0x00000007c0000000)
  eden space 30208K, 100% used [0x00000007aab00000,0x00000007ac880000,0x00000007ac880000)
  from space 11264K, 18% used [0x00000007ad480000,0x00000007ad690000,0x00000007adf80000)
  to   space 11776K, 0% used [0x00000007ac880000,0x00000007ac880000,0x00000007ad400000)
 ParOldGen       total 27136K, used 17936K [0x0000000780000000, 0x0000000781a80000, 0x00000007aab00000)
  object space 27136K, 66% used [0x0000000780000000,0x0000000781184200,0x0000000781a80000)
 Metaspace       used 29951K, capacity 31302K, committed 31360K, reserved 1077248K
  class space    used 4170K, capacity 4450K, committed 4480K, reserved 1048576K
Event: 670.544 GC heap after
Heap after GC invocations=16 (full 1):
 PSYoungGen      total 31744K, used 1792K [0x00000007aab00000, 0x00000007ade00000, 0x00000007c0000000)
  eden space 29696K, 0% used [0x00000007aab00000,0x00000007aab00000,0x00000007ac800000)
  from space 2048K, 87% used [0x00000007ac880000,0x00000007aca40000,0x00000007aca80000)
  to   space 11264K, 0% used [0x00000007ad300000,0x00000007ad300000,0x00000007ade00000)
 ParOldGen       total 27136K, used 19520K [0x0000000780000000, 0x0000000781a80000, 0x00000007aab00000)
  object space 27136K, 71% used [0x0000000780000000,0x0000000781310200,0x0000000781a80000)
 Metaspace       used 29951K, capacity 31302K, committed 31360K, reserved 1077248K
  class space    used 4170K, capacity 4450K, committed 4480K, reserved 1048576K
}
Event: 1903.891 GC heap before
{Heap before GC invocations=17 (full 1):
 PSYoungGen      total 31744K, used 31488K [0x00000007aab00000, 0x00000007ade00000, 0x00000007c0000000)
  eden space 29696K, 100% used [0x00000007aab00000,0x00000007ac800000,0x00000007ac800000)
  from space 2048K, 87% used [0x00000007ac880000,0x00000007aca40000,0x00000007aca80000)
  to   space 11264K, 0% used [0x00000007ad300000,0x00000007ad300000,0x00000007ade00000)
 ParOldGen       total 27136K, used 19520K [0x0000000780000000, 0x0000000781a80000, 0x00000007aab00000)
  object space 27136K, 71% used [0x0000000780000000,0x0000000781310200,0x0000000781a80000)
 Metaspace       used 30057K, capacity 31442K, committed 31616K, reserved 1077248K
  class space    used 4171K, capacity 4452K, committed 4480K, reserved 1048576K
Event: 1904.065 GC heap after
Heap after GC invocations=17 (full 1):
 PSYoungGen      total 39936K, used 1152K [0x00000007aab00000, 0x00000007add80000, 0x00000007c0000000)
  eden space 29184K, 0% used [0x00000007aab00000,0x00000007aab00000,0x00000007ac780000)
  from space 10752K, 10% used [0x00000007ad300000,0x00000007ad420000,0x00000007add80000)
  to   space 11264K, 0% used [0x00000007ac780000,0x00000007ac780000,0x00000007ad280000)
 ParOldGen       total 27136K, used 21096K [0x0000000780000000, 0x0000000781a80000, 0x00000007aab00000)
  object space 27136K, 77% used [0x0000000780000000,0x000000078149a210,0x0000000781a80000)
 Metaspace       used 30057K, capacity 31442K, committed 31616K, reserved 1077248K
  class space    used 4171K, capacity 4452K, committed 4480K, reserved 1048576K
}

