# JRE version: Java(TM) SE Runtime Environment (8.0_40-b27) (build 1.8.0_40-b27)
# Java VM: Java HotSpot(TM) 64-Bit Server VM (25.40-b25 mixed mode bsd-amd64 compressed oops)
Heap:
 PSYoungGen      total 73728K, used 43334K [0x00000007aab00000, 0x00000007afd80000, 0x00000007c0000000)
  eden space 64000K, 55% used [0x00000007aab00000,0x00000007acdfda40,0x00000007ae980000)
  from space 9728K, 77% used [0x00000007af380000,0x00000007afad4020,0x00000007afd00000)
  to   space 10240K, 0% used [0x00000007ae980000,0x00000007ae980000,0x00000007af380000)
 ParOldGen       total 30208K, used 13314K [0x0000000780000000, 0x0000000781d80000, 0x00000007aab00000)
  object space 30208K, 44% used [0x0000000780000000,0x0000000780d00898,0x0000000781d80000)
 Metaspace       used 28785K, capacity 30328K, committed 30464K, reserved 1075200K
  class space    used 4032K, capacity 4327K, committed 4352K, reserved 1048576K
GC Heap History (10 events):
Event: 79.957 GC heap before
{Heap before GC invocations=5 (full 0):
 PSYoungGen      total 18944K, used 2844K [0x00000007aab00000, 0x00000007ac000000, 0x00000007c0000000)
  eden space 16384K, 1% used [0x00000007aab00000,0x00000007aab4b148,0x00000007abb00000)
  from space 2560K, 99% used [0x00000007abd80000,0x00000007abffc040,0x00000007ac000000)
  to   space 2560K, 0% used [0x00000007abb00000,0x00000007abb00000,0x00000007abd80000)
 ParOldGen       total 44032K, used 7436K [0x0000000780000000, 0x0000000782b00000, 0x00000007aab00000)
  object space 44032K, 16% used [0x0000000780000000,0x0000000780743200,0x0000000782b00000)
 Metaspace       used 20663K, capacity 21218K, committed 21248K, reserved 1067008K
  class space    used 2862K, capacity 3048K, committed 3072K, reserved 1048576K
Event: 79.967 GC heap after
Heap after GC invocations=5 (full 0):
 PSYoungGen      total 18944K, used 2528K [0x00000007aab00000, 0x00000007ad800000, 0x00000007c0000000)
  eden space 16384K, 0% used [0x00000007aab00000,0x00000007aab00000,0x00000007abb00000)
  from space 2560K, 98% used [0x00000007abb00000,0x00000007abd78050,0x00000007abd80000)
  to   space 6656K, 0% used [0x00000007ad180000,0x00000007ad180000,0x00000007ad800000)
 ParOldGen       total 44032K, used 7488K [0x0000000780000000, 0x0000000782b00000, 0x00000007aab00000)
  object space 44032K, 17% used [0x0000000780000000,0x0000000780750210,0x0000000782b00000)
 Metaspace       used 20663K, capacity 21218K, committed 21248K, reserved 1067008K
  class space    used 2862K, capacity 3048K, committed 3072K, reserved 1048576K
}
Event: 79.967 GC heap before
{Heap before GC invocations=6 (full 1):
 PSYoungGen      total 18944K, used 2528K [0x00000007aab00000, 0x00000007ad800000, 0x00000007c0000000)
  eden space 16384K, 0% used [0x00000007aab00000,0x00000007aab00000,0x00000007abb00000)
  from space 2560K, 98% used [0x00000007abb00000,0x00000007abd78050,0x00000007abd80000)
  to   space 6656K, 0% used [0x00000007ad180000,0x00000007ad180000,0x00000007ad800000)
 ParOldGen       total 44032K, used 7488K [0x0000000780000000, 0x0000000782b00000, 0x00000007aab00000)
  object space 44032K, 17% used [0x0000000780000000,0x0000000780750210,0x0000000782b00000)
 Metaspace       used 20663K, capacity 21218K, committed 21248K, reserved 1067008K
  class space    used 2862K, capacity 3048K, committed 3072K, reserved 1048576K
Event: 80.075 GC heap after
Heap after GC invocations=6 (full 1):
 PSYoungGen      total 18944K, used 0K [0x00000007aab00000, 0x00000007ad800000, 0x00000007c0000000)
  eden space 16384K, 0% used [0x00000007aab00000,0x00000007aab00000,0x00000007abb00000)
  from space 2560K, 0% used [0x00000007abb00000,0x00000007abb00000,0x00000007abd80000)
  to   space 6656K, 0% used [0x00000007ad180000,0x00000007ad180000,0x00000007ad800000)
 ParOldGen       total 30208K, used 9448K [0x0000000780000000, 0x0000000781d80000, 0x00000007aab00000)
  object space 30208K, 31% used [0x0000000780000000,0x000000078093a388,0x0000000781d80000)
 Metaspace       used 20663K, capacity 21218K, committed 21248K, reserved 1067008K
  class space    used 2862K, capacity 3048K, committed 3072K, reserved 1048576K
}
Event: 82.660 GC heap before
{Heap before GC invocations=7 (full 1):
 PSYoungGen      total 18944K, used 16328K [0x00000007aab00000, 0x00000007ad800000, 0x00000007c0000000)
  eden space 16384K, 99% used [0x00000007aab00000,0x00000007abaf21b8,0x00000007abb00000)
  from space 2560K, 0% used [0x00000007abb00000,0x00000007abb00000,0x00000007abd80000)
  to   space 6656K, 0% used [0x00000007ad180000,0x00000007ad180000,0x00000007ad800000)
 ParOldGen       total 30208K, used 9448K [0x0000000780000000, 0x0000000781d80000, 0x00000007aab00000)
  object space 30208K, 31% used [0x0000000780000000,0x000000078093a388,0x0000000781d80000)
 Metaspace       used 25083K, capacity 26184K, committed 26240K, reserved 1071104K
  class space    used 3691K, capacity 3927K, committed 3968K, reserved 1048576K
Event: 82.671 GC heap after
Heap after GC invocations=7 (full 1):
 PSYoungGen      total 39424K, used 2666K [0x00000007aab00000, 0x00000007ad800000, 0x00000007c0000000)
  eden space 32768K, 0% used [0x00000007aab00000,0x00000007aab00000,0x00000007acb00000)
  from space 6656K, 40% used [0x00000007ad180000,0x00000007ad41a948,0x00000007ad800000)
  to   space 6656K, 0% used [0x00000007acb00000,0x00000007acb00000,0x00000007ad180000)
 ParOldGen       total 30208K, used 9448K [0x0000000780000000, 0x0000000781d80000, 0x00000007aab00000)
  object space 30208K, 31% used [0x0000000780000000,0x000000078093a388,0x0000000781d80000)
 Metaspace       used 25083K, capacity 26184K, committed 26240K, reserved 1071104K
  class space    used 3691K, capacity 3927K, committed 3968K, reserved 1048576K
}
Event: 97.709 GC heap before
{Heap before GC invocations=8 (full 1):
 PSYoungGen      total 39424K, used 35434K [0x00000007aab00000, 0x00000007ad800000, 0x00000007c0000000)
  eden space 32768K, 100% used [0x00000007aab00000,0x00000007acb00000,0x00000007acb00000)
  from space 6656K, 40% used [0x00000007ad180000,0x00000007ad41a948,0x00000007ad800000)
  to   space 6656K, 0% used [0x00000007acb00000,0x00000007acb00000,0x00000007ad180000)
 ParOldGen       total 30208K, used 9448K [0x0000000780000000, 0x0000000781d80000, 0x00000007aab00000)
  object space 30208K, 31% used [0x0000000780000000,0x000000078093a388,0x0000000781d80000)
 Metaspace       used 28032K, capacity 29482K, committed 29696K, reserved 1075200K
  class space    used 3998K, capacity 4262K, committed 4352K, reserved 1048576K
Event: 97.752 GC heap after
Heap after GC invocations=8 (full 1):
 PSYoungGen      total 39424K, used 6624K [0x00000007aab00000, 0x00000007afd00000, 0x00000007c0000000)
  eden space 32768K, 0% used [0x00000007aab00000,0x00000007aab00000,0x00000007acb00000)
  from space 6656K, 99% used [0x00000007acb00000,0x00000007ad178010,0x00000007ad180000)
  to   space 9728K, 0% used [0x00000007af380000,0x00000007af380000,0x00000007afd00000)
 ParOldGen       total 30208K, used 13314K [0x0000000780000000, 0x0000000781d80000, 0x00000007aab00000)
  object space 30208K, 44% used [0x0000000780000000,0x0000000780d00898,0x0000000781d80000)
 Metaspace       used 28032K, capacity 29482K, committed 29696K, reserved 1075200K
  class space    used 3998K, capacity 4262K, committed 4352K, reserved 1048576K
}
Event: 721.959 GC heap before
{Heap before GC invocations=9 (full 1):
 PSYoungGen      total 39424K, used 39392K [0x00000007aab00000, 0x00000007afd00000, 0x00000007c0000000)
  eden space 32768K, 100% used [0x00000007aab00000,0x00000007acb00000,0x00000007acb00000)
  from space 6656K, 99% used [0x00000007acb00000,0x00000007ad178010,0x00000007ad180000)
  to   space 9728K, 0% used [0x00000007af380000,0x00000007af380000,0x00000007afd00000)
 ParOldGen       total 30208K, used 13314K [0x0000000780000000, 0x0000000781d80000, 0x00000007aab00000)
  object space 30208K, 44% used [0x0000000780000000,0x0000000780d00898,0x0000000781d80000)
 Metaspace       used 28434K, capacity 29922K, committed 30208K, reserved 1075200K
  class space    used 4012K, capacity 4270K, committed 4352K, reserved 1048576K
Event: 721.990 GC heap after
Heap after GC invocations=9 (full 1):
 PSYoungGen      total 73728K, used 7504K [0x00000007aab00000, 0x00000007afd80000, 0x00000007c0000000)
  eden space 64000K, 0% used [0x00000007aab00000,0x00000007aab00000,0x00000007ae980000)
  from space 9728K, 77% used [0x00000007af380000,0x00000007afad4020,0x00000007afd00000)
  to   space 10240K, 0% used [0x00000007ae980000,0x00000007ae980000,0x00000007af380000)
 ParOldGen       total 30208K, used 13314K [0x0000000780000000, 0x0000000781d80000, 0x00000007aab00000)
  object space 30208K, 44% used [0x0000000780000000,0x0000000780d00898,0x0000000781d80000)
 Metaspace       used 28434K, capacity 29922K, committed 30208K, reserved 1075200K
  class space    used 4012K, capacity 4270K, committed 4352K, reserved 1048576K
}

